c:\fw\edk2\MdePkg\Library\PeiHobLib\HobLib.c
c:\fw\edk2\MdePkg\Include\Library\DebugLib.h
c:\fw\edk2\MdePkg\Include\Guid\MemoryAllocationHob.h
c:\fw\edk2\MdePkg\Include\Library\HobLib.h
c:\fw\edk2\MdePkg\Include\Library\BaseMemoryLib.h
c:\fw\edk2\MdePkg\Include\PiPei.h
c:\fw\edk2\MdePkg\Include\Library\PeiServicesLib.h
c:\fw\edk2\MdePkg\Library\PeiMemoryAllocationLib\MemoryAllocationLib.c
c:\fw\edk2\MdePkg\Include\Library\DebugLib.h
c:\fw\edk2\MdePkg\Include\Library\MemoryAllocationLib.h
c:\fw\edk2\MdePkg\Include\Library\HobLib.h
c:\fw\edk2\MdePkg\Include\Library\BaseMemoryLib.h
c:\fw\edk2\MdePkg\Include\PiPei.h
c:\fw\edk2\MdePkg\Include\Library\PeiServicesLib.h
c:\fw\edk2\MdePkg\Library\PeiServicesTablePointerLibIdt\PeiServicesTablePointer.c
c:\fw\edk2\MdePkg\Include\PiPei.h
c:\fw\edk2\MdePkg\Include\Library\BaseMemoryLib.h
c:\fw\edk2\MdePkg\Include\Library\DebugLib.h
c:\fw\edk2\MdePkg\Include\Library\BaseLib.h
c:\fw\edk2\MdePkg\Include\Library\PeiServicesTablePointerLib.h
c:\fw\edk2\MdePkg\Library\PeiServicesLib\PeiServicesLib.c
c:\fw\edk2\MdePkg\Include\Library\DebugLib.h
c:\fw\edk2\MdePkg\Include\Library\MemoryAllocationLib.h
c:\fw\edk2\MdePkg\Include\Library\PeiServicesTablePointerLib.h
c:\fw\edk2\MdePkg\Include\Ppi\FirmwareVolumeInfo.h
c:\fw\edk2\MdePkg\Include\Library\BaseMemoryLib.h
c:\fw\edk2\MdePkg\Include\Guid\FirmwareFileSystem2.h
c:\fw\edk2\MdePkg\Include\Ppi\FirmwareVolumeInfo2.h
c:\fw\edk2\MdePkg\Include\PiPei.h
c:\fw\edk2\MdePkg\Include\Library\PeiServicesLib.h
c:\fw\edk2\MdeModulePkg\Library\OemHookStatusCodeLibNull\OemHookStatusCodeLibNull.c
c:\fw\edk2\MdeModulePkg\Library\PeiReportStatusCodeLib\ReportStatusCodeLib.c
c:\fw\edk2\MdePkg\Include\Library\ReportStatusCodeLib.h
c:\fw\edk2\MdePkg\Include\Guid\StatusCodeDataTypeId.h
c:\fw\edk2\MdeModulePkg\Include\Guid\StatusCodeDataTypeDebug.h
c:\fw\edk2\MdePkg\Include\Library\BaseLib.h
c:\fw\edk2\MdePkg\Include\Library\PeiServicesTablePointerLib.h
c:\fw\edk2\MdePkg\Include\Library\BaseMemoryLib.h
c:\fw\edk2\MdeModulePkg\Include\Library\OemHookStatusCodeLib.h
c:\fw\edk2\MdePkg\Include\Library\PcdLib.h
c:\fw\edk2\MdePkg\Include\Library\DebugLib.h
c:\fw\edk2\MdePkg\Library\PeiCoreEntryPoint\PeiCoreEntryPoint.c
c:\fw\edk2\MdePkg\Include\PiPei.h
c:\fw\edk2\MdePkg\Include\Library\DebugLib.h
c:\fw\edk2\MdePkg\Include\Library\BaseLib.h
c:\fw\edk2\MdePkg\Include\Library\PeiCoreEntryPoint.h
c:\fw\edk2\MdePkg\Library\PeimEntryPoint\PeimEntryPoint.c
c:\fw\edk2\MdePkg\Include\PiPei.h
c:\fw\edk2\MdePkg\Include\Library\PeimEntryPoint.h
c:\fw\edk2\MdePkg\Include\Library\DebugLib.h
c:\fw\edk2\MdePkg\Library\PeiPcdLib\PeiPcdLib.c
c:\fw\edk2\MdePkg\Include\Library\DebugLib.h
c:\fw\edk2\MdePkg\Include\Ppi\PiPcdInfo.h
c:\fw\edk2\MdePkg\Include\Library\PcdLib.h
c:\fw\edk2\MdePkg\Include\Ppi\Pcd.h
c:\fw\edk2\MdePkg\Include\PiPei.h
c:\fw\edk2\MdePkg\Include\Library\PeiServicesLib.h
c:\fw\edk2\MdePkg\Include\Ppi\PcdInfo.h
c:\fw\edk2\MdePkg\Include\Library\BaseMemoryLib.h
c:\fw\edk2\MdePkg\Include\Ppi\PiPcd.h
c:\fw\edk2\MdePkg\Library\PeiExtractGuidedSectionLib\PeiExtractGuidedSectionLib.c
c:\fw\edk2\MdePkg\Include\Library\DebugLib.h
c:\fw\edk2\MdePkg\Include\Library\HobLib.h
c:\fw\edk2\MdePkg\Include\Library\BaseMemoryLib.h
c:\fw\edk2\MdePkg\Include\Library\ExtractGuidedSectionLib.h
c:\fw\edk2\MdePkg\Include\PiPei.h
c:\fw\edk2\MdePkg\Include\Library\PcdLib.h
c:\fw\edk2\MdePkg\Library\PeiResourcePublicationLib\PeiResourcePublicationLib.c
c:\fw\edk2\MdePkg\Include\PiPei.h
c:\fw\edk2\MdePkg\Include\Library\ResourcePublicationLib.h
c:\fw\edk2\MdePkg\Include\Library\PeiServicesLib.h
c:\fw\edk2\MdePkg\Include\Library\DebugLib.h
c:\fw\edk2\OvmfPkg\Library\QemuFwCfgS3Lib\QemuFwCfgS3BasePei.c
c:\fw\edk2\OvmfPkg\Library\QemuFwCfgS3Lib\QemuFwCfgS3Pei.c
c:\fw\edk2\OvmfPkg\Library\QemuFwCfgS3Lib\QemuFwCfgS3PeiDxe.c
c:\fw\edk2\OvmfPkg\Include\Library\QemuFwCfgS3Lib.h
c:\fw\edk2\OvmfPkg\Include\Library\QemuFwCfgLib.h
c:\fw\edk2\MdePkg\Include\Library\DebugLib.h
c:\fw\edk2\UefiCpuPkg\Library\CpuExceptionHandlerLib\X64\ArchExceptionHandler.c
c:\fw\edk2\UefiCpuPkg\Library\CpuExceptionHandlerLib\CpuExceptionCommon.c
c:\fw\edk2\UefiCpuPkg\Library\CpuExceptionHandlerLib\PeiCpuException.c
c:\fw\edk2\UefiCpuPkg\Library\CpuExceptionHandlerLib\PeiDxeSmmCpuException.c
c:\fw\edk2\MdePkg\Include\PiPei.h
c:\fw\edk2\MdePkg\Include\Library\HobLib.h
c:\fw\edk2\MdePkg\Include\Library\DebugLib.h
c:\fw\edk2\MdePkg\Include\Library\MemoryAllocationLib.h
c:\fw\edk2\UefiCpuPkg\Library\CpuExceptionHandlerLib\CpuExceptionCommon.h
c:\fw\edk2\UefiCpuPkg\Library\MpInitLib\PeiMpLib.c
c:\fw\edk2\UefiCpuPkg\Library\MpInitLib\MpLib.c
c:\fw\edk2\UefiCpuPkg\Library\MpInitLib\Microcode.c
c:\fw\edk2\UefiCpuPkg\Library\MpInitLib\MpLib.h
c:\fw\edk2\MdePkg\Library\DxePcdLib\DxePcdLib.c
c:\fw\edk2\MdePkg\Include\Library\DebugLib.h
c:\fw\edk2\MdePkg\Include\Protocol\PiPcd.h
c:\fw\edk2\MdePkg\Include\Protocol\PiPcdInfo.h
c:\fw\edk2\MdePkg\Include\Library\PcdLib.h
c:\fw\edk2\MdePkg\Include\Protocol\Pcd.h
c:\fw\edk2\MdePkg\Include\PiDxe.h
c:\fw\edk2\MdePkg\Include\Protocol\PcdInfo.h
c:\fw\edk2\MdePkg\Include\Library\BaseMemoryLib.h
c:\fw\edk2\MdePkg\Include\Library\UefiBootServicesTableLib.h
c:\fw\edk2\MdePkg\Library\UefiBootServicesTableLib\UefiBootServicesTableLib.c
c:\fw\edk2\MdePkg\Include\Library\DebugLib.h
c:\fw\edk2\MdePkg\Include\Uefi.h
c:\fw\edk2\MdePkg\Include\Library\UefiBootServicesTableLib.h
c:\fw\edk2\MdeModulePkg\Library\DxeCoreMemoryAllocationLib\MemoryAllocationLib.c
c:\fw\edk2\MdeModulePkg\Library\DxeCoreMemoryAllocationLib\DxeCoreMemoryProfileLibNull.c
c:\fw\edk2\MdeModulePkg\Library\DxeCoreMemoryAllocationLib\DxeCoreMemoryAllocationServices.h
c:\fw\edk2\MdePkg\Include\Library\DebugLib.h
c:\fw\edk2\MdePkg\Include\Library\MemoryAllocationLib.h
c:\fw\edk2\MdePkg\Include\Library\BaseMemoryLib.h
c:\fw\edk2\MdePkg\Include\PiDxe.h
c:\fw\edk2\MdeModulePkg\Include\Library\MemoryProfileLib.h
c:\fw\edk2\MdeModulePkg\Include\Guid\MemoryProfile.h
c:\fw\edk2\MdePkg\Library\UefiRuntimeServicesTableLib\UefiRuntimeServicesTableLib.c
c:\fw\edk2\MdePkg\Include\Library\DebugLib.h
c:\fw\edk2\MdePkg\Include\Uefi.h
c:\fw\edk2\MdePkg\Library\UefiDevicePathLib\DevicePathUtilities.c
c:\fw\edk2\MdePkg\Library\UefiDevicePathLib\DevicePathToText.c
c:\fw\edk2\MdePkg\Library\UefiDevicePathLib\DevicePathFromText.c
c:\fw\edk2\MdePkg\Library\UefiDevicePathLib\UefiDevicePathLib.c
c:\fw\edk2\MdePkg\Library\UefiDevicePathLib\UefiDevicePathLib.h
c:\fw\edk2\MdePkg\Library\DxeCoreEntryPoint\DxeCoreEntryPoint.c
c:\fw\edk2\MdePkg\Include\PiDxe.h
c:\fw\edk2\MdePkg\Include\Library\DxeCoreEntryPoint.h
c:\fw\edk2\MdePkg\Include\Library\BaseLib.h
c:\fw\edk2\MdePkg\Include\Library\DebugLib.h
c:\fw\edk2\MdePkg\Library\UefiLib\UefiLibPrint.c
c:\fw\edk2\MdePkg\Library\UefiLib\UefiNotTiano.c
c:\fw\edk2\MdePkg\Library\UefiLib\UefiDriverModel.c
c:\fw\edk2\MdePkg\Library\UefiLib\Console.c
c:\fw\edk2\MdePkg\Library\UefiLib\UefiLib.c
c:\fw\edk2\MdePkg\Library\UefiLib\UefiLibInternal.h
c:\fw\edk2\MdePkg\Library\DxeCoreHobLib\HobLib.c
c:\fw\edk2\MdePkg\Include\PiDxe.h
c:\fw\edk2\MdePkg\Include\Library\BaseMemoryLib.h
c:\fw\edk2\MdePkg\Include\Library\DxeCoreEntryPoint.h
c:\fw\edk2\MdePkg\Include\Library\HobLib.h
c:\fw\edk2\MdePkg\Include\Library\DebugLib.h
c:\fw\edk2\MdePkg\Library\DxeExtractGuidedSectionLib\DxeExtractGuidedSectionLib.c
c:\fw\edk2\MdePkg\Include\Library\DebugLib.h
c:\fw\edk2\MdePkg\Include\Library\MemoryAllocationLib.h
c:\fw\edk2\MdePkg\Include\Library\BaseMemoryLib.h
c:\fw\edk2\MdePkg\Include\Library\ExtractGuidedSectionLib.h
c:\fw\edk2\MdePkg\Include\PiDxe.h
c:\fw\edk2\MdePkg\Include\Library\UefiBootServicesTableLib.h
c:\fw\edk2\MdeModulePkg\Library\DxeReportStatusCodeLib\ReportStatusCodeLib.c
c:\fw\edk2\MdeModulePkg\Include\Guid\StatusCodeDataTypeDebug.h
c:\fw\edk2\MdePkg\Include\Library\ReportStatusCodeLib.h
c:\fw\edk2\MdePkg\Include\Guid\StatusCodeDataTypeId.h
c:\fw\edk2\MdePkg\Include\Library\DebugLib.h
c:\fw\edk2\MdePkg\Include\Library\BaseLib.h
c:\fw\edk2\MdePkg\Include\Protocol\StatusCode.h
c:\fw\edk2\MdePkg\Include\Library\PcdLib.h
c:\fw\edk2\MdePkg\Include\Library\DevicePathLib.h
c:\fw\edk2\MdePkg\Include\Library\BaseMemoryLib.h
c:\fw\edk2\MdePkg\Include\Library\UefiBootServicesTableLib.h
c:\fw\edk2\MdePkg\Library\DxeServicesLib\DxeServicesLib.c
c:\fw\edk2\MdePkg\Library\DxeServicesLib\X64\Allocate.c
c:\fw\edk2\MdePkg\Include\Protocol\LoadedImage.h
c:\fw\edk2\MdePkg\Include\Protocol\LoadFile2.h
c:\fw\edk2\MdePkg\Include\Library\DxeServicesLib.h
c:\fw\edk2\MdePkg\Include\Library\DebugLib.h
c:\fw\edk2\MdePkg\Include\Library\MemoryAllocationLib.h
c:\fw\edk2\MdePkg\Include\Protocol\FirmwareVolume2.h
c:\fw\edk2\MdePkg\Include\Protocol\SimpleFileSystem.h
c:\fw\edk2\MdePkg\Include\Library\HobLib.h
c:\fw\edk2\MdePkg\Include\Library\DevicePathLib.h
c:\fw\edk2\MdePkg\Include\Guid\FileInfo.h
c:\fw\edk2\MdePkg\Include\PiDxe.h
c:\fw\edk2\MdePkg\Include\Library\UefiLib.h
c:\fw\edk2\MdePkg\Include\Protocol\LoadFile.h
c:\fw\edk2\MdePkg\Include\Library\UefiBootServicesTableLib.h
c:\fw\edk2\UefiCpuPkg\Library\CpuExceptionHandlerLib\X64\ArchExceptionHandler.c
c:\fw\edk2\UefiCpuPkg\Library\CpuExceptionHandlerLib\CpuExceptionCommon.c
c:\fw\edk2\UefiCpuPkg\Library\CpuExceptionHandlerLib\PeiDxeSmmCpuException.c
c:\fw\edk2\UefiCpuPkg\Library\CpuExceptionHandlerLib\DxeException.c
c:\fw\edk2\MdePkg\Include\PiDxe.h
c:\fw\edk2\MdePkg\Include\Library\UefiBootServicesTableLib.h
c:\fw\edk2\MdePkg\Include\Library\DebugLib.h
c:\fw\edk2\MdePkg\Include\Library\MemoryAllocationLib.h
c:\fw\edk2\UefiCpuPkg\Library\CpuExceptionHandlerLib\CpuExceptionCommon.h
c:\fw\edk2\MdePkg\Library\UefiMemoryAllocationLib\MemoryAllocationLib.c
c:\fw\edk2\MdePkg\Include\Library\BaseMemoryLib.h
c:\fw\edk2\MdePkg\Include\Library\DebugLib.h
c:\fw\edk2\MdePkg\Include\Library\MemoryAllocationLib.h
c:\fw\edk2\MdePkg\Include\Uefi.h
c:\fw\edk2\MdePkg\Include\Library\UefiBootServicesTableLib.h
c:\fw\edk2\MdePkg\Library\UefiDevicePathLibDevicePathProtocol\UefiDevicePathLib.c
c:\fw\edk2\MdePkg\Include\Library\PcdLib.h
c:\fw\edk2\MdePkg\Include\Protocol\DevicePathUtilities.h
c:\fw\edk2\MdePkg\Include\Library\DebugLib.h
c:\fw\edk2\MdePkg\Include\Uefi.h
c:\fw\edk2\MdePkg\Include\Library\BaseMemoryLib.h
c:\fw\edk2\MdePkg\Include\Library\DevicePathLib.h
c:\fw\edk2\MdePkg\Include\Protocol\DevicePathToText.h
c:\fw\edk2\MdePkg\Include\Protocol\DevicePathFromText.h
c:\fw\edk2\MdePkg\Include\Library\MemoryAllocationLib.h
c:\fw\edk2\MdePkg\Include\Library\BaseLib.h
c:\fw\edk2\MdePkg\Include\Library\UefiBootServicesTableLib.h
c:\fw\edk2\MdePkg\Library\UefiRuntimeLib\RuntimeLib.c
c:\fw\edk2\MdePkg\Include\Library\DebugLib.h
c:\fw\edk2\MdePkg\Include\Uefi.h
c:\fw\edk2\MdePkg\Include\Library\UefiRuntimeLib.h
c:\fw\edk2\MdePkg\Include\Guid\EventGroup.h
c:\fw\edk2\MdePkg\Include\Library\UefiRuntimeServicesTableLib.h
c:\fw\edk2\MdePkg\Include\Library\UefiBootServicesTableLib.h
c:\fw\edk2\MdePkg\Library\UefiDriverEntryPoint\DriverEntryPoint.c
c:\fw\edk2\MdePkg\Include\Protocol\LoadedImage.h
c:\fw\edk2\MdePkg\Include\Uefi.h
c:\fw\edk2\MdePkg\Include\Library\BaseLib.h
c:\fw\edk2\MdePkg\Include\Library\DebugLib.h
c:\fw\edk2\MdePkg\Include\Library\UefiDriverEntryPoint.h
c:\fw\edk2\MdePkg\Include\Library\UefiBootServicesTableLib.h
c:\fw\edk2\MdePkg\Library\DxeHobLib\HobLib.c
c:\fw\edk2\MdePkg\Include\Library\DebugLib.h
c:\fw\edk2\MdePkg\Include\Library\HobLib.h
c:\fw\edk2\MdePkg\Include\Library\BaseMemoryLib.h
c:\fw\edk2\MdePkg\Include\Guid\HobList.h
c:\fw\edk2\MdePkg\Include\PiDxe.h
c:\fw\edk2\MdePkg\Include\Library\UefiLib.h
c:\fw\edk2\MdeModulePkg\Library\RuntimeDxeReportStatusCodeLib\ReportStatusCodeLib.c
c:\fw\edk2\MdeModulePkg\Include\Guid\StatusCodeDataTypeDebug.h
c:\fw\edk2\MdePkg\Include\Library\ReportStatusCodeLib.h
c:\fw\edk2\MdePkg\Include\Guid\StatusCodeDataTypeId.h
c:\fw\edk2\MdePkg\Include\Library\DebugLib.h
c:\fw\edk2\MdePkg\Include\Library\BaseLib.h
c:\fw\edk2\MdePkg\Include\Protocol\StatusCode.h
c:\fw\edk2\MdePkg\Include\Library\UefiRuntimeLib.h
c:\fw\edk2\MdePkg\Include\Guid\EventGroup.h
c:\fw\edk2\MdePkg\Include\Library\PcdLib.h
c:\fw\edk2\MdePkg\Include\Library\DevicePathLib.h
c:\fw\edk2\MdePkg\Include\Library\BaseMemoryLib.h
c:\fw\edk2\MdePkg\Include\Library\UefiBootServicesTableLib.h
c:\fw\edk2\MdeModulePkg\Library\DxeSecurityManagementLib\DxeSecurityManagementLib.c
c:\fw\edk2\MdePkg\Include\Library\DxeServicesLib.h
c:\fw\edk2\MdePkg\Include\Library\DebugLib.h
c:\fw\edk2\MdePkg\Include\Library\MemoryAllocationLib.h
c:\fw\edk2\MdePkg\Include\Library\DevicePathLib.h
c:\fw\edk2\MdeModulePkg\Include\Library\SecurityManagementLib.h
c:\fw\edk2\MdePkg\Include\PiDxe.h
c:\fw\edk2\MdePkg\Include\Protocol\LoadFile.h
c:\fw\edk2\MdePkg\Include\Library\UefiBootServicesTableLib.h
c:\fw\edk2\MdePkg\Library\DxeServicesTableLib\DxeServicesTableLib.c
c:\fw\edk2\MdePkg\Include\Library\UefiLib.h
c:\fw\edk2\MdePkg\Include\PiDxe.h
c:\fw\edk2\MdePkg\Include\Guid\DxeServices.h
c:\fw\edk2\MdePkg\Include\Library\DxeServicesTableLib.h
c:\fw\edk2\MdePkg\Include\Library\DebugLib.h
c:\fw\edk2\UefiCpuPkg\Library\MpInitLib\DxeMpLib.c
c:\fw\edk2\UefiCpuPkg\Library\MpInitLib\MpLib.c
c:\fw\edk2\UefiCpuPkg\Library\MpInitLib\Microcode.c
c:\fw\edk2\MdePkg\Include\Protocol\Timer.h
c:\fw\edk2\UefiCpuPkg\Library\MpInitLib\MpLib.h
c:\fw\edk2\MdeModulePkg\Include\Library\DebugAgentLib.h
c:\fw\edk2\MdePkg\Include\Library\DxeServicesTableLib.h
c:\fw\edk2\MdePkg\Include\Library\UefiLib.h
c:\fw\edk2\MdePkg\Include\Library\UefiBootServicesTableLib.h
c:\fw\edk2\OvmfPkg\Library\PciHostBridgeLib\PciHostBridgeLib.c
c:\fw\edk2\OvmfPkg\Library\PciHostBridgeLib\XenSupport.c
c:\fw\edk2\MdePkg\Include\Library\PciLib.h
c:\fw\edk2\MdePkg\Include\Library\DebugLib.h
c:\fw\edk2\MdePkg\Include\Library\MemoryAllocationLib.h
c:\fw\edk2\OvmfPkg\Library\PciHostBridgeLib\PciHostBridge.h
c:\fw\edk2\MdePkg\Include\Protocol\PciRootBridgeIo.h
c:\fw\edk2\MdePkg\Include\Library\BaseMemoryLib.h
c:\fw\edk2\MdePkg\Include\Library\DevicePathLib.h
c:\fw\edk2\OvmfPkg\Include\IndustryStandard\Q35MchIch9.h
c:\fw\edk2\MdePkg\Include\Protocol\PciHostBridgeResourceAllocation.h
c:\fw\edk2\MdeModulePkg\Include\Library\PciHostBridgeLib.h
c:\fw\edk2\MdePkg\Include\PiDxe.h
c:\fw\edk2\MdePkg\Include\IndustryStandard\Pci.h
c:\fw\edk2\OvmfPkg\Include\Library\QemuFwCfgLib.h
c:\fw\edk2\MdeModulePkg\Library\UefiHiiServicesLib\UefiHiiServicesLib.c
c:\fw\edk2\MdePkg\Include\Protocol\HiiFont.h
c:\fw\edk2\MdePkg\Include\Library\DebugLib.h
c:\fw\edk2\MdePkg\Include\Uefi.h
c:\fw\edk2\MdePkg\Include\Protocol\HiiConfigRouting.h
c:\fw\edk2\MdePkg\Include\Protocol\HiiImage.h
c:\fw\edk2\MdePkg\Include\Protocol\HiiDatabase.h
c:\fw\edk2\MdePkg\Include\Protocol\HiiString.h
c:\fw\edk2\MdePkg\Include\Library\UefiBootServicesTableLib.h
c:\fw\edk2\MdeModulePkg\Include\Library\UefiHiiServicesLib.h
c:\fw\edk2\MdeModulePkg\Library\UefiSortLib\UefiSortLib.c
c:\fw\edk2\MdePkg\Include\Protocol\UnicodeCollation.h
c:\fw\edk2\MdePkg\Include\Uefi.h
c:\fw\edk2\MdePkg\Include\Library\BaseLib.h
c:\fw\edk2\MdeModulePkg\Include\Library\SortLib.h
c:\fw\edk2\MdePkg\Include\Library\BaseMemoryLib.h
c:\fw\edk2\MdePkg\Include\Library\DevicePathLib.h
c:\fw\edk2\MdePkg\Include\Library\DebugLib.h
c:\fw\edk2\MdePkg\Include\Library\MemoryAllocationLib.h
c:\fw\edk2\MdePkg\Include\Protocol\DevicePath.h
c:\fw\edk2\MdePkg\Include\Library\UefiBootServicesTableLib.h
c:\fw\edk2\MdeModulePkg\Library\UefiHiiLib\HiiLib.c
c:\fw\edk2\MdeModulePkg\Library\UefiHiiLib\HiiString.c
c:\fw\edk2\MdeModulePkg\Library\UefiHiiLib\HiiLanguage.c
c:\fw\edk2\MdeModulePkg\Library\UefiHiiLib\InternalHiiLib.h
c:\fw\edk2\MdeModulePkg\Library\UefiBootManagerLib\BmConnect.c
c:\fw\edk2\MdeModulePkg\Library\UefiBootManagerLib\BmMisc.c
c:\fw\edk2\MdeModulePkg\Library\UefiBootManagerLib\BmConsole.c
c:\fw\edk2\MdeModulePkg\Library\UefiBootManagerLib\BmBoot.c
c:\fw\edk2\MdeModulePkg\Library\UefiBootManagerLib\BmBootDescription.c
c:\fw\edk2\MdeModulePkg\Library\UefiBootManagerLib\BmLoadOption.c
c:\fw\edk2\MdeModulePkg\Library\UefiBootManagerLib\BmHotkey.c
c:\fw\edk2\MdeModulePkg\Library\UefiBootManagerLib\BmDriverHealth.c
c:\fw\edk2\MdeModulePkg\Library\UefiBootManagerLib\InternalBm.h
c:\fw\edk2\OvmfPkg\Library\SerializeVariablesLib\SerializeVariablesLib.c
c:\fw\edk2\OvmfPkg\Library\SerializeVariablesLib\SerializeVariablesLib.h
c:\fw\edk2\MdePkg\Library\UefiFileHandleLib\UefiFileHandleLib.c
c:\fw\edk2\MdePkg\Include\Library\PcdLib.h
c:\fw\edk2\MdePkg\Include\Protocol\UnicodeCollation.h
c:\fw\edk2\MdePkg\Include\Library\DebugLib.h
c:\fw\edk2\MdePkg\Include\Library\MemoryAllocationLib.h
c:\fw\edk2\MdePkg\Include\Protocol\SimpleFileSystem.h
c:\fw\edk2\MdePkg\Include\Library\FileHandleLib.h
c:\fw\edk2\MdePkg\Include\Uefi.h
c:\fw\edk2\MdePkg\Include\Library\BaseMemoryLib.h
c:\fw\edk2\MdePkg\Include\Guid\FileInfo.h
c:\fw\edk2\MdePkg\Include\Library\BaseLib.h
c:\fw\edk2\MdePkg\Include\Library\PrintLib.h
c:\fw\edk2\OvmfPkg\Library\Tcg2PhysicalPresenceLibNull\DxeTcg2PhysicalPresenceLib.c
c:\fw\edk2\SecurityPkg\Include\Library\Tcg2PhysicalPresenceLib.h
c:\fw\edk2\OvmfPkg\Library\QemuBootOrderLib\ExtraRootBusMap.c
c:\fw\edk2\OvmfPkg\Library\QemuBootOrderLib\QemuBootOrderLib.c
c:\fw\edk2\MdeModulePkg\Include\Library\UefiBootManagerLib.h
c:\fw\edk2\MdePkg\Include\Library\UefiRuntimeServicesTableLib.h
c:\fw\edk2\MdePkg\Include\Library\DebugLib.h
c:\fw\edk2\MdePkg\Include\Library\MemoryAllocationLib.h
c:\fw\edk2\OvmfPkg\Library\QemuBootOrderLib\ExtraRootBusMap.h
c:\fw\edk2\OvmfPkg\Include\Library\QemuBootOrderLib.h
c:\fw\edk2\MdePkg\Include\Protocol\PciRootBridgeIo.h
c:\fw\edk2\MdePkg\Include\Library\OrderedCollectionLib.h
c:\fw\edk2\MdePkg\Include\Library\DevicePathLib.h
c:\fw\edk2\MdePkg\Include\Guid\GlobalVariable.h
c:\fw\edk2\OvmfPkg\Include\Guid\VirtioMmioTransport.h
c:\fw\edk2\MdePkg\Include\Library\BaseMemoryLib.h
c:\fw\edk2\MdePkg\Include\Library\BaseLib.h
c:\fw\edk2\OvmfPkg\Include\Library\QemuFwCfgLib.h
c:\fw\edk2\MdePkg\Include\Library\PrintLib.h
c:\fw\edk2\MdePkg\Include\Protocol\DevicePath.h
c:\fw\edk2\MdePkg\Include\Library\UefiBootServicesTableLib.h
c:\fw\edk2\OvmfPkg\Library\QemuFwCfgS3Lib\QemuFwCfgS3Dxe.c
c:\fw\edk2\OvmfPkg\Library\QemuFwCfgS3Lib\QemuFwCfgS3PeiDxe.c
c:\fw\edk2\OvmfPkg\Include\Library\QemuFwCfgS3Lib.h
c:\fw\edk2\MdePkg\Include\Library\DebugLib.h
c:\fw\edk2\MdePkg\Include\Library\MemoryAllocationLib.h
c:\fw\edk2\MdePkg\Include\Protocol\S3SaveState.h
c:\fw\edk2\MdePkg\Include\Library\BaseLib.h
c:\fw\edk2\OvmfPkg\Include\Library\QemuFwCfgLib.h
c:\fw\edk2\MdePkg\Include\Library\UefiBootServicesTableLib.h
c:\fw\edk2\OvmfPkg\Library\NvVarsFileLib\FsAccess.c
c:\fw\edk2\OvmfPkg\Library\NvVarsFileLib\NvVarsFileLib.c
c:\fw\edk2\OvmfPkg\Library\NvVarsFileLib\NvVarsFileLib.h
c:\fw\edk2\OvmfPkg\Include\Library\NvVarsFileLib.h
c:\fw\edk2\MdePkg\Include\Library\DebugLib.h
c:\fw\edk2\MdePkg\Include\Library\MemoryAllocationLib.h
c:\fw\edk2\MdePkg\Include\Library\BaseMemoryLib.h
c:\fw\edk2\MdeModulePkg\Library\BootLogoLib\BootLogoLib.c
c:\fw\edk2\MdePkg\Include\Library\PcdLib.h
c:\fw\edk2\MdePkg\Include\Library\DebugLib.h
c:\fw\edk2\MdePkg\Include\Library\BaseLib.h
c:\fw\edk2\MdePkg\Include\Uefi.h
c:\fw\edk2\MdePkg\Include\Protocol\UgaDraw.h
c:\fw\edk2\MdeModulePkg\Include\Protocol\PlatformLogo.h
c:\fw\edk2\MdePkg\Include\Protocol\SimpleTextOut.h
c:\fw\edk2\MdeModulePkg\Include\Protocol\BootLogo2.h
c:\fw\edk2\MdeModulePkg\Include\Protocol\BootLogo.h
c:\fw\edk2\MdePkg\Include\Protocol\GraphicsOutput.h
c:\fw\edk2\MdePkg\Include\Library\MemoryAllocationLib.h
c:\fw\edk2\MdePkg\Include\Library\BaseMemoryLib.h
c:\fw\edk2\MdePkg\Include\Library\UefiLib.h
c:\fw\edk2\MdePkg\Include\Library\UefiBootServicesTableLib.h
c:\fw\edk2\OvmfPkg\Library\PlatformBootManagerLib\BdsPlatform.c
c:\fw\edk2\OvmfPkg\Library\PlatformBootManagerLib\PlatformData.c
c:\fw\edk2\OvmfPkg\Library\PlatformBootManagerLib\QemuKernel.c
c:\fw\edk2\MdePkg\Include\Library\ReportStatusCodeLib.h
c:\fw\edk2\MdePkg\Include\Library\BaseLib.h
c:\fw\edk2\MdePkg\Include\Uefi.h
c:\fw\edk2\MdePkg\Include\Protocol\FirmwareVolume2.h
c:\fw\edk2\OvmfPkg\Include\Library\LoadLinuxLib.h
c:\fw\edk2\SecurityPkg\Include\Library\Tcg2PhysicalPresenceLib.h
c:\fw\edk2\OvmfPkg\Include\Guid\XenInfo.h
c:\fw\edk2\OvmfPkg\Include\Guid\QemuRamfb.h
c:\fw\edk2\OvmfPkg\Library\PlatformBootManagerLib\BdsPlatform.h
c:\fw\edk2\MdePkg\Include\Library\UefiLib.h
c:\fw\edk2\OvmfPkg\Include\Guid\RootBridgesConnectedEventGroup.h
c:\fw\edk2\MdePkg\Include\Library\MemoryAllocationLib.h
c:\fw\edk2\MdePkg\Include\Library\UefiBootServicesTableLib.h
c:\fw\edk2\OvmfPkg\Include\Library\QemuFwCfgLib.h
c:\fw\edk2\MdePkg\Include\Library\DebugLib.h
c:\fw\edk2\MdeModulePkg\Library\FileExplorerLib\FileExplorer.c
c:\fw\edk2\MdeModulePkg\Library\FileExplorerLib\FileExplorer.h
c:\fw\edk2\MdePkg\Library\UefiApplicationEntryPoint\ApplicationEntryPoint.c
c:\fw\edk2\MdePkg\Include\Library\UefiBootServicesTableLib.h
c:\fw\edk2\MdePkg\Include\Library\UefiApplicationEntryPoint.h
c:\fw\edk2\MdePkg\Include\Library\BaseLib.h
c:\fw\edk2\MdePkg\Include\Uefi.h
c:\fw\edk2\MdePkg\Include\Library\DebugLib.h
c:\fw\edk2\MdeModulePkg\Library\DeviceManagerUiLib\DeviceManager.c
c:\fw\edk2\MdeModulePkg\Library\DeviceManagerUiLib\DeviceManager.h
c:\fw\edk2\MdeModulePkg\Library\BootManagerUiLib\BootManager.c
c:\fw\edk2\MdeModulePkg\Library\BootManagerUiLib\BootManager.h
c:\fw\edk2\MdeModulePkg\Library\BootMaintenanceManagerUiLib\BootMaintenance.c
c:\fw\edk2\MdeModulePkg\Library\BootMaintenanceManagerUiLib\BootOption.c
c:\fw\edk2\MdeModulePkg\Library\BootMaintenanceManagerUiLib\ConsoleOption.c
c:\fw\edk2\MdeModulePkg\Library\BootMaintenanceManagerUiLib\Data.c
c:\fw\edk2\MdeModulePkg\Library\BootMaintenanceManagerUiLib\Variable.c
c:\fw\edk2\MdeModulePkg\Library\BootMaintenanceManagerUiLib\UpdatePage.c
c:\fw\edk2\MdeModulePkg\Library\BootMaintenanceManagerUiLib\BmLib.c
c:\fw\edk2\MdeModulePkg\Library\BootMaintenanceManagerUiLib\BootMaintenanceManagerCustomizedUi.c
c:\fw\edk2\MdeModulePkg\Library\BootMaintenanceManagerUiLib\BootMaintenanceManagerCustomizedUiSupport.c
c:\fw\edk2\MdeModulePkg\Library\BootMaintenanceManagerUiLib\BootMaintenanceManager.h
c:\fw\edk2\MdeModulePkg\Library\BootMaintenanceManagerUiLib\BootMaintenanceManagerCustomizedUiSupport.h
c:\fw\edk2\MdePkg\Include\Protocol\HiiConfigAccess.h
c:\fw\edk2\MdePkg\Include\Uefi.h
c:\fw\edk2\OvmfPkg\Library\UefiPciCapPciIoLib\UefiPciCapPciIoLib.c
c:\fw\edk2\OvmfPkg\Library\UefiPciCapPciIoLib\UefiPciCapPciIoLib.h
c:\fw\edk2\MdePkg\Include\Library\MemoryAllocationLib.h
c:\fw\edk2\OvmfPkg\Library\VirtioLib\VirtioLib.c
c:\fw\edk2\OvmfPkg\Include\Library\VirtioLib.h
c:\fw\edk2\MdePkg\Include\Library\UefiBootServicesTableLib.h
c:\fw\edk2\MdePkg\Include\Library\DebugLib.h
c:\fw\edk2\MdePkg\Include\Library\BaseLib.h
c:\fw\edk2\MdePkg\Include\Library\BaseMemoryLib.h
c:\fw\edk2\MdeModulePkg\Library\DxeCapsuleLibNull\DxeCapsuleLibNull.c
c:\fw\edk2\MdeModulePkg\Include\Library\CapsuleLib.h
c:\fw\edk2\MdePkg\Include\Uefi.h
c:\fw\edk2\MdePkg\Library\UefiScsiLib\UefiScsiLib.c
c:\fw\edk2\MdePkg\Include\Library\BaseLib.h
c:\fw\edk2\MdePkg\Include\Library\MemoryAllocationLib.h
c:\fw\edk2\MdePkg\Include\Uefi.h
c:\fw\edk2\MdePkg\Include\IndustryStandard\Scsi.h
c:\fw\edk2\MdePkg\Include\Library\BaseMemoryLib.h
c:\fw\edk2\MdePkg\Include\Library\UefiScsiLib.h
c:\fw\edk2\MdePkg\Include\Library\UefiBootServicesTableLib.h
c:\fw\edk2\MdePkg\Include\Library\DebugLib.h
c:\fw\edk2\MdeModulePkg\Library\CustomizedDisplayLib\CustomizedDisplayLib.c
c:\fw\edk2\MdeModulePkg\Library\CustomizedDisplayLib\CustomizedDisplayLibInternal.c
c:\fw\edk2\MdeModulePkg\Library\CustomizedDisplayLib\CustomizedDisplayLibInternal.h
c:\fw\edk2\MdeModulePkg\Library\FrameBufferBltLib\FrameBufferBltLib.c
c:\fw\edk2\MdeModulePkg\Include\Library\FrameBufferBltLib.h
c:\fw\edk2\MdePkg\Include\Library\DebugLib.h
c:\fw\edk2\MdePkg\Include\Library\BaseLib.h
c:\fw\edk2\MdePkg\Include\Library\BaseMemoryLib.h
c:\fw\edk2\MdePkg\Include\Uefi\UefiBaseType.h
c:\fw\edk2\MdePkg\Include\Protocol\GraphicsOutput.h
c:\fw\edk2\OvmfPkg\Library\LockBoxLib\LockBoxDxe.c
c:\fw\edk2\OvmfPkg\Library\LockBoxLib\LockBoxLib.c
c:\fw\edk2\OvmfPkg\Include\Library\QemuFwCfgS3Lib.h
c:\fw\edk2\MdePkg\Include\Library\DebugLib.h
c:\fw\edk2\MdePkg\Include\Library\MemoryAllocationLib.h
c:\fw\edk2\MdeModulePkg\Include\Protocol\LockBox.h
c:\fw\edk2\MdePkg\Include\Uefi.h
c:\fw\edk2\MdePkg\Include\Library\BaseMemoryLib.h
c:\fw\edk2\MdePkg\Include\Library\PcdLib.h
c:\fw\edk2\OvmfPkg\Library\LockBoxLib\LockBoxLib.h
c:\fw\edk2\OvmfPkg\Include\Library\QemuFwCfgLib.h
c:\fw\edk2\MdeModulePkg\Include\Library\LockBoxLib.h
c:\fw\edk2\MdePkg\Include\Library\UefiBootServicesTableLib.h
c:\fw\edk2\MdeModulePkg\Library\PiDxeS3BootScriptLib\BootScriptSave.c
c:\fw\edk2\MdeModulePkg\Library\PiDxeS3BootScriptLib\BootScriptExecute.c
c:\fw\edk2\MdeModulePkg\Library\PiDxeS3BootScriptLib\InternalBootScriptLib.h
c:\fw\edk2\MdeModulePkg\Library\DxeNetLib\DxeNetLib.c
c:\fw\edk2\MdeModulePkg\Library\DxeNetLib\NetBuffer.c
c:\fw\edk2\MdePkg\Include\Library\UefiRuntimeServicesTableLib.h
c:\fw\edk2\MdePkg\Include\Protocol\ComponentName2.h
c:\fw\edk2\MdePkg\Include\Protocol\AdapterInformation.h
c:\fw\edk2\MdeModulePkg\Include\Library\NetLib.h
c:\fw\edk2\MdePkg\Include\Uefi.h
c:\fw\edk2\MdePkg\Include\Library\PrintLib.h
c:\fw\edk2\MdePkg\Include\Protocol\DriverBinding.h
c:\fw\edk2\MdePkg\Include\Protocol\ManagedNetwork.h
c:\fw\edk2\MdePkg\Include\Library\DevicePathLib.h
c:\fw\edk2\MdePkg\Include\Library\UefiBootServicesTableLib.h
c:\fw\edk2\MdePkg\Include\Library\UefiLib.h
c:\fw\edk2\MdePkg\Include\Guid\SmBios.h
c:\fw\edk2\MdePkg\Include\Protocol\ComponentName.h
c:\fw\edk2\MdePkg\Include\Protocol\ServiceBinding.h
c:\fw\edk2\MdePkg\Include\IndustryStandard\SmBios.h
c:\fw\edk2\MdePkg\Include\Library\BaseMemoryLib.h
c:\fw\edk2\MdePkg\Include\Library\MemoryAllocationLib.h
c:\fw\edk2\MdePkg\Include\Library\BaseLib.h
c:\fw\edk2\MdePkg\Include\Protocol\SimpleNetwork.h
c:\fw\edk2\MdePkg\Include\Protocol\Ip4Config2.h
c:\fw\edk2\MdePkg\Include\Library\DebugLib.h
c:\fw\edk2\MdeModulePkg\Library\DxeDpcLib\DpcLib.c
c:\fw\edk2\MdeModulePkg\Include\Protocol\Dpc.h
c:\fw\edk2\MdePkg\Include\Library\DebugLib.h
c:\fw\edk2\MdePkg\Include\Uefi.h
c:\fw\edk2\MdePkg\Include\Library\UefiBootServicesTableLib.h
c:\fw\edk2\MdeModulePkg\Library\DxeUdpIoLib\DxeUdpIoLib.c
c:\fw\edk2\MdePkg\Include\Protocol\Udp4.h
c:\fw\edk2\MdePkg\Include\Library\DebugLib.h
c:\fw\edk2\MdePkg\Include\Library\BaseLib.h
c:\fw\edk2\MdeModulePkg\Include\Library\UdpIoLib.h
c:\fw\edk2\MdeModulePkg\Include\Library\DpcLib.h
c:\fw\edk2\MdePkg\Include\Uefi.h
c:\fw\edk2\MdePkg\Include\Library\BaseMemoryLib.h
c:\fw\edk2\MdePkg\Include\Protocol\Udp6.h
c:\fw\edk2\MdePkg\Include\Library\MemoryAllocationLib.h
c:\fw\edk2\MdePkg\Include\Library\UefiBootServicesTableLib.h
c:\fw\edk2\MdeModulePkg\Library\DxeIpIoLib\DxeIpIoLib.c
c:\fw\edk2\MdePkg\Include\Protocol\Udp4.h
c:\fw\edk2\MdePkg\Include\Uefi.h
c:\fw\edk2\MdePkg\Include\Library\BaseLib.h
c:\fw\edk2\MdeModulePkg\Include\Library\IpIoLib.h
c:\fw\edk2\MdeModulePkg\Include\Library\DpcLib.h
c:\fw\edk2\MdePkg\Include\Library\BaseMemoryLib.h
c:\fw\edk2\MdePkg\Include\Library\MemoryAllocationLib.h
c:\fw\edk2\MdePkg\Include\Library\UefiBootServicesTableLib.h
c:\fw\edk2\MdePkg\Include\Library\DebugLib.h
c:\fw\edk2\MdePkg\Library\UefiUsbLib\Hid.c
c:\fw\edk2\MdePkg\Library\UefiUsbLib\UsbDxeLib.c
c:\fw\edk2\MdePkg\Library\UefiUsbLib\UefiUsbLibInternal.h
c:\fw\edk2\ShellPkg\Library\UefiShellLib\UefiShellLib.c
c:\fw\edk2\MdeModulePkg\Include\Library\SortLib.h
c:\fw\edk2\MdePkg\Include\Library\BaseLib.h
c:\fw\edk2\ShellPkg\Library\UefiShellLib\UefiShellLib.h
c:\fw\edk2\ShellPkg\Library\UefiHandleParsingLib\UefiHandleParsingLib.c
c:\fw\edk2\MdePkg\Include\PiDxe.h
c:\fw\edk2\MdePkg\Include\IndustryStandard\Pci.h
c:\fw\edk2\MdePkg\Include\IndustryStandard\Acpi10.h
c:\fw\edk2\ShellPkg\Library\UefiHandleParsingLib\UefiHandleParsingLib.h
c:\fw\edk2\MdePkg\Include\Protocol\FirmwareVolume2.h
c:\fw\edk2\ShellPkg\Library\UefiShellCommandLib\UefiShellCommandLib.c
c:\fw\edk2\ShellPkg\Library\UefiShellCommandLib\ConsistMapping.c
c:\fw\edk2\ShellPkg\Library\UefiShellCommandLib\UefiShellCommandLib.h
c:\fw\edk2\MdePkg\Include\Protocol\SimpleFileSystem.h
c:\fw\edk2\MdeModulePkg\Include\Library\SortLib.h
c:\fw\edk2\MdePkg\Include\Protocol\UsbIo.h
c:\fw\edk2\MdePkg\Include\Library\DevicePathLib.h
c:\fw\edk2\MdePkg\Include\Protocol\BlockIo.h
c:\fw\edk2\MdePkg\Include\Library\UefiLib.h
c:\fw\edk2\ShellPkg\Library\UefiShellBcfgCommandLib\UefiShellBcfgCommandLib.c
c:\fw\edk2\MdeModulePkg\Include\Library\UefiBootManagerLib.h
c:\fw\edk2\MdePkg\Include\Library\DebugLib.h
c:\fw\edk2\MdePkg\Include\Library\MemoryAllocationLib.h
c:\fw\edk2\MdePkg\Include\Library\FileHandleLib.h
c:\fw\edk2\MdePkg\Include\Library\BaseMemoryLib.h
c:\fw\edk2\MdePkg\Include\Library\PrintLib.h
c:\fw\edk2\ShellPkg\Include\Library\HandleParsingLib.h
c:\fw\edk2\MdePkg\Include\Library\BaseLib.h
c:\fw\edk2\MdeModulePkg\Include\Library\HiiLib.h
c:\fw\edk2\ShellPkg\Include\Library\ShellLib.h
c:\fw\edk2\MdePkg\Include\Guid\GlobalVariable.h
c:\fw\edk2\MdePkg\Include\Library\UefiLib.h
c:\fw\edk2\MdePkg\Include\Library\UefiBootServicesTableLib.h
c:\fw\edk2\ShellPkg\Include\Library\ShellCommandLib.h
c:\fw\edk2\MdePkg\Include\Protocol\Shell.h
c:\fw\edk2\MdePkg\Include\Uefi.h
c:\fw\edk2\MdePkg\Include\Protocol\UnicodeCollation.h
c:\fw\edk2\MdeModulePkg\Include\Library\SortLib.h
c:\fw\edk2\MdePkg\Include\Protocol\ShellParameters.h
c:\fw\edk2\MdePkg\Include\Library\UefiRuntimeServicesTableLib.h
c:\fw\edk2\MdePkg\Include\Library\PcdLib.h
c:\fw\edk2\MdePkg\Include\Protocol\LoadedImage.h
c:\fw\edk2\ShellPkg\Include\Guid\ShellLibHiiGuid.h
c:\fw\edk2\MdePkg\Include\Library\DevicePathLib.h
c:\fw\edk2\MdePkg\Include\Protocol\DevicePath.h
c:\fw\edk2\ShellPkg\Library\UefiShellLevel2CommandsLib\UefiShellLevel2CommandsLib.c
c:\fw\edk2\ShellPkg\Library\UefiShellLevel2CommandsLib\TimeDate.c
c:\fw\edk2\ShellPkg\Library\UefiShellLevel2CommandsLib\Load.c
c:\fw\edk2\ShellPkg\Library\UefiShellLevel2CommandsLib\Ls.c
c:\fw\edk2\ShellPkg\Library\UefiShellLevel2CommandsLib\Map.c
c:\fw\edk2\ShellPkg\Library\UefiShellLevel2CommandsLib\Reset.c
c:\fw\edk2\ShellPkg\Library\UefiShellLevel2CommandsLib\Set.c
c:\fw\edk2\ShellPkg\Library\UefiShellLevel2CommandsLib\MkDir.c
c:\fw\edk2\ShellPkg\Library\UefiShellLevel2CommandsLib\Cd.c
c:\fw\edk2\ShellPkg\Library\UefiShellLevel2CommandsLib\Cp.c
c:\fw\edk2\ShellPkg\Library\UefiShellLevel2CommandsLib\Parse.c
c:\fw\edk2\ShellPkg\Library\UefiShellLevel2CommandsLib\Rm.c
c:\fw\edk2\ShellPkg\Library\UefiShellLevel2CommandsLib\Mv.c
c:\fw\edk2\ShellPkg\Library\UefiShellLevel2CommandsLib\Attrib.c
c:\fw\edk2\ShellPkg\Library\UefiShellLevel2CommandsLib\Vol.c
c:\fw\edk2\MdePkg\Include\Guid\FileSystemInfo.h
c:\fw\edk2\MdePkg\Include\Library\DevicePathLib.h
c:\fw\edk2\MdePkg\Include\Protocol\SimpleFileSystem.h
c:\fw\edk2\MdeModulePkg\Include\Library\SortLib.h
c:\fw\edk2\ShellPkg\Include\Library\HandleParsingLib.h
c:\fw\edk2\MdePkg\Include\Protocol\BlockIo.h
c:\fw\edk2\MdePkg\Include\Guid\FileSystemVolumeLabelInfo.h
c:\fw\edk2\ShellPkg\Library\UefiShellLevel2CommandsLib\UefiShellLevel2CommandsLib.h
c:\fw\edk2\ShellPkg\Library\UefiShellLevel1CommandsLib\UefiShellLevel1CommandsLib.c
c:\fw\edk2\ShellPkg\Library\UefiShellLevel1CommandsLib\Exit.c
c:\fw\edk2\ShellPkg\Library\UefiShellLevel1CommandsLib\Goto.c
c:\fw\edk2\ShellPkg\Library\UefiShellLevel1CommandsLib\If.c
c:\fw\edk2\ShellPkg\Library\UefiShellLevel1CommandsLib\For.c
c:\fw\edk2\ShellPkg\Library\UefiShellLevel1CommandsLib\Shift.c
c:\fw\edk2\ShellPkg\Library\UefiShellLevel1CommandsLib\Stall.c
c:\fw\edk2\ShellPkg\Library\UefiShellLevel1CommandsLib\UefiShellLevel1CommandsLib.h
c:\fw\edk2\MdePkg\Include\Library\PrintLib.h
c:\fw\edk2\ShellPkg\Library\UefiShellLevel3CommandsLib\Type.c
c:\fw\edk2\ShellPkg\Library\UefiShellLevel3CommandsLib\Touch.c
c:\fw\edk2\ShellPkg\Library\UefiShellLevel3CommandsLib\Ver.c
c:\fw\edk2\ShellPkg\Library\UefiShellLevel3CommandsLib\UefiShellLevel3CommandsLib.c
c:\fw\edk2\ShellPkg\Library\UefiShellLevel3CommandsLib\Cls.c
c:\fw\edk2\ShellPkg\Library\UefiShellLevel3CommandsLib\Alias.c
c:\fw\edk2\ShellPkg\Library\UefiShellLevel3CommandsLib\Echo.c
c:\fw\edk2\ShellPkg\Library\UefiShellLevel3CommandsLib\Pause.c
c:\fw\edk2\ShellPkg\Library\UefiShellLevel3CommandsLib\GetMtc.c
c:\fw\edk2\ShellPkg\Library\UefiShellLevel3CommandsLib\Help.c
c:\fw\edk2\ShellPkg\Include\Library\ShellLib.h
c:\fw\edk2\ShellPkg\Include\Library\HandleParsingLib.h
c:\fw\edk2\MdePkg\Include\Protocol\ShellDynamicCommand.h
c:\fw\edk2\ShellPkg\Library\UefiShellLevel3CommandsLib\UefiShellLevel3CommandsLib.h
c:\fw\edk2\ShellPkg\Library\UefiShellDriver1CommandsLib\Connect.c
c:\fw\edk2\ShellPkg\Library\UefiShellDriver1CommandsLib\Devices.c
c:\fw\edk2\ShellPkg\Library\UefiShellDriver1CommandsLib\OpenInfo.c
c:\fw\edk2\ShellPkg\Library\UefiShellDriver1CommandsLib\Disconnect.c
c:\fw\edk2\ShellPkg\Library\UefiShellDriver1CommandsLib\Reconnect.c
c:\fw\edk2\ShellPkg\Library\UefiShellDriver1CommandsLib\Unload.c
c:\fw\edk2\ShellPkg\Library\UefiShellDriver1CommandsLib\DrvDiag.c
c:\fw\edk2\ShellPkg\Library\UefiShellDriver1CommandsLib\Dh.c
c:\fw\edk2\ShellPkg\Library\UefiShellDriver1CommandsLib\Drivers.c
c:\fw\edk2\ShellPkg\Library\UefiShellDriver1CommandsLib\DevTree.c
c:\fw\edk2\ShellPkg\Library\UefiShellDriver1CommandsLib\DrvCfg.c
c:\fw\edk2\ShellPkg\Library\UefiShellDriver1CommandsLib\UefiShellDriver1CommandsLib.c
c:\fw\edk2\ShellPkg\Library\UefiShellDriver1CommandsLib\UefiShellDriver1CommandsLib.h
c:\fw\edk2\MdePkg\Include\Protocol\HiiDatabase.h
c:\fw\edk2\MdePkg\Include\Protocol\HiiConfigAccess.h
c:\fw\edk2\ShellPkg\Library\UefiShellDebug1CommandsLib\SetSize.c
c:\fw\edk2\ShellPkg\Library\UefiShellDebug1CommandsLib\Comp.c
c:\fw\edk2\ShellPkg\Library\UefiShellDebug1CommandsLib\Mode.c
c:\fw\edk2\ShellPkg\Library\UefiShellDebug1CommandsLib\MemMap.c
c:\fw\edk2\ShellPkg\Library\UefiShellDebug1CommandsLib\Compress.c
c:\fw\edk2\ShellPkg\Library\UefiShellDebug1CommandsLib\EfiCompress.c
c:\fw\edk2\ShellPkg\Library\UefiShellDebug1CommandsLib\EfiDecompress.c
c:\fw\edk2\ShellPkg\Library\UefiShellDebug1CommandsLib\Dmem.c
c:\fw\edk2\ShellPkg\Library\UefiShellDebug1CommandsLib\LoadPciRom.c
c:\fw\edk2\ShellPkg\Library\UefiShellDebug1CommandsLib\Mm.c
c:\fw\edk2\ShellPkg\Library\UefiShellDebug1CommandsLib\SetVar.c
c:\fw\edk2\ShellPkg\Library\UefiShellDebug1CommandsLib\SerMode.c
c:\fw\edk2\ShellPkg\Library\UefiShellDebug1CommandsLib\Pci.c
c:\fw\edk2\ShellPkg\Library\UefiShellDebug1CommandsLib\DmpStore.c
c:\fw\edk2\ShellPkg\Library\UefiShellDebug1CommandsLib\Dblk.c
c:\fw\edk2\ShellPkg\Library\UefiShellDebug1CommandsLib\SmbiosView\EventLogInfo.c
c:\fw\edk2\ShellPkg\Library\UefiShellDebug1CommandsLib\SmbiosView\PrintInfo.c
c:\fw\edk2\ShellPkg\Library\UefiShellDebug1CommandsLib\SmbiosView\QueryTable.c
c:\fw\edk2\ShellPkg\Library\UefiShellDebug1CommandsLib\SmbiosView\SmbiosView.c
c:\fw\edk2\ShellPkg\Library\UefiShellDebug1CommandsLib\SmbiosView\LibSmbiosView.c
c:\fw\edk2\ShellPkg\Library\UefiShellDebug1CommandsLib\UefiShellDebug1CommandsLib.c
c:\fw\edk2\ShellPkg\Library\UefiShellDebug1CommandsLib\EditTitleBar.c
c:\fw\edk2\ShellPkg\Library\UefiShellDebug1CommandsLib\EditInputBar.c
c:\fw\edk2\ShellPkg\Library\UefiShellDebug1CommandsLib\EditStatusBar.c
c:\fw\edk2\ShellPkg\Library\UefiShellDebug1CommandsLib\EditMenuBar.c
c:\fw\edk2\ShellPkg\Library\UefiShellDebug1CommandsLib\Edit\Edit.c
c:\fw\edk2\ShellPkg\Library\UefiShellDebug1CommandsLib\Edit\FileBuffer.c
c:\fw\edk2\ShellPkg\Library\UefiShellDebug1CommandsLib\Edit\MainTextEditor.c
c:\fw\edk2\ShellPkg\Library\UefiShellDebug1CommandsLib\Edit\Misc.c
c:\fw\edk2\ShellPkg\Library\UefiShellDebug1CommandsLib\HexEdit\BufferImage.c
c:\fw\edk2\ShellPkg\Library\UefiShellDebug1CommandsLib\HexEdit\Clipboard.c
c:\fw\edk2\ShellPkg\Library\UefiShellDebug1CommandsLib\HexEdit\DiskImage.c
c:\fw\edk2\ShellPkg\Library\UefiShellDebug1CommandsLib\HexEdit\FileImage.c
c:\fw\edk2\ShellPkg\Library\UefiShellDebug1CommandsLib\HexEdit\HexEdit.c
c:\fw\edk2\ShellPkg\Library\UefiShellDebug1CommandsLib\HexEdit\MainHexEditor.c
c:\fw\edk2\ShellPkg\Library\UefiShellDebug1CommandsLib\HexEdit\MemImage.c
c:\fw\edk2\ShellPkg\Library\UefiShellDebug1CommandsLib\HexEdit\Misc.c
c:\fw\edk2\MdePkg\Include\Library\DebugLib.h
c:\fw\edk2\MdePkg\Include\Library\MemoryAllocationLib.h
c:\fw\edk2\MdePkg\Include\Guid\FileSystemInfo.h
c:\fw\edk2\ShellPkg\Library\UefiShellDebug1CommandsLib\SmbiosView\SmbiosView.h
c:\fw\edk2\MdePkg\Include\Library\FileHandleLib.h
c:\fw\edk2\ShellPkg\Library\UefiShellDebug1CommandsLib\SmbiosView\LibSmbiosView.h
c:\fw\edk2\ShellPkg\Library\UefiShellDebug1CommandsLib\EditStatusBar.h
c:\fw\edk2\MdePkg\Include\Library\BaseMemoryLib.h
c:\fw\edk2\ShellPkg\Include\Library\BcfgCommandLib.h
c:\fw\edk2\MdePkg\Include\Protocol\SerialIo.h
c:\fw\edk2\ShellPkg\Library\UefiShellDebug1CommandsLib\UefiShellDebug1CommandsLib.h
c:\fw\edk2\ShellPkg\Include\Library\ShellLib.h
c:\fw\edk2\MdePkg\Include\IndustryStandard\PeImage.h
c:\fw\edk2\ShellPkg\Library\UefiShellDebug1CommandsLib\Pci.h
c:\fw\edk2\MdePkg\Include\Guid\Acpi.h
c:\fw\edk2\MdePkg\Include\Protocol\Decompress.h
c:\fw\edk2\ShellPkg\Library\UefiShellDebug1CommandsLib\EditInputBar.h
c:\fw\edk2\ShellPkg\Library\UefiShellDebug1CommandsLib\EditTitleBar.h
c:\fw\edk2\MdePkg\Include\Library\IoLib.h
c:\fw\edk2\MdePkg\Include\Guid\Mps.h
c:\fw\edk2\MdePkg\Include\IndustryStandard\Acpi.h
c:\fw\edk2\ShellPkg\Library\UefiShellDebug1CommandsLib\SmbiosView\PrintInfo.h
c:\fw\edk2\MdePkg\Include\Guid\SalSystemTable.h
c:\fw\edk2\MdePkg\Include\Uefi.h
c:\fw\edk2\ShellPkg\Library\UefiShellDebug1CommandsLib\Edit\TextEditor.h
c:\fw\edk2\ShellPkg\Library\UefiShellDebug1CommandsLib\SmbiosView\QueryTable.h
c:\fw\edk2\MdePkg\Include\Protocol\BlockIo.h
c:\fw\edk2\MdePkg\Include\Guid\SmBios.h
c:\fw\edk2\ShellPkg\Library\UefiShellDebug1CommandsLib\Edit\Misc.h
c:\fw\edk2\ShellPkg\Library\UefiShellDebug1CommandsLib\EditMenuBar.h
c:\fw\edk2\ShellPkg\Library\UefiShellDebug1CommandsLib\SmbiosView\EventLogInfo.h
c:\fw\edk2\MdePkg\Include\Protocol\PciRootBridgeIo.h
c:\fw\edk2\MdePkg\Include\Protocol\DeviceIo.h
c:\fw\edk2\ShellPkg\Library\UefiShellDebug1CommandsLib\HexEdit\HexEditor.h
c:\fw\edk2\MdePkg\Include\IndustryStandard\Pci22.h
c:\fw\edk2\ShellPkg\Library\UefiShellDebug1CommandsLib\Compress.h
c:\fw\edk2\MdePkg\Include\IndustryStandard\Pci.h
c:\fw\edk2\MdePkg\Include\IndustryStandard\Pci23.h
c:\fw\edk2\ShellPkg\Library\UefiShellInstall1CommandsLib\UefiShellInstall1CommandsLib.c
c:\fw\edk2\ShellPkg\Include\Library\BcfgCommandLib.h
c:\fw\edk2\ShellPkg\Library\UefiShellNetwork1CommandsLib\UefiShellNetwork1CommandsLib.c
c:\fw\edk2\ShellPkg\Library\UefiShellNetwork1CommandsLib\Ping.c
c:\fw\edk2\ShellPkg\Library\UefiShellNetwork1CommandsLib\Ifconfig.c
c:\fw\edk2\ShellPkg\Library\UefiShellNetwork1CommandsLib\UefiShellNetwork1CommandsLib.h
c:\fw\edk2\MdeModulePkg\Library\VarCheckLib\VarCheckLib.c
c:\fw\edk2\MdeModulePkg\Include\Library\VarCheckLib.h
c:\fw\edk2\MdePkg\Include\Library\DebugLib.h
c:\fw\edk2\MdePkg\Include\Library\MemoryAllocationLib.h
c:\fw\edk2\MdePkg\Include\Guid\HardwareErrorVariable.h
c:\fw\edk2\MdePkg\Include\Library\BaseMemoryLib.h
c:\fw\edk2\MdePkg\Include\Guid\GlobalVariable.h
c:\fw\edk2\MdePkg\Include\Library\BaseLib.h
c:\fw\edk2\MdeModulePkg\Library\TpmMeasurementLibNull\TpmMeasurementLibNull.c
c:\fw\edk2\MdeModulePkg\Library\AuthVariableLibNull\AuthVariableLibNull.c
c:\fw\edk2\MdeModulePkg\Include\Library\AuthVariableLib.h
c:\fw\edk2\MdePkg\Include\Library\DebugLib.h
c:\fw\edk2\MdeModulePkg\Library\VarCheckUefiLib\VarCheckUefiLibNullClass.c
c:\fw\edk2\MdeModulePkg\Include\Library\VarCheckLib.h
c:\fw\edk2\MdePkg\Include\Library\DebugLib.h
c:\fw\edk2\MdePkg\Include\Library\BaseLib.h
c:\fw\edk2\MdePkg\Include\Guid\HardwareErrorVariable.h
c:\fw\edk2\MdePkg\Include\Library\BaseMemoryLib.h
c:\fw\edk2\MdePkg\Include\Library\DevicePathLib.h
c:\fw\edk2\MdePkg\Include\Guid\GlobalVariable.h
c:\fw\edk2\MdeModulePkg\Include\Guid\VariableFormat.h
c:\fw\edk2\MdePkg\Include\Guid\ImageAuthentication.h
c:\fw\edk2\OvmfPkg\Sec\SecMain.c
c:\fw\edk2\MdePkg\Include\Library\PeCoffExtraActionLib.h
c:\fw\edk2\MdePkg\Include\Library\DebugLib.h
c:\fw\edk2\MdePkg\Include\Library\BaseLib.h
c:\fw\edk2\MdePkg\Include\Ppi\TemporaryRamSupport.h
c:\fw\edk2\MdeModulePkg\Include\Library\DebugAgentLib.h
c:\fw\edk2\MdePkg\Include\Library\PeCoffLib.h
c:\fw\edk2\MdePkg\Include\Library\BaseMemoryLib.h
c:\fw\edk2\MdePkg\Include\Library\ExtractGuidedSectionLib.h
c:\fw\edk2\UefiCpuPkg\Include\Library\LocalApicLib.h
c:\fw\edk2\UefiCpuPkg\Include\Library\UefiCpuLib.h
c:\fw\edk2\MdePkg\Include\Library\IoLib.h
c:\fw\edk2\MdePkg\Include\PiPei.h
c:\fw\edk2\MdePkg\Include\Library\PeiServicesLib.h
c:\fw\edk2\MdePkg\Include\Library\PcdLib.h
c:\fw\edk2\MdePkg\Include\Library\PeimEntryPoint.h
c:\fw\edk2\MdePkg\Include\Library\PeCoffGetEntryPointLib.h
c:\fw\edk2\MdeModulePkg\Core\Pei\StatusCode\StatusCode.c
c:\fw\edk2\MdeModulePkg\Core\Pei\Security\Security.c
c:\fw\edk2\MdeModulePkg\Core\Pei\Reset\Reset.c
c:\fw\edk2\MdeModulePkg\Core\Pei\Ppi\Ppi.c
c:\fw\edk2\MdeModulePkg\Core\Pei\PeiMain\PeiMain.c
c:\fw\edk2\MdeModulePkg\Core\Pei\Memory\MemoryServices.c
c:\fw\edk2\MdeModulePkg\Core\Pei\Image\Image.c
c:\fw\edk2\MdeModulePkg\Core\Pei\Hob\Hob.c
c:\fw\edk2\MdeModulePkg\Core\Pei\FwVol\FwVol.c
c:\fw\edk2\MdeModulePkg\Core\Pei\Dispatcher\Dispatcher.c
c:\fw\edk2\MdeModulePkg\Core\Pei\Dependency\Dependency.c
c:\fw\edk2\MdeModulePkg\Core\Pei\BootMode\BootMode.c
c:\fw\edk2\MdeModulePkg\Core\Pei\CpuIo\CpuIo.c
c:\fw\edk2\MdeModulePkg\Core\Pei\PciCfg2\PciCfg2.c
c:\fw\edk2\MdeModulePkg\Core\Pei\FwVol\FwVol.h
c:\fw\edk2\MdeModulePkg\Core\Pei\PeiMain.h
c:\fw\edk2\MdeModulePkg\Core\Pei\Dependency\Dependency.h
c:\fw\edk2\MdeModulePkg\Universal\PCD\Pei\Service.c
c:\fw\edk2\MdeModulePkg\Universal\PCD\Pei\Pcd.c
c:\fw\edk2\MdeModulePkg\Universal\PCD\Pei\Service.h
c:\fw\edk2\MdeModulePkg\Universal\ReportStatusCodeRouter\Pei\ReportStatusCodeRouterPei.c
c:\fw\edk2\MdeModulePkg\Universal\ReportStatusCodeRouter\Pei\ReportStatusCodeRouterPei.h
c:\fw\edk2\MdeModulePkg\Universal\StatusCodeHandler\Pei\StatusCodeHandlerPei.c
c:\fw\edk2\MdeModulePkg\Universal\StatusCodeHandler\Pei\SerialStatusCodeWorker.c
c:\fw\edk2\MdeModulePkg\Universal\StatusCodeHandler\Pei\MemoryStausCodeWorker.c
c:\fw\edk2\MdeModulePkg\Universal\StatusCodeHandler\Pei\StatusCodeHandlerPei.h
c:\fw\edk2\MdeModulePkg\Core\DxeIplPeim\DxeLoad.c
c:\fw\edk2\MdeModulePkg\Core\DxeIplPeim\X64\VirtualMemory.c
c:\fw\edk2\MdeModulePkg\Core\DxeIplPeim\X64\DxeLoadFunc.c
c:\fw\edk2\MdeModulePkg\Core\DxeIplPeim\X64\VirtualMemory.h
c:\fw\edk2\MdeModulePkg\Core\DxeIplPeim\DxeIpl.h
c:\fw\edk2\OvmfPkg\PlatformPei\AmdSev.c
c:\fw\edk2\OvmfPkg\PlatformPei\Cmos.c
c:\fw\edk2\OvmfPkg\PlatformPei\FeatureControl.c
c:\fw\edk2\OvmfPkg\PlatformPei\Fv.c
c:\fw\edk2\OvmfPkg\PlatformPei\MemDetect.c
c:\fw\edk2\OvmfPkg\PlatformPei\Platform.c
c:\fw\edk2\OvmfPkg\PlatformPei\Xen.c
c:\fw\edk2\OvmfPkg\Include\Library\QemuFwCfgS3Lib.h
c:\fw\edk2\OvmfPkg\PlatformPei\Cmos.h
c:\fw\edk2\MdePkg\Include\Library\DebugLib.h
c:\fw\edk2\MdePkg\Include\Library\MemoryAllocationLib.h
c:\fw\edk2\MdePkg\Include\Library\HobLib.h
c:\fw\edk2\MdePkg\Include\Library\PcdLib.h
c:\fw\edk2\UefiCpuPkg\Include\Register\Cpuid.h
c:\fw\edk2\OvmfPkg\PlatformPei\Xen.h
c:\fw\edk2\MdePkg\Include\Library\BaseLib.h
c:\fw\edk2\OvmfPkg\Include\Guid\XenInfo.h
c:\fw\edk2\UefiCpuPkg\Include\Register\Amd\Cpuid.h
c:\fw\edk2\UefiCpuPkg\Include\Register\Msr\Core2Msr.h
c:\fw\edk2\MdePkg\Include\Library\PciLib.h
c:\fw\edk2\MdePkg\Include\Ppi\MasterBootMode.h
c:\fw\edk2\MdePkg\Include\Library\IoLib.h
c:\fw\edk2\MdeModulePkg\Include\Guid\MemoryTypeInformation.h
c:\fw\edk2\OvmfPkg\Include\Library\MemEncryptSevLib.h
c:\fw\edk2\UefiCpuPkg\Include\Library\MtrrLib.h
c:\fw\edk2\MdePkg\Include\Ppi\MpServices.h
c:\fw\edk2\MdePkg\Include\PiPei.h
c:\fw\edk2\MdePkg\Include\Library\BaseMemoryLib.h
c:\fw\edk2\OvmfPkg\Include\Library\QemuFwCfgLib.h
c:\fw\edk2\MdePkg\Include\Library\PeiServicesLib.h
c:\fw\edk2\OvmfPkg\PlatformPei\Platform.h
c:\fw\edk2\OvmfPkg\Include\OvmfPlatforms.h
c:\fw\edk2\OvmfPkg\Include\IndustryStandard\Q35MchIch9.h
c:\fw\edk2\OvmfPkg\Include\IndustryStandard\E820.h
c:\fw\edk2\MdePkg\Include\IndustryStandard\Pci22.h
c:\fw\edk2\MdePkg\Include\Library\ResourcePublicationLib.h
c:\fw\edk2\MdePkg\Include\Library\PeimEntryPoint.h
c:\fw\edk2\UefiCpuPkg\Universal\Acpi\S3Resume2Pei\S3Resume.c
c:\fw\edk2\MdePkg\Include\Library\ReportStatusCodeLib.h
c:\fw\edk2\MdeModulePkg\Include\Guid\ExtendedFirmwarePerformance.h
c:\fw\edk2\MdePkg\Include\Library\MemoryAllocationLib.h
c:\fw\edk2\MdePkg\Include\Library\TimerLib.h
c:\fw\edk2\MdePkg\Include\Library\HobLib.h
c:\fw\edk2\MdePkg\Include\Library\PerformanceLib.h
c:\fw\edk2\MdePkg\Include\Library\BaseMemoryLib.h
c:\fw\edk2\MdePkg\Include\Library\PrintLib.h
c:\fw\edk2\MdePkg\Include\Library\DebugLib.h
c:\fw\edk2\MdePkg\Include\Library\BaseLib.h
c:\fw\edk2\MdePkg\Include\Library\PeiServicesTablePointerLib.h
c:\fw\edk2\MdeModulePkg\Include\Ppi\PostBootScriptTable.h
c:\fw\edk2\MdePkg\Include\Library\IoLib.h
c:\fw\edk2\MdeModulePkg\Include\Ppi\SmmCommunication.h
c:\fw\edk2\MdeModulePkg\Include\Guid\BootScriptExecutorVariable.h
c:\fw\edk2\MdePkg\Include\IndustryStandard\Acpi.h
c:\fw\edk2\MdeModulePkg\Include\Library\LockBoxLib.h
c:\fw\edk2\MdeModulePkg\Include\Guid\AcpiS3Context.h
c:\fw\edk2\UefiCpuPkg\Include\Library\LocalApicLib.h
c:\fw\edk2\MdePkg\Include\Ppi\ReadOnlyVariable2.h
c:\fw\edk2\MdeModulePkg\Include\Ppi\SmmAccess.h
c:\fw\edk2\MdePkg\Include\Ppi\S3Resume2.h
c:\fw\edk2\MdePkg\Include\PiPei.h
c:\fw\edk2\MdePkg\Include\Library\PcdLib.h
c:\fw\edk2\MdeModulePkg\Include\Guid\EndOfS3Resume.h
c:\fw\edk2\MdePkg\Include\Ppi\EndOfPeiPhase.h
c:\fw\edk2\MdeModulePkg\Include\Guid\S3SmmInitDone.h
c:\fw\edk2\MdeModulePkg\Include\Library\DebugAgentLib.h
c:\fw\edk2\MdePkg\Include\Library\PeiServicesLib.h
c:\fw\edk2\MdePkg\Include\Library\PeimEntryPoint.h
c:\fw\edk2\UefiCpuPkg\CpuMpPei\CpuMpPei.c
c:\fw\edk2\UefiCpuPkg\CpuMpPei\CpuBist.c
c:\fw\edk2\UefiCpuPkg\CpuMpPei\CpuMpPei.h
c:\fw\edk2\MdeModulePkg\Core\Dxe\SectionExtraction\CoreSectionExtraction.c
c:\fw\edk2\MdeModulePkg\Core\Dxe\Image\Image.c
c:\fw\edk2\MdeModulePkg\Core\Dxe\Misc\DebugImageInfo.c
c:\fw\edk2\MdeModulePkg\Core\Dxe\Misc\Stall.c
c:\fw\edk2\MdeModulePkg\Core\Dxe\Misc\SetWatchdogTimer.c
c:\fw\edk2\MdeModulePkg\Core\Dxe\Misc\InstallConfigurationTable.c
c:\fw\edk2\MdeModulePkg\Core\Dxe\Misc\PropertiesTable.c
c:\fw\edk2\MdeModulePkg\Core\Dxe\Misc\MemoryAttributesTable.c
c:\fw\edk2\MdeModulePkg\Core\Dxe\Misc\MemoryProtection.c
c:\fw\edk2\MdeModulePkg\Core\Dxe\Library\Library.c
c:\fw\edk2\MdeModulePkg\Core\Dxe\Hand\DriverSupport.c
c:\fw\edk2\MdeModulePkg\Core\Dxe\Hand\Notify.c
c:\fw\edk2\MdeModulePkg\Core\Dxe\Hand\Locate.c
c:\fw\edk2\MdeModulePkg\Core\Dxe\Hand\Handle.c
c:\fw\edk2\MdeModulePkg\Core\Dxe\Gcd\Gcd.c
c:\fw\edk2\MdeModulePkg\Core\Dxe\Mem\Pool.c
c:\fw\edk2\MdeModulePkg\Core\Dxe\Mem\Page.c
c:\fw\edk2\MdeModulePkg\Core\Dxe\Mem\MemData.c
c:\fw\edk2\MdeModulePkg\Core\Dxe\Mem\MemoryProfileRecord.c
c:\fw\edk2\MdeModulePkg\Core\Dxe\Mem\HeapGuard.c
c:\fw\edk2\MdeModulePkg\Core\Dxe\FwVolBlock\FwVolBlock.c
c:\fw\edk2\MdeModulePkg\Core\Dxe\FwVol\FwVolWrite.c
c:\fw\edk2\MdeModulePkg\Core\Dxe\FwVol\FwVolRead.c
c:\fw\edk2\MdeModulePkg\Core\Dxe\FwVol\FwVolAttrib.c
c:\fw\edk2\MdeModulePkg\Core\Dxe\FwVol\Ffs.c
c:\fw\edk2\MdeModulePkg\Core\Dxe\FwVol\FwVol.c
c:\fw\edk2\MdeModulePkg\Core\Dxe\Event\Tpl.c
c:\fw\edk2\MdeModulePkg\Core\Dxe\Event\Timer.c
c:\fw\edk2\MdeModulePkg\Core\Dxe\Event\Event.c
c:\fw\edk2\MdeModulePkg\Core\Dxe\Dispatcher\Dependency.c
c:\fw\edk2\MdeModulePkg\Core\Dxe\Dispatcher\Dispatcher.c
c:\fw\edk2\MdeModulePkg\Core\Dxe\DxeMain\DxeProtocolNotify.c
c:\fw\edk2\MdeModulePkg\Core\Dxe\DxeMain\DxeMain.c
c:\fw\edk2\MdePkg\Include\Guid\MemoryAttributesTable.h
c:\fw\edk2\MdePkg\Include\Library\DebugLib.h
c:\fw\edk2\MdePkg\Include\Library\MemoryAllocationLib.h
c:\fw\edk2\MdeModulePkg\Core\Dxe\FwVol\FwVolDriver.h
c:\fw\edk2\MdePkg\Include\Library\PcdLib.h
c:\fw\edk2\MdePkg\Include\Library\PeCoffGetEntryPointLib.h
c:\fw\edk2\MdeModulePkg\Core\Dxe\Mem\HeapGuard.h
c:\fw\edk2\MdeModulePkg\Core\Dxe\DxeMain.h
c:\fw\edk2\MdePkg\Include\Library\BaseLib.h
c:\fw\edk2\MdePkg\Include\Library\PeCoffLib.h
c:\fw\edk2\MdePkg\Include\Protocol\DxeSmmReadyToLock.h
c:\fw\edk2\MdePkg\Include\Library\DxeServicesTableLib.h
c:\fw\edk2\MdeModulePkg\Core\Dxe\Mem\Imem.h
c:\fw\edk2\MdePkg\Include\Library\UefiLib.h
c:\fw\edk2\MdePkg\Include\Protocol\Runtime.h
c:\fw\edk2\MdePkg\Include\Library\UefiBootServicesTableLib.h
c:\fw\edk2\MdeModulePkg\Core\Dxe\FwVolBlock\FwVolBlock.h
c:\fw\edk2\MdePkg\Include\PiDxe.h
c:\fw\edk2\MdePkg\Include\Library\BaseMemoryLib.h
c:\fw\edk2\MdeModulePkg\Core\Dxe\Gcd\Gcd.h
c:\fw\edk2\MdePkg\Include\Protocol\FirmwareVolume2.h
c:\fw\edk2\MdePkg\Include\Protocol\SimpleFileSystem.h
c:\fw\edk2\MdeModulePkg\Core\Dxe\Hand\Handle.h
c:\fw\edk2\MdePkg\Include\Guid\EventGroup.h
c:\fw\edk2\MdeModulePkg\Core\Dxe\Event\Event.h
c:\fw\edk2\MdePkg\Include\Guid\PropertiesTable.h
c:\fw\edk2\MdePkg\Include\Protocol\BlockIo.h
c:\fw\edk2\MdeModulePkg\Core\Dxe\Image\Image.h
c:\fw\edk2\MdeModulePkg\Universal\ReportStatusCodeRouter\RuntimeDxe\ReportStatusCodeRouterRuntimeDxe.c
c:\fw\edk2\MdeModulePkg\Universal\ReportStatusCodeRouter\RuntimeDxe\ReportStatusCodeRouterRuntimeDxe.h
c:\fw\edk2\MdeModulePkg\Universal\StatusCodeHandler\RuntimeDxe\StatusCodeHandlerRuntimeDxe.c
c:\fw\edk2\MdeModulePkg\Universal\StatusCodeHandler\RuntimeDxe\SerialStatusCodeWorker.c
c:\fw\edk2\MdeModulePkg\Universal\StatusCodeHandler\RuntimeDxe\MemoryStatusCodeWorker.c
c:\fw\edk2\MdeModulePkg\Universal\StatusCodeHandler\RuntimeDxe\StatusCodeHandlerRuntimeDxe.h
c:\fw\edk2\MdeModulePkg\Universal\PCD\Dxe\Pcd.c
c:\fw\edk2\MdeModulePkg\Universal\PCD\Dxe\Service.c
c:\fw\edk2\MdeModulePkg\Universal\PCD\Dxe\Service.h
c:\fw\edk2\MdePkg\Include\Library\DxeServicesLib.h
c:\fw\edk2\MdeModulePkg\Core\RuntimeDxe\Crc32.c
c:\fw\edk2\MdeModulePkg\Core\RuntimeDxe\Runtime.c
c:\fw\edk2\MdeModulePkg\Core\RuntimeDxe\Runtime.h
c:\fw\edk2\MdePkg\Include\Library\BaseLib.h
c:\fw\edk2\MdePkg\Include\Uefi.h
c:\fw\edk2\MdeModulePkg\Universal\SecurityStubDxe\SecurityStub.c
c:\fw\edk2\MdeModulePkg\Universal\SecurityStubDxe\Defer3rdPartyImageLoad.c
c:\fw\edk2\MdePkg\Include\Protocol\Security2.h
c:\fw\edk2\MdePkg\Include\Library\DebugLib.h
c:\fw\edk2\MdePkg\Include\Uefi.h
c:\fw\edk2\MdeModulePkg\Universal\SecurityStubDxe\Defer3rdPartyImageLoad.h
c:\fw\edk2\MdeModulePkg\Include\Library\SecurityManagementLib.h
c:\fw\edk2\MdePkg\Include\Library\UefiDriverEntryPoint.h
c:\fw\edk2\MdePkg\Include\Protocol\Security.h
c:\fw\edk2\MdePkg\Include\Library\UefiBootServicesTableLib.h
c:\fw\edk2\MdeModulePkg\Universal\EbcDxe\EbcDebuggerHook.c
c:\fw\edk2\MdeModulePkg\Universal\EbcDxe\EbcExecute.c
c:\fw\edk2\MdeModulePkg\Universal\EbcDxe\EbcInt.c
c:\fw\edk2\MdeModulePkg\Universal\EbcDxe\X64\EbcSupport.c
c:\fw\edk2\MdeModulePkg\Universal\EbcDxe\EbcInt.h
c:\fw\edk2\MdeModulePkg\Universal\EbcDxe\EbcExecute.h
c:\fw\edk2\MdeModulePkg\Universal\EbcDxe\EbcDebuggerHook.h
c:\fw\edk2\PcAtChipsetPkg\8259InterruptControllerDxe\8259.c
c:\fw\edk2\PcAtChipsetPkg\8259InterruptControllerDxe\8259.h
c:\fw\edk2\UefiCpuPkg\CpuIo2Dxe\CpuIo2Dxe.c
c:\fw\edk2\UefiCpuPkg\CpuIo2Dxe\CpuIo2Dxe.h
c:\fw\edk2\UefiCpuPkg\CpuDxe\CpuDxe.c
c:\fw\edk2\UefiCpuPkg\CpuDxe\CpuGdt.c
c:\fw\edk2\UefiCpuPkg\CpuDxe\CpuMp.c
c:\fw\edk2\UefiCpuPkg\CpuDxe\CpuPageTable.c
c:\fw\edk2\MdePkg\Include\Protocol\MpService.h
c:\fw\edk2\MdePkg\Include\Library\BaseLib.h
c:\fw\edk2\MdePkg\Include\Uefi.h
c:\fw\edk2\UefiCpuPkg\CpuDxe\CpuDxe.h
c:\fw\edk2\UefiCpuPkg\Include\Register\Cpuid.h
c:\fw\edk2\UefiCpuPkg\CpuDxe\CpuGdt.h
c:\fw\edk2\MdePkg\Include\Library\UefiBootServicesTableLib.h
c:\fw\edk2\MdePkg\Include\Library\CpuLib.h
c:\fw\edk2\MdePkg\Include\Library\BaseMemoryLib.h
c:\fw\edk2\MdePkg\Include\Library\MemoryAllocationLib.h
c:\fw\edk2\MdePkg\Include\Protocol\SmmBase2.h
c:\fw\edk2\UefiCpuPkg\CpuDxe\CpuMp.h
c:\fw\edk2\UefiCpuPkg\CpuDxe\CpuPageTable.h
c:\fw\edk2\MdePkg\Include\Base.h
c:\fw\edk2\UefiCpuPkg\Include\Register\Msr.h
c:\fw\edk2\MdePkg\Include\Library\DebugLib.h
c:\fw\edk2\PcAtChipsetPkg\8254TimerDxe\Timer.c
c:\fw\edk2\PcAtChipsetPkg\8254TimerDxe\Timer.h
c:\fw\edk2\OvmfPkg\IncompatiblePciDeviceSupportDxe\IncompatiblePciDeviceSupport.c
c:\fw\edk2\IntelFrameworkPkg\Include\Protocol\LegacyBios.h
c:\fw\edk2\MdePkg\Include\IndustryStandard\Acpi10.h
c:\fw\edk2\MdePkg\Include\Library\DebugLib.h
c:\fw\edk2\MdePkg\Include\Library\MemoryAllocationLib.h
c:\fw\edk2\MdePkg\Include\Library\PcdLib.h
c:\fw\edk2\MdePkg\Include\IndustryStandard\Pci22.h
c:\fw\edk2\MdePkg\Include\Protocol\IncompatiblePciDeviceSupport.h
c:\fw\edk2\MdePkg\Include\Library\UefiBootServicesTableLib.h
c:\fw\edk2\OvmfPkg\PciHotPlugInitDxe\PciHotPlugInit.c
c:\fw\edk2\MdePkg\Include\Library\PciLib.h
c:\fw\edk2\MdePkg\Include\IndustryStandard\Acpi10.h
c:\fw\edk2\MdePkg\Include\Library\DebugLib.h
c:\fw\edk2\MdePkg\Include\Library\BaseLib.h
c:\fw\edk2\MdePkg\Include\Protocol\PciRootBridgeIo.h
c:\fw\edk2\OvmfPkg\Include\IndustryStandard\QemuPciBridgeCapabilities.h
c:\fw\edk2\MdePkg\Include\Library\BaseMemoryLib.h
c:\fw\edk2\MdePkg\Include\Library\DevicePathLib.h
c:\fw\edk2\OvmfPkg\Include\IndustryStandard\Q35MchIch9.h
c:\fw\edk2\OvmfPkg\Include\Library\PciCapPciSegmentLib.h
c:\fw\edk2\MdePkg\Include\Library\MemoryAllocationLib.h
c:\fw\edk2\OvmfPkg\Include\Library\PciCapLib.h
c:\fw\edk2\MdePkg\Include\Protocol\PciHotPlugInit.h
c:\fw\edk2\MdePkg\Include\Library\UefiBootServicesTableLib.h
c:\fw\edk2\MdeModulePkg\Bus\Pci\PciHostBridgeDxe\PciHostBridge.c
c:\fw\edk2\MdeModulePkg\Bus\Pci\PciHostBridgeDxe\PciRootBridgeIo.c
c:\fw\edk2\MdeModulePkg\Bus\Pci\PciHostBridgeDxe\PciHostResource.h
c:\fw\edk2\MdeModulePkg\Bus\Pci\PciHostBridgeDxe\PciHostBridge.h
c:\fw\edk2\MdeModulePkg\Bus\Pci\PciHostBridgeDxe\PciRootBridge.h
c:\fw\edk2\MdeModulePkg\Bus\Pci\PciBusDxe\PciLib.c
c:\fw\edk2\MdeModulePkg\Bus\Pci\PciBusDxe\PciIo.c
c:\fw\edk2\MdeModulePkg\Bus\Pci\PciBusDxe\PciBus.c
c:\fw\edk2\MdeModulePkg\Bus\Pci\PciBusDxe\PciDeviceSupport.c
c:\fw\edk2\MdeModulePkg\Bus\Pci\PciBusDxe\ComponentName.c
c:\fw\edk2\MdeModulePkg\Bus\Pci\PciBusDxe\PciCommand.c
c:\fw\edk2\MdeModulePkg\Bus\Pci\PciBusDxe\PciResourceSupport.c
c:\fw\edk2\MdeModulePkg\Bus\Pci\PciBusDxe\PciEnumeratorSupport.c
c:\fw\edk2\MdeModulePkg\Bus\Pci\PciBusDxe\PciEnumerator.c
c:\fw\edk2\MdeModulePkg\Bus\Pci\PciBusDxe\PciOptionRomSupport.c
c:\fw\edk2\MdeModulePkg\Bus\Pci\PciBusDxe\PciDriverOverride.c
c:\fw\edk2\MdeModulePkg\Bus\Pci\PciBusDxe\PciPowerManagement.c
c:\fw\edk2\MdeModulePkg\Bus\Pci\PciBusDxe\PciRomTable.c
c:\fw\edk2\MdeModulePkg\Bus\Pci\PciBusDxe\PciHotPlugSupport.c
c:\fw\edk2\MdeModulePkg\Bus\Pci\PciBusDxe\PciBus.h
c:\fw\edk2\MdeModulePkg\Universal\ResetSystemRuntimeDxe\ResetSystem.c
c:\fw\edk2\MdeModulePkg\Universal\ResetSystemRuntimeDxe\ResetSystem.h
c:\fw\edk2\MdeModulePkg\Universal\Metronome\Metronome.c
c:\fw\edk2\MdeModulePkg\Universal\Metronome\Metronome.h
c:\fw\edk2\PcAtChipsetPkg\PcatRealTimeClockRuntimeDxe\PcRtcEntry.c
c:\fw\edk2\PcAtChipsetPkg\PcatRealTimeClockRuntimeDxe\PcRtc.c
c:\fw\edk2\PcAtChipsetPkg\PcatRealTimeClockRuntimeDxe\PcRtc.h
c:\fw\edk2\MdeModulePkg\Universal\DriverHealthManagerDxe\DriverHealthManagerDxe.c
c:\fw\edk2\MdeModulePkg\Universal\DriverHealthManagerDxe\DriverHealthManagerDxe.h
c:\fw\edk2\MdeModulePkg\Universal\DriverHealthManagerDxe\DriverHealthManagerVfr.h
c:\fw\edk2\MdeModulePkg\Universal\BdsDxe\HwErrRecSupport.c
c:\fw\edk2\MdeModulePkg\Universal\BdsDxe\Language.c
c:\fw\edk2\MdeModulePkg\Universal\BdsDxe\BdsEntry.c
c:\fw\edk2\MdeModulePkg\Universal\BdsDxe\HwErrRecSupport.h
c:\fw\edk2\MdeModulePkg\Universal\BdsDxe\Language.h
c:\fw\edk2\MdeModulePkg\Universal\BdsDxe\Bds.h
c:\fw\edk2\MdeModulePkg\Logo\Logo.c
c:\fw\edk2\MdePkg\Include\Library\DebugLib.h
c:\fw\edk2\MdePkg\Include\Uefi.h
c:\fw\edk2\MdePkg\Include\Protocol\HiiImageEx.h
c:\fw\edk2\MdeModulePkg\Include\Protocol\PlatformLogo.h
c:\fw\edk2\MdePkg\Include\Protocol\HiiPackageList.h
c:\fw\edk2\MdePkg\Include\Protocol\GraphicsOutput.h
c:\fw\edk2\MdePkg\Include\Protocol\HiiDatabase.h
c:\fw\edk2\MdePkg\Include\Library\UefiBootServicesTableLib.h
c:\fw\edk2\MdeModulePkg\Application\UiApp\FrontPage.c
c:\fw\edk2\MdeModulePkg\Application\UiApp\String.c
c:\fw\edk2\MdeModulePkg\Application\UiApp\FrontPageCustomizedUi.c
c:\fw\edk2\MdeModulePkg\Application\UiApp\FrontPageCustomizedUiSupport.c
c:\fw\edk2\MdeModulePkg\Application\UiApp\FrontPage.h
c:\fw\edk2\MdePkg\Include\Library\DevicePathLib.h
c:\fw\edk2\MdeModulePkg\Application\UiApp\Ui.h
c:\fw\edk2\MdePkg\Include\Uefi.h
c:\fw\edk2\MdePkg\Include\Library\BaseLib.h
c:\fw\edk2\MdeModulePkg\Include\Guid\MdeModuleHii.h
c:\fw\edk2\MdeModulePkg\Include\Library\HiiLib.h
c:\fw\edk2\MdePkg\Include\Library\UefiBootServicesTableLib.h
c:\fw\edk2\MdeModulePkg\Application\UiApp\FrontPageCustomizedUiSupport.h
c:\fw\edk2\MdePkg\Include\Library\UefiRuntimeServicesTableLib.h
c:\fw\edk2\MdePkg\Include\Guid\GlobalVariable.h
c:\fw\edk2\MdePkg\Include\Library\PcdLib.h
c:\fw\edk2\MdePkg\Include\Protocol\HiiConfigAccess.h
c:\fw\edk2\MdeModulePkg\Include\Library\UefiHiiServicesLib.h
c:\fw\edk2\MdePkg\Include\Protocol\HiiString.h
c:\fw\edk2\MdePkg\Include\Library\MemoryAllocationLib.h
c:\fw\edk2\MdePkg\Include\Library\BaseMemoryLib.h
c:\fw\edk2\MdePkg\Include\Library\UefiLib.h
c:\fw\edk2\MdeModulePkg\Application\UiApp\FrontPageCustomizedUi.h
c:\fw\edk2\MdePkg\Include\Library\DebugLib.h
c:\fw\edk2\OvmfPkg\VirtioPciDeviceDxe\VirtioPciDevice.c
c:\fw\edk2\OvmfPkg\VirtioPciDeviceDxe\VirtioPciFunctions.c
c:\fw\edk2\MdePkg\Include\Library\DebugLib.h
c:\fw\edk2\MdePkg\Include\Library\MemoryAllocationLib.h
c:\fw\edk2\MdePkg\Include\Library\BaseMemoryLib.h
c:\fw\edk2\OvmfPkg\VirtioPciDeviceDxe\VirtioPciDevice.h
c:\fw\edk2\MdePkg\Include\IndustryStandard\Pci.h
c:\fw\edk2\MdePkg\Include\Library\UefiLib.h
c:\fw\edk2\MdePkg\Include\Library\UefiBootServicesTableLib.h
c:\fw\edk2\OvmfPkg\Virtio10Dxe\Virtio10.c
c:\fw\edk2\OvmfPkg\Virtio10Dxe\Virtio10.h
c:\fw\edk2\OvmfPkg\Include\IndustryStandard\Virtio.h
c:\fw\edk2\MdePkg\Include\Library\DebugLib.h
c:\fw\edk2\MdePkg\Include\Library\MemoryAllocationLib.h
c:\fw\edk2\OvmfPkg\Include\Protocol\VirtioDevice.h
c:\fw\edk2\MdePkg\Include\Library\UefiLib.h
c:\fw\edk2\MdePkg\Include\Protocol\PciRootBridgeIo.h
c:\fw\edk2\MdePkg\Include\Library\BaseMemoryLib.h
c:\fw\edk2\MdePkg\Include\Protocol\PciIo.h
c:\fw\edk2\MdePkg\Include\IndustryStandard\Pci.h
c:\fw\edk2\OvmfPkg\Include\Library\PciCapLib.h
c:\fw\edk2\OvmfPkg\Include\Library\PciCapPciIoLib.h
c:\fw\edk2\MdePkg\Include\Library\UefiBootServicesTableLib.h
c:\fw\edk2\OvmfPkg\VirtioBlkDxe\VirtioBlk.c
c:\fw\edk2\MdePkg\Include\Library\DebugLib.h
c:\fw\edk2\MdePkg\Include\Library\MemoryAllocationLib.h
c:\fw\edk2\MdePkg\Include\Library\BaseMemoryLib.h
c:\fw\edk2\OvmfPkg\Include\Library\VirtioLib.h
c:\fw\edk2\OvmfPkg\Include\IndustryStandard\VirtioBlk.h
c:\fw\edk2\OvmfPkg\VirtioBlkDxe\VirtioBlk.h
c:\fw\edk2\MdePkg\Include\Library\UefiLib.h
c:\fw\edk2\MdePkg\Include\Library\UefiBootServicesTableLib.h
c:\fw\edk2\OvmfPkg\VirtioScsiDxe\VirtioScsi.c
c:\fw\edk2\OvmfPkg\VirtioScsiDxe\VirtioScsi.h
c:\fw\edk2\MdePkg\Include\Library\DebugLib.h
c:\fw\edk2\MdePkg\Include\Library\MemoryAllocationLib.h
c:\fw\edk2\MdePkg\Include\Library\BaseMemoryLib.h
c:\fw\edk2\OvmfPkg\Include\Library\VirtioLib.h
c:\fw\edk2\MdePkg\Include\Library\UefiLib.h
c:\fw\edk2\OvmfPkg\Include\IndustryStandard\VirtioScsi.h
c:\fw\edk2\MdePkg\Include\Library\UefiBootServicesTableLib.h
c:\fw\edk2\OvmfPkg\VirtioRngDxe\VirtioRng.c
c:\fw\edk2\MdePkg\Include\Library\DebugLib.h
c:\fw\edk2\MdePkg\Include\Library\MemoryAllocationLib.h
c:\fw\edk2\MdePkg\Include\Library\BaseMemoryLib.h
c:\fw\edk2\OvmfPkg\Include\Library\VirtioLib.h
c:\fw\edk2\OvmfPkg\VirtioRngDxe\VirtioRng.h
c:\fw\edk2\MdePkg\Include\Library\UefiLib.h
c:\fw\edk2\MdePkg\Include\Library\UefiBootServicesTableLib.h
c:\fw\edk2\OvmfPkg\XenIoPciDxe\XenIoPciDxe.c
c:\fw\edk2\OvmfPkg\Include\Protocol\XenIo.h
c:\fw\edk2\MdePkg\Include\Library\DebugLib.h
c:\fw\edk2\MdePkg\Include\Library\MemoryAllocationLib.h
c:\fw\edk2\MdePkg\Include\Library\BaseMemoryLib.h
c:\fw\edk2\MdePkg\Include\Protocol\PciIo.h
c:\fw\edk2\MdePkg\Include\IndustryStandard\Pci.h
c:\fw\edk2\MdePkg\Include\Library\UefiLib.h
c:\fw\edk2\MdePkg\Include\IndustryStandard\Acpi.h
c:\fw\edk2\MdePkg\Include\Library\UefiBootServicesTableLib.h
c:\fw\edk2\OvmfPkg\XenBusDxe\XenBusDxe.c
c:\fw\edk2\OvmfPkg\XenBusDxe\ComponentName.c
c:\fw\edk2\OvmfPkg\XenBusDxe\GrantTable.c
c:\fw\edk2\OvmfPkg\XenBusDxe\EventChannel.c
c:\fw\edk2\OvmfPkg\XenBusDxe\XenStore.c
c:\fw\edk2\OvmfPkg\XenBusDxe\XenBus.c
c:\fw\edk2\OvmfPkg\XenBusDxe\Helpers.c
c:\fw\edk2\OvmfPkg\XenBusDxe\TestAndClearBit.c
c:\fw\edk2\OvmfPkg\Include\IndustryStandard\Xen\memory.h
c:\fw\edk2\OvmfPkg\XenBusDxe\XenBusDxe.h
c:\fw\edk2\OvmfPkg\XenBusDxe\GrantTable.h
c:\fw\edk2\OvmfPkg\Include\Library\XenHypercallLib.h
c:\fw\edk2\MdePkg\Include\Library\DebugLib.h
c:\fw\edk2\OvmfPkg\XenBusDxe\XenStore.h
c:\fw\edk2\OvmfPkg\Include\IndustryStandard\Xen\hvm\params.h
c:\fw\edk2\OvmfPkg\XenBusDxe\XenBus.h
c:\fw\edk2\MdePkg\Include\Library\SynchronizationLib.h
c:\fw\edk2\OvmfPkg\Include\IndustryStandard\Xen\io\xenbus.h
c:\fw\edk2\OvmfPkg\XenBusDxe\EventChannel.h
c:\fw\edk2\MdePkg\Include\Base.h
c:\fw\edk2\MdePkg\Include\Library\PrintLib.h
c:\fw\edk2\OvmfPkg\XenPvBlkDxe\BlockFront.c
c:\fw\edk2\OvmfPkg\XenPvBlkDxe\BlockIo.c
c:\fw\edk2\OvmfPkg\XenPvBlkDxe\ComponentName.c
c:\fw\edk2\OvmfPkg\XenPvBlkDxe\XenPvBlkDxe.c
c:\fw\edk2\MdePkg\Include\Library\DebugLib.h
c:\fw\edk2\OvmfPkg\Include\IndustryStandard\Xen\io\protocols.h
c:\fw\edk2\OvmfPkg\XenPvBlkDxe\XenPvBlkDxe.h
c:\fw\edk2\OvmfPkg\Include\IndustryStandard\Xen\io\xenbus.h
c:\fw\edk2\OvmfPkg\XenPvBlkDxe\BlockFront.h
c:\fw\edk2\MdePkg\Include\Library\PrintLib.h
c:\fw\edk2\MdeModulePkg\Universal\WatchdogTimerDxe\WatchdogTimer.c
c:\fw\edk2\MdeModulePkg\Universal\WatchdogTimerDxe\WatchdogTimer.h
c:\fw\edk2\MdeModulePkg\Universal\MonotonicCounterRuntimeDxe\MonotonicCounter.c
c:\fw\edk2\MdePkg\Include\Uefi.h
c:\fw\edk2\MdePkg\Include\Library\BaseLib.h
c:\fw\edk2\MdePkg\Include\Library\UefiRuntimeLib.h
c:\fw\edk2\MdePkg\Include\Library\UefiBootServicesTableLib.h
c:\fw\edk2\MdePkg\Include\Library\UefiRuntimeServicesTableLib.h
c:\fw\edk2\MdeModulePkg\Include\Guid\MtcVendor.h
c:\fw\edk2\MdePkg\Include\Library\UefiDriverEntryPoint.h
c:\fw\edk2\MdePkg\Include\Protocol\MonotonicCounter.h
c:\fw\edk2\MdePkg\Include\Library\DebugLib.h
c:\fw\edk2\MdeModulePkg\Universal\CapsuleRuntimeDxe\CapsuleService.c
c:\fw\edk2\MdeModulePkg\Universal\CapsuleRuntimeDxe\X64\SaveLongModeContext.c
c:\fw\edk2\MdeModulePkg\Universal\CapsuleRuntimeDxe\CapsuleReset.c
c:\fw\edk2\MdePkg\Include\Library\DebugLib.h
c:\fw\edk2\MdePkg\Include\Uefi.h
c:\fw\edk2\MdeModulePkg\Include\Guid\AcpiS3Context.h
c:\fw\edk2\MdePkg\Include\Protocol\Capsule.h
c:\fw\edk2\MdePkg\Include\Protocol\DxeSmmReadyToLock.h
c:\fw\edk2\MdePkg\Include\Library\PcdLib.h
c:\fw\edk2\MdePkg\Include\Library\UefiRuntimeServicesTableLib.h
c:\fw\edk2\MdePkg\Include\Library\BaseMemoryLib.h
c:\fw\edk2\MdeModulePkg\Include\Guid\CapsuleVendor.h
c:\fw\edk2\MdePkg\Include\Library\UefiRuntimeLib.h
c:\fw\edk2\MdeModulePkg\Include\Protocol\VariableLock.h
c:\fw\edk2\MdePkg\Include\Library\BaseLib.h
c:\fw\edk2\MdePkg\Include\Library\UefiBootServicesTableLib.h
c:\fw\edk2\MdePkg\Include\Library\UefiLib.h
c:\fw\edk2\MdeModulePkg\Universal\CapsuleRuntimeDxe\CapsuleService.h
c:\fw\edk2\MdeModulePkg\Universal\Console\ConPlatformDxe\ComponentName.c
c:\fw\edk2\MdeModulePkg\Universal\Console\ConPlatformDxe\ConPlatform.c
c:\fw\edk2\MdeModulePkg\Universal\Console\ConPlatformDxe\ConPlatform.h
c:\fw\edk2\MdeModulePkg\Universal\Console\ConSplitterDxe\ConSplitterGraphics.c
c:\fw\edk2\MdeModulePkg\Universal\Console\ConSplitterDxe\ComponentName.c
c:\fw\edk2\MdeModulePkg\Universal\Console\ConSplitterDxe\ConSplitter.c
c:\fw\edk2\MdeModulePkg\Universal\Console\ConSplitterDxe\ConSplitter.h
c:\fw\edk2\MdeModulePkg\Universal\Console\GraphicsConsoleDxe\ComponentName.c
c:\fw\edk2\MdeModulePkg\Universal\Console\GraphicsConsoleDxe\LaffStd.c
c:\fw\edk2\MdeModulePkg\Universal\Console\GraphicsConsoleDxe\GraphicsConsole.c
c:\fw\edk2\MdeModulePkg\Universal\Console\GraphicsConsoleDxe\GraphicsConsole.h
c:\fw\edk2\MdeModulePkg\Universal\Console\TerminalDxe\ComponentName.c
c:\fw\edk2\MdeModulePkg\Universal\Console\TerminalDxe\Vtutf8.c
c:\fw\edk2\MdeModulePkg\Universal\Console\TerminalDxe\Ansi.c
c:\fw\edk2\MdeModulePkg\Universal\Console\TerminalDxe\TerminalConOut.c
c:\fw\edk2\MdeModulePkg\Universal\Console\TerminalDxe\TerminalConIn.c
c:\fw\edk2\MdeModulePkg\Universal\Console\TerminalDxe\Terminal.c
c:\fw\edk2\MdeModulePkg\Universal\Console\TerminalDxe\Terminal.h
c:\fw\edk2\MdeModulePkg\Universal\DevicePathDxe\DevicePath.c
c:\fw\edk2\MdePkg\Include\Protocol\DevicePathUtilities.h
c:\fw\edk2\MdePkg\Include\Uefi.h
c:\fw\edk2\MdePkg\Include\Library\PcdLib.h
c:\fw\edk2\MdePkg\Include\Library\DevicePathLib.h
c:\fw\edk2\MdePkg\Include\Protocol\DevicePathToText.h
c:\fw\edk2\MdePkg\Include\Library\UefiDriverEntryPoint.h
c:\fw\edk2\MdePkg\Include\Protocol\DevicePathFromText.h
c:\fw\edk2\MdePkg\Include\Library\UefiBootServicesTableLib.h
c:\fw\edk2\MdeModulePkg\Universal\PrintDxe\Print.c
c:\fw\edk2\MdePkg\Include\Library\DebugLib.h
c:\fw\edk2\MdeModulePkg\Include\Protocol\Print2.h
c:\fw\edk2\MdePkg\Include\Library\UefiDriverEntryPoint.h
c:\fw\edk2\MdePkg\Include\PiDxe.h
c:\fw\edk2\MdePkg\Include\Library\PrintLib.h
c:\fw\edk2\MdePkg\Include\Library\UefiBootServicesTableLib.h
c:\fw\edk2\MdeModulePkg\Universal\Disk\DiskIoDxe\ComponentName.c
c:\fw\edk2\MdeModulePkg\Universal\Disk\DiskIoDxe\DiskIo.c
c:\fw\edk2\MdeModulePkg\Universal\Disk\DiskIoDxe\DiskIo.h
c:\fw\edk2\MdeModulePkg\Universal\Disk\PartitionDxe\ComponentName.c
c:\fw\edk2\MdeModulePkg\Universal\Disk\PartitionDxe\Mbr.c
c:\fw\edk2\MdeModulePkg\Universal\Disk\PartitionDxe\Gpt.c
c:\fw\edk2\MdeModulePkg\Universal\Disk\PartitionDxe\ElTorito.c
c:\fw\edk2\MdeModulePkg\Universal\Disk\PartitionDxe\Udf.c
c:\fw\edk2\MdeModulePkg\Universal\Disk\PartitionDxe\Partition.c
c:\fw\edk2\MdeModulePkg\Universal\Disk\PartitionDxe\Partition.h
c:\fw\edk2\MdeModulePkg\Universal\Disk\RamDiskDxe\RamDiskDriver.c
c:\fw\edk2\MdeModulePkg\Universal\Disk\RamDiskDxe\RamDiskImpl.c
c:\fw\edk2\MdeModulePkg\Universal\Disk\RamDiskDxe\RamDiskBlockIo.c
c:\fw\edk2\MdeModulePkg\Universal\Disk\RamDiskDxe\RamDiskProtocol.c
c:\fw\edk2\MdeModulePkg\Universal\Disk\RamDiskDxe\RamDiskFileExplorer.c
c:\fw\edk2\MdeModulePkg\Universal\Disk\RamDiskDxe\RamDiskImpl.h
c:\fw\edk2\MdeModulePkg\Universal\Disk\UnicodeCollation\EnglishDxe\UnicodeCollationEng.c
c:\fw\edk2\MdeModulePkg\Universal\Disk\UnicodeCollation\EnglishDxe\UnicodeCollationEng.h
c:\fw\edk2\FatPkg\EnhancedFatDxe\DirectoryCache.c
c:\fw\edk2\FatPkg\EnhancedFatDxe\DiskCache.c
c:\fw\edk2\FatPkg\EnhancedFatDxe\FileName.c
c:\fw\edk2\FatPkg\EnhancedFatDxe\Hash.c
c:\fw\edk2\FatPkg\EnhancedFatDxe\DirectoryManage.c
c:\fw\edk2\FatPkg\EnhancedFatDxe\ComponentName.c
c:\fw\edk2\FatPkg\EnhancedFatDxe\ReadWrite.c
c:\fw\edk2\FatPkg\EnhancedFatDxe\OpenVolume.c
c:\fw\edk2\FatPkg\EnhancedFatDxe\Open.c
c:\fw\edk2\FatPkg\EnhancedFatDxe\Misc.c
c:\fw\edk2\FatPkg\EnhancedFatDxe\Init.c
c:\fw\edk2\FatPkg\EnhancedFatDxe\Info.c
c:\fw\edk2\FatPkg\EnhancedFatDxe\FileSpace.c
c:\fw\edk2\FatPkg\EnhancedFatDxe\Flush.c
c:\fw\edk2\FatPkg\EnhancedFatDxe\Fat.c
c:\fw\edk2\FatPkg\EnhancedFatDxe\Delete.c
c:\fw\edk2\FatPkg\EnhancedFatDxe\Data.c
c:\fw\edk2\FatPkg\EnhancedFatDxe\UnicodeCollation.c
c:\fw\edk2\FatPkg\EnhancedFatDxe\Fat.h
c:\fw\edk2\MdeModulePkg\Universal\Disk\UdfDxe\ComponentName.c
c:\fw\edk2\MdeModulePkg\Universal\Disk\UdfDxe\FileSystemOperations.c
c:\fw\edk2\MdeModulePkg\Universal\Disk\UdfDxe\FileName.c
c:\fw\edk2\MdeModulePkg\Universal\Disk\UdfDxe\File.c
c:\fw\edk2\MdeModulePkg\Universal\Disk\UdfDxe\Udf.c
c:\fw\edk2\MdeModulePkg\Universal\Disk\UdfDxe\Udf.h
c:\fw\edk2\MdeModulePkg\Bus\Scsi\ScsiBusDxe\ComponentName.c
c:\fw\edk2\MdeModulePkg\Bus\Scsi\ScsiBusDxe\ScsiBus.c
c:\fw\edk2\MdeModulePkg\Bus\Scsi\ScsiBusDxe\ScsiBus.h
c:\fw\edk2\MdeModulePkg\Bus\Scsi\ScsiDiskDxe\ComponentName.c
c:\fw\edk2\MdeModulePkg\Bus\Scsi\ScsiDiskDxe\ScsiDisk.c
c:\fw\edk2\MdeModulePkg\Bus\Scsi\ScsiDiskDxe\ScsiDisk.h
c:\fw\edk2\OvmfPkg\SataControllerDxe\ComponentName.c
c:\fw\edk2\OvmfPkg\SataControllerDxe\SataController.c
c:\fw\edk2\OvmfPkg\SataControllerDxe\SataController.h
c:\fw\edk2\MdeModulePkg\Bus\Ata\AtaAtapiPassThru\AtaAtapiPassThru.c
c:\fw\edk2\MdeModulePkg\Bus\Ata\AtaAtapiPassThru\AhciMode.c
c:\fw\edk2\MdeModulePkg\Bus\Ata\AtaAtapiPassThru\IdeMode.c
c:\fw\edk2\MdeModulePkg\Bus\Ata\AtaAtapiPassThru\ComponentName.c
c:\fw\edk2\MdeModulePkg\Bus\Ata\AtaAtapiPassThru\AtaAtapiPassThru.h
c:\fw\edk2\MdeModulePkg\Bus\Ata\AtaBusDxe\AtaBus.c
c:\fw\edk2\MdeModulePkg\Bus\Ata\AtaBusDxe\AtaPassThruExecute.c
c:\fw\edk2\MdeModulePkg\Bus\Ata\AtaBusDxe\ComponentName.c
c:\fw\edk2\MdeModulePkg\Bus\Ata\AtaBusDxe\AtaBus.h
c:\fw\edk2\MdeModulePkg\Bus\Pci\NvmExpressDxe\NvmExpressBlockIo.c
c:\fw\edk2\MdeModulePkg\Bus\Pci\NvmExpressDxe\ComponentName.c
c:\fw\edk2\MdeModulePkg\Bus\Pci\NvmExpressDxe\NvmExpress.c
c:\fw\edk2\MdeModulePkg\Bus\Pci\NvmExpressDxe\NvmExpressDiskInfo.c
c:\fw\edk2\MdeModulePkg\Bus\Pci\NvmExpressDxe\NvmExpressHci.c
c:\fw\edk2\MdeModulePkg\Bus\Pci\NvmExpressDxe\NvmExpressPassthru.c
c:\fw\edk2\MdeModulePkg\Bus\Pci\NvmExpressDxe\NvmExpress.h
c:\fw\edk2\MdeModulePkg\Universal\HiiDatabaseDxe\HiiDatabaseEntry.c
c:\fw\edk2\MdeModulePkg\Universal\HiiDatabaseDxe\Image.c
c:\fw\edk2\MdeModulePkg\Universal\HiiDatabaseDxe\ImageEx.c
c:\fw\edk2\MdeModulePkg\Universal\HiiDatabaseDxe\ConfigRouting.c
c:\fw\edk2\MdeModulePkg\Universal\HiiDatabaseDxe\String.c
c:\fw\edk2\MdeModulePkg\Universal\HiiDatabaseDxe\Database.c
c:\fw\edk2\MdeModulePkg\Universal\HiiDatabaseDxe\Font.c
c:\fw\edk2\MdeModulePkg\Universal\HiiDatabaseDxe\ConfigKeywordHandler.c
c:\fw\edk2\MdeModulePkg\Universal\HiiDatabaseDxe\HiiDatabase.h
c:\fw\edk2\MdeModulePkg\Universal\SetupBrowserDxe\Setup.c
c:\fw\edk2\MdeModulePkg\Universal\SetupBrowserDxe\IfrParse.c
c:\fw\edk2\MdeModulePkg\Universal\SetupBrowserDxe\Expression.c
c:\fw\edk2\MdeModulePkg\Universal\SetupBrowserDxe\Presentation.c
c:\fw\edk2\MdeModulePkg\Universal\SetupBrowserDxe\Setup.h
c:\fw\edk2\MdeModulePkg\Universal\DisplayEngineDxe\FormDisplay.c
c:\fw\edk2\MdeModulePkg\Universal\DisplayEngineDxe\ProcessOptions.c
c:\fw\edk2\MdeModulePkg\Universal\DisplayEngineDxe\InputHandler.c
c:\fw\edk2\MdeModulePkg\Universal\DisplayEngineDxe\Popup.c
c:\fw\edk2\MdeModulePkg\Universal\DisplayEngineDxe\FormDisplay.h
c:\fw\edk2\MdeModulePkg\Universal\MemoryTest\NullMemoryTestDxe\NullMemoryTest.c
c:\fw\edk2\MdeModulePkg\Universal\MemoryTest\NullMemoryTestDxe\NullMemoryTest.h
c:\fw\edk2\OvmfPkg\QemuVideoDxe\ComponentName.c
c:\fw\edk2\OvmfPkg\QemuVideoDxe\Driver.c
c:\fw\edk2\OvmfPkg\QemuVideoDxe\DriverSupportedEfiVersion.c
c:\fw\edk2\OvmfPkg\QemuVideoDxe\Gop.c
c:\fw\edk2\OvmfPkg\QemuVideoDxe\Initialize.c
c:\fw\edk2\OvmfPkg\QemuVideoDxe\UnalignedIoMsc.c
c:\fw\edk2\OvmfPkg\QemuVideoDxe\VbeShim.c
c:\fw\edk2\OvmfPkg\QemuVideoDxe\VbeShim.h
c:\fw\edk2\MdePkg\Include\Library\DebugLib.h
c:\fw\edk2\OvmfPkg\QemuVideoDxe\UnalignedIoInternal.h
c:\fw\edk2\OvmfPkg\QemuVideoDxe\Qemu.h
c:\fw\edk2\OvmfPkg\Include\OvmfPlatforms.h
c:\fw\edk2\OvmfPkg\Include\IndustryStandard\VmwareSvga.h
c:\fw\edk2\MdePkg\Include\Library\PrintLib.h
c:\fw\edk2\MdePkg\Include\Library\PciLib.h
c:\fw\edk2\OvmfPkg\Include\IndustryStandard\LegacyVgaBios.h
c:\fw\edk2\MdePkg\Include\IndustryStandard\Acpi.h
c:\fw\edk2\OvmfPkg\QemuRamfbDxe\QemuRamfb.c
c:\fw\edk2\MdeModulePkg\Include\Library\FrameBufferBltLib.h
c:\fw\edk2\MdePkg\Include\Library\DebugLib.h
c:\fw\edk2\MdePkg\Include\Library\BaseLib.h
c:\fw\edk2\OvmfPkg\Include\Guid\QemuRamfb.h
c:\fw\edk2\MdePkg\Include\Library\BaseMemoryLib.h
c:\fw\edk2\MdePkg\Include\Library\DevicePathLib.h
c:\fw\edk2\MdePkg\Include\Protocol\GraphicsOutput.h
c:\fw\edk2\MdePkg\Include\Library\MemoryAllocationLib.h
c:\fw\edk2\OvmfPkg\Include\Library\QemuFwCfgLib.h
c:\fw\edk2\MdePkg\Include\Library\UefiBootServicesTableLib.h
c:\fw\edk2\OvmfPkg\VirtioGpuDxe\Commands.c
c:\fw\edk2\OvmfPkg\VirtioGpuDxe\DriverBinding.c
c:\fw\edk2\OvmfPkg\VirtioGpuDxe\Gop.c
c:\fw\edk2\MdePkg\Include\Protocol\PciIo.h
c:\fw\edk2\MdePkg\Include\Library\MemoryAllocationLib.h
c:\fw\edk2\MdePkg\Include\Protocol\DriverBinding.h
c:\fw\edk2\MdePkg\Include\Library\DevicePathLib.h
c:\fw\edk2\OvmfPkg\Include\Library\VirtioLib.h
c:\fw\edk2\MdePkg\Include\Protocol\ComponentName2.h
c:\fw\edk2\OvmfPkg\VirtioGpuDxe\VirtioGpu.h
c:\fw\edk2\MdePkg\Include\Library\UefiLib.h
c:\fw\edk2\MdePkg\Include\Library\PrintLib.h
c:\fw\edk2\MdePkg\Include\Protocol\DevicePath.h
c:\fw\edk2\MdePkg\Include\Library\UefiBootServicesTableLib.h
c:\fw\edk2\PcAtChipsetPkg\IsaAcpiDxe\PcatIsaAcpi.c
c:\fw\edk2\PcAtChipsetPkg\IsaAcpiDxe\IsaAcpi.c
c:\fw\edk2\PcAtChipsetPkg\IsaAcpiDxe\ComponentName.c
c:\fw\edk2\PcAtChipsetPkg\IsaAcpiDxe\PcatIsaAcpi.h
c:\fw\edk2\IntelFrameworkModulePkg\Bus\Isa\IsaBusDxe\ComponentName.c
c:\fw\edk2\IntelFrameworkModulePkg\Bus\Isa\IsaBusDxe\IsaIo.c
c:\fw\edk2\IntelFrameworkModulePkg\Bus\Isa\IsaBusDxe\IsaBus.c
c:\fw\edk2\IntelFrameworkModulePkg\Bus\Isa\IsaBusDxe\InternalIsaBus.h
c:\fw\edk2\IntelFrameworkModulePkg\Bus\Isa\IsaBusDxe\InternalIsaIo.h
c:\fw\edk2\IntelFrameworkModulePkg\Bus\Isa\IsaSerialDxe\ComponentName.c
c:\fw\edk2\IntelFrameworkModulePkg\Bus\Isa\IsaSerialDxe\Serial.c
c:\fw\edk2\IntelFrameworkModulePkg\Bus\Isa\IsaSerialDxe\Serial.h
c:\fw\edk2\IntelFrameworkModulePkg\Bus\Isa\Ps2KeyboardDxe\ComponentName.c
c:\fw\edk2\IntelFrameworkModulePkg\Bus\Isa\Ps2KeyboardDxe\Ps2KbdCtrller.c
c:\fw\edk2\IntelFrameworkModulePkg\Bus\Isa\Ps2KeyboardDxe\Ps2KbdTextIn.c
c:\fw\edk2\IntelFrameworkModulePkg\Bus\Isa\Ps2KeyboardDxe\Ps2Keyboard.c
c:\fw\edk2\IntelFrameworkModulePkg\Bus\Isa\Ps2KeyboardDxe\Ps2Keyboard.h
c:\fw\edk2\IntelFrameworkModulePkg\Bus\Isa\IsaFloppyDxe\ComponentName.c
c:\fw\edk2\IntelFrameworkModulePkg\Bus\Isa\IsaFloppyDxe\IsaFloppyCtrl.c
c:\fw\edk2\IntelFrameworkModulePkg\Bus\Isa\IsaFloppyDxe\IsaFloppyBlock.c
c:\fw\edk2\IntelFrameworkModulePkg\Bus\Isa\IsaFloppyDxe\IsaFloppy.c
c:\fw\edk2\IntelFrameworkModulePkg\Bus\Isa\IsaFloppyDxe\IsaFloppy.h
c:\fw\edk2\MdeModulePkg\Universal\SmbiosDxe\SmbiosDxe.c
c:\fw\edk2\MdeModulePkg\Universal\SmbiosDxe\SmbiosDxe.h
c:\fw\edk2\OvmfPkg\SmbiosPlatformDxe\SmbiosPlatformDxe.c
c:\fw\edk2\OvmfPkg\SmbiosPlatformDxe\Qemu.c
c:\fw\edk2\OvmfPkg\SmbiosPlatformDxe\X86Xen.c
c:\fw\edk2\OvmfPkg\SmbiosPlatformDxe\SmbiosPlatformDxe.h
c:\fw\edk2\MdePkg\Include\Library\MemoryAllocationLib.h
c:\fw\edk2\MdePkg\Include\Library\HobLib.h
c:\fw\edk2\OvmfPkg\Include\Guid\XenInfo.h
c:\fw\edk2\MdePkg\Include\Library\PcdLib.h
c:\fw\edk2\OvmfPkg\Include\Library\QemuFwCfgLib.h
c:\fw\edk2\MdeModulePkg\Universal\Acpi\AcpiTableDxe\AcpiTableProtocol.c
c:\fw\edk2\MdeModulePkg\Universal\Acpi\AcpiTableDxe\AcpiTable.c
c:\fw\edk2\MdeModulePkg\Universal\Acpi\AcpiTableDxe\AcpiSdt.c
c:\fw\edk2\MdeModulePkg\Universal\Acpi\AcpiTableDxe\Aml.c
c:\fw\edk2\MdeModulePkg\Universal\Acpi\AcpiTableDxe\AmlString.c
c:\fw\edk2\MdeModulePkg\Universal\Acpi\AcpiTableDxe\AmlOption.c
c:\fw\edk2\MdeModulePkg\Universal\Acpi\AcpiTableDxe\AmlChild.c
c:\fw\edk2\MdeModulePkg\Universal\Acpi\AcpiTableDxe\AmlNamespace.c
c:\fw\edk2\MdeModulePkg\Universal\Acpi\AcpiTableDxe\AcpiTable.h
c:\fw\edk2\OvmfPkg\AcpiPlatformDxe\AcpiPlatform.c
c:\fw\edk2\OvmfPkg\AcpiPlatformDxe\BootScript.c
c:\fw\edk2\OvmfPkg\AcpiPlatformDxe\EntryPoint.c
c:\fw\edk2\OvmfPkg\AcpiPlatformDxe\PciDecoding.c
c:\fw\edk2\OvmfPkg\AcpiPlatformDxe\Qemu.c
c:\fw\edk2\OvmfPkg\AcpiPlatformDxe\QemuFwCfgAcpi.c
c:\fw\edk2\OvmfPkg\AcpiPlatformDxe\Xen.c
c:\fw\edk2\OvmfPkg\Include\Library\QemuFwCfgS3Lib.h
c:\fw\edk2\MdePkg\Include\IndustryStandard\Acpi.h
c:\fw\edk2\MdePkg\Include\Library\MemoryAllocationLib.h
c:\fw\edk2\OvmfPkg\Include\Guid\XenInfo.h
c:\fw\edk2\OvmfPkg\AcpiPlatformDxe\QemuLoader.h
c:\fw\edk2\MdePkg\Include\Library\BaseMemoryLib.h
c:\fw\edk2\MdePkg\Include\Library\OrderedCollectionLib.h
c:\fw\edk2\MdePkg\Include\Library\DxeServicesTableLib.h
c:\fw\edk2\MdePkg\Include\Library\HobLib.h
c:\fw\edk2\MdePkg\Include\Library\BaseLib.h
c:\fw\edk2\OvmfPkg\Include\Guid\RootBridgesConnectedEventGroup.h
c:\fw\edk2\MdePkg\Include\Library\PcdLib.h
c:\fw\edk2\OvmfPkg\Include\Library\QemuFwCfgLib.h
c:\fw\edk2\OvmfPkg\AcpiPlatformDxe\AcpiPlatform.h
c:\fw\edk2\MdeModulePkg\Universal\Acpi\S3SaveStateDxe\S3SaveState.c
c:\fw\edk2\MdeModulePkg\Universal\Acpi\S3SaveStateDxe\AcpiS3ContextSave.c
c:\fw\edk2\MdeModulePkg\Universal\Acpi\S3SaveStateDxe\InternalS3SaveState.h
c:\fw\edk2\MdePkg\Include\Library\DebugLib.h
c:\fw\edk2\MdePkg\Include\Library\BaseLib.h
c:\fw\edk2\MdeModulePkg\Include\Guid\AcpiS3Context.h
c:\fw\edk2\MdePkg\Include\Library\HobLib.h
c:\fw\edk2\MdePkg\Include\Library\BaseMemoryLib.h
c:\fw\edk2\MdePkg\Include\IndustryStandard\Acpi.h
c:\fw\edk2\MdePkg\Include\PiDxe.h
c:\fw\edk2\MdePkg\Include\Library\PcdLib.h
c:\fw\edk2\MdeModulePkg\Include\Protocol\LockBox.h
c:\fw\edk2\MdePkg\Include\Guid\Acpi.h
c:\fw\edk2\MdeModulePkg\Include\Library\LockBoxLib.h
c:\fw\edk2\MdePkg\Include\Library\UefiBootServicesTableLib.h
c:\fw\edk2\MdeModulePkg\Universal\Acpi\BootScriptExecutorDxe\ScriptExecute.c
c:\fw\edk2\MdeModulePkg\Universal\Acpi\BootScriptExecutorDxe\X64\SetIdtEntry.c
c:\fw\edk2\MdeModulePkg\Universal\Acpi\BootScriptExecutorDxe\ScriptExecute.h
c:\fw\edk2\MdeModulePkg\Universal\Acpi\BootGraphicsResourceTableDxe\BootGraphicsResourceTableDxe.c
c:\fw\edk2\MdePkg\Include\Library\DebugLib.h
c:\fw\edk2\MdePkg\Include\Library\SafeIntLib.h
c:\fw\edk2\MdePkg\Include\Protocol\AcpiTable.h
c:\fw\edk2\MdePkg\Include\Library\BaseLib.h
c:\fw\edk2\MdePkg\Include\Uefi.h
c:\fw\edk2\MdePkg\Include\Guid\EventGroup.h
c:\fw\edk2\MdePkg\Include\Library\BaseMemoryLib.h
c:\fw\edk2\MdeModulePkg\Include\Protocol\BootLogo2.h
c:\fw\edk2\MdeModulePkg\Include\Protocol\BootLogo.h
c:\fw\edk2\MdeModulePkg\Include\Library\BmpSupportLib.h
c:\fw\edk2\MdePkg\Include\Protocol\GraphicsOutput.h
c:\fw\edk2\MdePkg\Include\Library\MemoryAllocationLib.h
c:\fw\edk2\MdePkg\Include\Library\PcdLib.h
c:\fw\edk2\MdePkg\Include\IndustryStandard\Acpi.h
c:\fw\edk2\MdePkg\Include\Library\UefiBootServicesTableLib.h
c:\fw\edk2\MdeModulePkg\Universal\Network\SnpDxe\Receive.c
c:\fw\edk2\MdeModulePkg\Universal\Network\SnpDxe\Nvdata.c
c:\fw\edk2\MdeModulePkg\Universal\Network\SnpDxe\Get_status.c
c:\fw\edk2\MdeModulePkg\Universal\Network\SnpDxe\Start.c
c:\fw\edk2\MdeModulePkg\Universal\Network\SnpDxe\Snp.c
c:\fw\edk2\MdeModulePkg\Universal\Network\SnpDxe\Stop.c
c:\fw\edk2\MdeModulePkg\Universal\Network\SnpDxe\Statistics.c
c:\fw\edk2\MdeModulePkg\Universal\Network\SnpDxe\Reset.c
c:\fw\edk2\MdeModulePkg\Universal\Network\SnpDxe\Shutdown.c
c:\fw\edk2\MdeModulePkg\Universal\Network\SnpDxe\Mcast_ip_to_mac.c
c:\fw\edk2\MdeModulePkg\Universal\Network\SnpDxe\Transmit.c
c:\fw\edk2\MdeModulePkg\Universal\Network\SnpDxe\WaitForPacket.c
c:\fw\edk2\MdeModulePkg\Universal\Network\SnpDxe\Receive_filters.c
c:\fw\edk2\MdeModulePkg\Universal\Network\SnpDxe\Initialize.c
c:\fw\edk2\MdeModulePkg\Universal\Network\SnpDxe\ComponentName.c
c:\fw\edk2\MdeModulePkg\Universal\Network\SnpDxe\Callback.c
c:\fw\edk2\MdeModulePkg\Universal\Network\SnpDxe\Station_address.c
c:\fw\edk2\MdeModulePkg\Universal\Network\SnpDxe\Snp.h
c:\fw\edk2\MdeModulePkg\Universal\Network\DpcDxe\Dpc.c
c:\fw\edk2\MdeModulePkg\Universal\Network\DpcDxe\Dpc.h
c:\fw\edk2\MdeModulePkg\Universal\Network\MnpDxe\MnpMain.c
c:\fw\edk2\MdeModulePkg\Universal\Network\MnpDxe\MnpIo.c
c:\fw\edk2\MdeModulePkg\Universal\Network\MnpDxe\ComponentName.c
c:\fw\edk2\MdeModulePkg\Universal\Network\MnpDxe\MnpDriver.c
c:\fw\edk2\MdeModulePkg\Universal\Network\MnpDxe\MnpConfig.c
c:\fw\edk2\MdeModulePkg\Universal\Network\MnpDxe\MnpVlan.c
c:\fw\edk2\MdeModulePkg\Universal\Network\MnpDxe\MnpVlan.h
c:\fw\edk2\MdeModulePkg\Universal\Network\MnpDxe\MnpDriver.h
c:\fw\edk2\MdeModulePkg\Universal\Network\MnpDxe\MnpImpl.h
c:\fw\edk2\MdeModulePkg\Universal\Network\VlanConfigDxe\ComponentName.c
c:\fw\edk2\MdeModulePkg\Universal\Network\VlanConfigDxe\VlanConfigDriver.c
c:\fw\edk2\MdeModulePkg\Universal\Network\VlanConfigDxe\VlanConfigImpl.c
c:\fw\edk2\MdeModulePkg\Universal\Network\VlanConfigDxe\VlanConfigImpl.h
c:\fw\edk2\MdeModulePkg\Universal\Network\ArpDxe\ArpMain.c
c:\fw\edk2\MdeModulePkg\Universal\Network\ArpDxe\ComponentName.c
c:\fw\edk2\MdeModulePkg\Universal\Network\ArpDxe\ArpImpl.c
c:\fw\edk2\MdeModulePkg\Universal\Network\ArpDxe\ArpDriver.c
c:\fw\edk2\MdeModulePkg\Universal\Network\ArpDxe\ArpDriver.h
c:\fw\edk2\MdeModulePkg\Universal\Network\ArpDxe\ArpImpl.h
c:\fw\edk2\MdeModulePkg\Universal\Network\Dhcp4Dxe\Dhcp4Impl.c
c:\fw\edk2\MdeModulePkg\Universal\Network\Dhcp4Dxe\Dhcp4Io.c
c:\fw\edk2\MdeModulePkg\Universal\Network\Dhcp4Dxe\ComponentName.c
c:\fw\edk2\MdeModulePkg\Universal\Network\Dhcp4Dxe\Dhcp4Driver.c
c:\fw\edk2\MdeModulePkg\Universal\Network\Dhcp4Dxe\Dhcp4Option.c
c:\fw\edk2\MdeModulePkg\Universal\Network\Dhcp4Dxe\Dhcp4Driver.h
c:\fw\edk2\MdeModulePkg\Universal\Network\Dhcp4Dxe\Dhcp4Impl.h
c:\fw\edk2\MdeModulePkg\Universal\Network\Ip4Dxe\Ip4Driver.c
c:\fw\edk2\MdeModulePkg\Universal\Network\Ip4Dxe\Ip4If.c
c:\fw\edk2\MdeModulePkg\Universal\Network\Ip4Dxe\Ip4Output.c
c:\fw\edk2\MdeModulePkg\Universal\Network\Ip4Dxe\Ip4Icmp.c
c:\fw\edk2\MdeModulePkg\Universal\Network\Ip4Dxe\Ip4Igmp.c
c:\fw\edk2\MdeModulePkg\Universal\Network\Ip4Dxe\Ip4Impl.c
c:\fw\edk2\MdeModulePkg\Universal\Network\Ip4Dxe\Ip4Common.c
c:\fw\edk2\MdeModulePkg\Universal\Network\Ip4Dxe\Ip4Option.c
c:\fw\edk2\MdeModulePkg\Universal\Network\Ip4Dxe\ComponentName.c
c:\fw\edk2\MdeModulePkg\Universal\Network\Ip4Dxe\Ip4Route.c
c:\fw\edk2\MdeModulePkg\Universal\Network\Ip4Dxe\Ip4Input.c
c:\fw\edk2\MdeModulePkg\Universal\Network\Ip4Dxe\Ip4Config2Impl.c
c:\fw\edk2\MdeModulePkg\Universal\Network\Ip4Dxe\Ip4Config2Nv.c
c:\fw\edk2\MdeModulePkg\Universal\Network\Ip4Dxe\Ip4Impl.h
c:\fw\edk2\MdeModulePkg\Universal\Network\Mtftp4Dxe\Mtftp4Option.c
c:\fw\edk2\MdeModulePkg\Universal\Network\Mtftp4Dxe\Mtftp4Rrq.c
c:\fw\edk2\MdeModulePkg\Universal\Network\Mtftp4Dxe\ComponentName.c
c:\fw\edk2\MdeModulePkg\Universal\Network\Mtftp4Dxe\Mtftp4Support.c
c:\fw\edk2\MdeModulePkg\Universal\Network\Mtftp4Dxe\Mtftp4Impl.c
c:\fw\edk2\MdeModulePkg\Universal\Network\Mtftp4Dxe\Mtftp4Driver.c
c:\fw\edk2\MdeModulePkg\Universal\Network\Mtftp4Dxe\Mtftp4Wrq.c
c:\fw\edk2\MdeModulePkg\Universal\Network\Mtftp4Dxe\Mtftp4Impl.h
c:\fw\edk2\MdeModulePkg\Universal\Network\Udp4Dxe\Udp4Main.c
c:\fw\edk2\MdeModulePkg\Universal\Network\Udp4Dxe\ComponentName.c
c:\fw\edk2\MdeModulePkg\Universal\Network\Udp4Dxe\Udp4Impl.c
c:\fw\edk2\MdeModulePkg\Universal\Network\Udp4Dxe\Udp4Driver.c
c:\fw\edk2\MdeModulePkg\Universal\Network\Udp4Dxe\Udp4Impl.h
c:\fw\edk2\MdeModulePkg\Universal\Network\Tcp4Dxe\SockImpl.c
c:\fw\edk2\MdeModulePkg\Universal\Network\Tcp4Dxe\SockInterface.c
c:\fw\edk2\MdeModulePkg\Universal\Network\Tcp4Dxe\Tcp4Output.c
c:\fw\edk2\MdeModulePkg\Universal\Network\Tcp4Dxe\Tcp4Timer.c
c:\fw\edk2\MdeModulePkg\Universal\Network\Tcp4Dxe\Tcp4Dispatcher.c
c:\fw\edk2\MdeModulePkg\Universal\Network\Tcp4Dxe\Tcp4Input.c
c:\fw\edk2\MdeModulePkg\Universal\Network\Tcp4Dxe\Tcp4Misc.c
c:\fw\edk2\MdeModulePkg\Universal\Network\Tcp4Dxe\Tcp4Main.c
c:\fw\edk2\MdeModulePkg\Universal\Network\Tcp4Dxe\ComponentName.c
c:\fw\edk2\MdeModulePkg\Universal\Network\Tcp4Dxe\Tcp4Io.c
c:\fw\edk2\MdeModulePkg\Universal\Network\Tcp4Dxe\Tcp4Driver.c
c:\fw\edk2\MdeModulePkg\Universal\Network\Tcp4Dxe\Tcp4Option.c
c:\fw\edk2\MdeModulePkg\Universal\Network\Tcp4Dxe\Tcp4Main.h
c:\fw\edk2\MdePkg\Include\Library\DevicePathLib.h
c:\fw\edk2\MdeModulePkg\Universal\Network\Tcp4Dxe\SockImpl.h
c:\fw\edk2\MdeModulePkg\Universal\Network\UefiPxeBcDxe\PxeBcMtftp.c
c:\fw\edk2\MdeModulePkg\Universal\Network\UefiPxeBcDxe\PxeBcSupport.c
c:\fw\edk2\MdeModulePkg\Universal\Network\UefiPxeBcDxe\PxeBcDriver.c
c:\fw\edk2\MdeModulePkg\Universal\Network\UefiPxeBcDxe\ComponentName.c
c:\fw\edk2\MdeModulePkg\Universal\Network\UefiPxeBcDxe\PxeBcImpl.c
c:\fw\edk2\MdeModulePkg\Universal\Network\UefiPxeBcDxe\PxeBcDhcp.c
c:\fw\edk2\MdeModulePkg\Universal\Network\UefiPxeBcDxe\PxeBcImpl.h
c:\fw\edk2\MdeModulePkg\Universal\Network\IScsiDxe\IScsiTcp4Io.c
c:\fw\edk2\MdeModulePkg\Universal\Network\IScsiDxe\IScsiProto.c
c:\fw\edk2\MdeModulePkg\Universal\Network\IScsiDxe\IScsiMisc.c
c:\fw\edk2\MdeModulePkg\Universal\Network\IScsiDxe\IScsiInitiatorName.c
c:\fw\edk2\MdeModulePkg\Universal\Network\IScsiDxe\IScsiIbft.c
c:\fw\edk2\MdeModulePkg\Universal\Network\IScsiDxe\IScsiExtScsiPassThru.c
c:\fw\edk2\MdeModulePkg\Universal\Network\IScsiDxe\IScsiDriver.c
c:\fw\edk2\MdeModulePkg\Universal\Network\IScsiDxe\IScsiDhcp.c
c:\fw\edk2\MdeModulePkg\Universal\Network\IScsiDxe\IScsiCHAP.c
c:\fw\edk2\MdeModulePkg\Universal\Network\IScsiDxe\ComponentName.c
c:\fw\edk2\MdeModulePkg\Universal\Network\IScsiDxe\Md5.c
c:\fw\edk2\MdeModulePkg\Universal\Network\IScsiDxe\IScsiConfig.c
c:\fw\edk2\MdeModulePkg\Universal\Network\IScsiDxe\IScsiImpl.h
c:\fw\edk2\MdeModulePkg\Universal\Network\IScsiDxe\Md5.h
c:\fw\edk2\OvmfPkg\VirtioNetDxe\ComponentName.c
c:\fw\edk2\OvmfPkg\VirtioNetDxe\DriverBinding.c
c:\fw\edk2\OvmfPkg\VirtioNetDxe\EntryPoint.c
c:\fw\edk2\OvmfPkg\VirtioNetDxe\Events.c
c:\fw\edk2\OvmfPkg\VirtioNetDxe\SnpGetStatus.c
c:\fw\edk2\OvmfPkg\VirtioNetDxe\SnpInitialize.c
c:\fw\edk2\OvmfPkg\VirtioNetDxe\SnpMcastIpToMac.c
c:\fw\edk2\OvmfPkg\VirtioNetDxe\SnpReceive.c
c:\fw\edk2\OvmfPkg\VirtioNetDxe\SnpReceiveFilters.c
c:\fw\edk2\OvmfPkg\VirtioNetDxe\SnpSharedHelpers.c
c:\fw\edk2\OvmfPkg\VirtioNetDxe\SnpShutdown.c
c:\fw\edk2\OvmfPkg\VirtioNetDxe\SnpStart.c
c:\fw\edk2\OvmfPkg\VirtioNetDxe\SnpStop.c
c:\fw\edk2\OvmfPkg\VirtioNetDxe\SnpTransmit.c
c:\fw\edk2\OvmfPkg\VirtioNetDxe\SnpUnsupported.c
c:\fw\edk2\MdePkg\Include\Library\BaseLib.h
c:\fw\edk2\MdePkg\Include\Library\MemoryAllocationLib.h
c:\fw\edk2\MdePkg\Include\Library\BaseMemoryLib.h
c:\fw\edk2\MdePkg\Include\Library\DevicePathLib.h
c:\fw\edk2\OvmfPkg\VirtioNetDxe\VirtioNet.h
c:\fw\edk2\MdePkg\Include\Library\UefiLib.h
c:\fw\edk2\MdePkg\Include\Library\UefiBootServicesTableLib.h
c:\fw\edk2\MdeModulePkg\Bus\Pci\UhciDxe\UhciSched.c
c:\fw\edk2\MdeModulePkg\Bus\Pci\UhciDxe\UhciDebug.c
c:\fw\edk2\MdeModulePkg\Bus\Pci\UhciDxe\UhciQueue.c
c:\fw\edk2\MdeModulePkg\Bus\Pci\UhciDxe\UhciReg.c
c:\fw\edk2\MdeModulePkg\Bus\Pci\UhciDxe\UsbHcMem.c
c:\fw\edk2\MdeModulePkg\Bus\Pci\UhciDxe\Uhci.c
c:\fw\edk2\MdeModulePkg\Bus\Pci\UhciDxe\ComponentName.c
c:\fw\edk2\MdeModulePkg\Bus\Pci\UhciDxe\Uhci.h
c:\fw\edk2\MdeModulePkg\Bus\Pci\EhciDxe\EhciUrb.c
c:\fw\edk2\MdeModulePkg\Bus\Pci\EhciDxe\UsbHcMem.c
c:\fw\edk2\MdeModulePkg\Bus\Pci\EhciDxe\EhciSched.c
c:\fw\edk2\MdeModulePkg\Bus\Pci\EhciDxe\EhciDebug.c
c:\fw\edk2\MdeModulePkg\Bus\Pci\EhciDxe\EhciReg.c
c:\fw\edk2\MdeModulePkg\Bus\Pci\EhciDxe\ComponentName.c
c:\fw\edk2\MdeModulePkg\Bus\Pci\EhciDxe\Ehci.c
c:\fw\edk2\MdeModulePkg\Bus\Pci\EhciDxe\Ehci.h
c:\fw\edk2\MdeModulePkg\Bus\Pci\XhciDxe\Xhci.c
c:\fw\edk2\MdeModulePkg\Bus\Pci\XhciDxe\XhciReg.c
c:\fw\edk2\MdeModulePkg\Bus\Pci\XhciDxe\XhciSched.c
c:\fw\edk2\MdeModulePkg\Bus\Pci\XhciDxe\UsbHcMem.c
c:\fw\edk2\MdeModulePkg\Bus\Pci\XhciDxe\ComponentName.c
c:\fw\edk2\MdeModulePkg\Bus\Pci\XhciDxe\Xhci.h
c:\fw\edk2\MdeModulePkg\Bus\Usb\UsbBusDxe\UsbDesc.c
c:\fw\edk2\MdeModulePkg\Bus\Usb\UsbBusDxe\UsbEnumer.c
c:\fw\edk2\MdeModulePkg\Bus\Usb\UsbBusDxe\UsbBus.c
c:\fw\edk2\MdeModulePkg\Bus\Usb\UsbBusDxe\UsbHub.c
c:\fw\edk2\MdeModulePkg\Bus\Usb\UsbBusDxe\ComponentName.c
c:\fw\edk2\MdeModulePkg\Bus\Usb\UsbBusDxe\UsbUtility.c
c:\fw\edk2\MdeModulePkg\Bus\Usb\UsbBusDxe\UsbBus.h
c:\fw\edk2\MdePkg\Include\Library\UefiLib.h
c:\fw\edk2\MdePkg\Include\Uefi.h
c:\fw\edk2\MdeModulePkg\Bus\Usb\UsbKbDxe\EfiKey.c
c:\fw\edk2\MdeModulePkg\Bus\Usb\UsbKbDxe\KeyBoard.c
c:\fw\edk2\MdeModulePkg\Bus\Usb\UsbKbDxe\ComponentName.c
c:\fw\edk2\MdeModulePkg\Bus\Usb\UsbKbDxe\KeyBoard.h
c:\fw\edk2\MdeModulePkg\Bus\Usb\UsbKbDxe\EfiKey.h
c:\fw\edk2\MdeModulePkg\Bus\Usb\UsbMassStorageDxe\UsbMassBot.c
c:\fw\edk2\MdeModulePkg\Bus\Usb\UsbMassStorageDxe\ComponentName.c
c:\fw\edk2\MdeModulePkg\Bus\Usb\UsbMassStorageDxe\UsbMassImpl.c
c:\fw\edk2\MdeModulePkg\Bus\Usb\UsbMassStorageDxe\UsbMassBoot.c
c:\fw\edk2\MdeModulePkg\Bus\Usb\UsbMassStorageDxe\UsbMassCbi.c
c:\fw\edk2\MdeModulePkg\Bus\Usb\UsbMassStorageDxe\UsbMassDiskInfo.c
c:\fw\edk2\MdeModulePkg\Bus\Usb\UsbMassStorageDxe\UsbMass.h
c:\fw\edk2\ShellPkg\DynamicCommand\TftpDynamicCommand\Tftp.c
c:\fw\edk2\ShellPkg\DynamicCommand\TftpDynamicCommand\TftpDynamicCommand.c
c:\fw\edk2\ShellPkg\DynamicCommand\TftpDynamicCommand\Tftp.h
c:\fw\edk2\MdePkg\Include\Protocol\ShellDynamicCommand.h
c:\fw\edk2\ShellPkg\Application\Shell\Shell.c
c:\fw\edk2\ShellPkg\Application\Shell\ShellParametersProtocol.c
c:\fw\edk2\ShellPkg\Application\Shell\ShellProtocol.c
c:\fw\edk2\ShellPkg\Application\Shell\FileHandleWrappers.c
c:\fw\edk2\ShellPkg\Application\Shell\ShellEnvVar.c
c:\fw\edk2\ShellPkg\Application\Shell\ShellManParser.c
c:\fw\edk2\ShellPkg\Application\Shell\ConsoleLogger.c
c:\fw\edk2\ShellPkg\Application\Shell\ConsoleWrappers.c
c:\fw\edk2\ShellPkg\Application\Shell\Shell.h
c:\fw\edk2\ShellPkg\Application\Shell\FileHandleInternal.h
c:\fw\edk2\OvmfPkg\PlatformDxe\Platform.c
c:\fw\edk2\OvmfPkg\PlatformDxe\PlatformConfig.c
c:\fw\edk2\MdePkg\Include\Library\UefiRuntimeServicesTableLib.h
c:\fw\edk2\MdePkg\Include\Library\DebugLib.h
c:\fw\edk2\MdePkg\Include\Library\MemoryAllocationLib.h
c:\fw\edk2\MdeModulePkg\Include\Library\HiiLib.h
c:\fw\edk2\OvmfPkg\Include\Guid\OvmfPlatformConfig.h
c:\fw\edk2\MdePkg\Include\Library\BaseMemoryLib.h
c:\fw\edk2\MdePkg\Include\Library\DevicePathLib.h
c:\fw\edk2\OvmfPkg\PlatformDxe\PlatformConfig.h
c:\fw\edk2\MdePkg\Include\Protocol\HiiConfigAccess.h
c:\fw\edk2\OvmfPkg\PlatformDxe\Platform.h
c:\fw\edk2\MdeModulePkg\Include\Library\UefiHiiServicesLib.h
c:\fw\edk2\MdePkg\Include\Protocol\GraphicsOutput.h
c:\fw\edk2\MdeModulePkg\Include\Guid\MdeModuleHii.h
c:\fw\edk2\MdePkg\Include\Library\BaseLib.h
c:\fw\edk2\MdePkg\Include\Library\UefiLib.h
c:\fw\edk2\MdePkg\Include\Library\PrintLib.h
c:\fw\edk2\MdePkg\Include\Protocol\DevicePath.h
c:\fw\edk2\MdePkg\Include\Library\UefiBootServicesTableLib.h
c:\fw\edk2\OvmfPkg\AmdSevDxe\AmdSevDxe.c
c:\fw\edk2\MdePkg\Include\Library\PcdLib.h
c:\fw\edk2\MdePkg\Include\Library\DebugLib.h
c:\fw\edk2\MdePkg\Include\Library\MemoryAllocationLib.h
c:\fw\edk2\OvmfPkg\Include\Library\MemEncryptSevLib.h
c:\fw\edk2\MdePkg\Include\Library\BaseMemoryLib.h
c:\fw\edk2\MdePkg\Include\Library\DxeServicesTableLib.h
c:\fw\edk2\MdePkg\Include\Library\BaseLib.h
c:\fw\edk2\OvmfPkg\IoMmuDxe\AmdSevIoMmu.c
c:\fw\edk2\OvmfPkg\IoMmuDxe\IoMmuDxe.c
c:\fw\edk2\OvmfPkg\IoMmuDxe\AmdSevIoMmu.h
c:\fw\edk2\OvmfPkg\QemuFlashFvbServicesRuntimeDxe\FvbInfo.c
c:\fw\edk2\OvmfPkg\QemuFlashFvbServicesRuntimeDxe\FwBlockService.c
c:\fw\edk2\OvmfPkg\QemuFlashFvbServicesRuntimeDxe\FwBlockServiceDxe.c
c:\fw\edk2\OvmfPkg\QemuFlashFvbServicesRuntimeDxe\QemuFlash.c
c:\fw\edk2\OvmfPkg\QemuFlashFvbServicesRuntimeDxe\QemuFlashDxe.c
c:\fw\edk2\MdeModulePkg\Include\Guid\SystemNvDataGuid.h
c:\fw\edk2\OvmfPkg\QemuFlashFvbServicesRuntimeDxe\QemuFlash.h
c:\fw\edk2\MdePkg\Include\Library\DebugLib.h
c:\fw\edk2\MdePkg\Include\Library\BaseLib.h
c:\fw\edk2\OvmfPkg\QemuFlashFvbServicesRuntimeDxe\FwBlockService.h
c:\fw\edk2\MdePkg\Include\Library\UefiRuntimeLib.h
c:\fw\edk2\MdePkg\Include\Pi\PiFirmwareVolume.h
c:\fw\edk2\MdePkg\Include\Guid\EventGroup.h
c:\fw\edk2\MdePkg\Include\Library\PcdLib.h
c:\fw\edk2\MdePkg\Include\Library\DevicePathLib.h
c:\fw\edk2\MdePkg\Include\Library\DxeServicesTableLib.h
c:\fw\edk2\MdePkg\Include\Library\MemoryAllocationLib.h
c:\fw\edk2\MdePkg\Include\Protocol\FirmwareVolumeBlock.h
c:\fw\edk2\MdePkg\Include\Library\BaseMemoryLib.h
c:\fw\edk2\MdePkg\Include\Protocol\DevicePath.h
c:\fw\edk2\MdePkg\Include\Library\UefiBootServicesTableLib.h
c:\fw\edk2\OvmfPkg\EmuVariableFvbRuntimeDxe\Fvb.c
c:\fw\edk2\MdeModulePkg\Include\Guid\SystemNvDataGuid.h
c:\fw\edk2\OvmfPkg\EmuVariableFvbRuntimeDxe\Fvb.h
c:\fw\edk2\MdePkg\Include\Library\MemoryAllocationLib.h
c:\fw\edk2\MdePkg\Include\Library\DebugLib.h
c:\fw\edk2\MdePkg\Include\Library\BaseLib.h
c:\fw\edk2\MdePkg\Include\Library\UefiRuntimeLib.h
c:\fw\edk2\MdePkg\Include\Guid\EventGroup.h
c:\fw\edk2\MdePkg\Include\Library\BaseMemoryLib.h
c:\fw\edk2\MdePkg\Include\Library\DevicePathLib.h
c:\fw\edk2\MdeModulePkg\Include\Guid\VariableFormat.h
c:\fw\edk2\OvmfPkg\Include\Library\PlatformFvbLib.h
c:\fw\edk2\MdePkg\Include\Library\UefiDriverEntryPoint.h
c:\fw\edk2\MdePkg\Include\Protocol\FirmwareVolumeBlock.h
c:\fw\edk2\MdePkg\Include\Library\PcdLib.h
c:\fw\edk2\MdePkg\Include\Library\UefiLib.h
c:\fw\edk2\MdePkg\Include\PiDxe.h
c:\fw\edk2\MdePkg\Include\Protocol\DevicePath.h
c:\fw\edk2\MdePkg\Include\Library\UefiBootServicesTableLib.h
c:\fw\edk2\MdeModulePkg\Universal\FaultTolerantWriteDxe\FtwMisc.c
c:\fw\edk2\MdeModulePkg\Universal\FaultTolerantWriteDxe\UpdateWorkingBlock.c
c:\fw\edk2\MdeModulePkg\Universal\FaultTolerantWriteDxe\FaultTolerantWrite.c
c:\fw\edk2\MdeModulePkg\Universal\FaultTolerantWriteDxe\FaultTolerantWriteDxe.c
c:\fw\edk2\MdeModulePkg\Universal\FaultTolerantWriteDxe\FaultTolerantWrite.h
c:\fw\edk2\MdeModulePkg\Universal\Variable\RuntimeDxe\Reclaim.c
c:\fw\edk2\MdeModulePkg\Universal\Variable\RuntimeDxe\Variable.c
c:\fw\edk2\MdeModulePkg\Universal\Variable\RuntimeDxe\VariableDxe.c
c:\fw\edk2\MdeModulePkg\Universal\Variable\RuntimeDxe\Measurement.c
c:\fw\edk2\MdeModulePkg\Universal\Variable\RuntimeDxe\TcgMorLockDxe.c
c:\fw\edk2\MdeModulePkg\Universal\Variable\RuntimeDxe\VarCheck.c
c:\fw\edk2\MdeModulePkg\Universal\Variable\RuntimeDxe\VariableExLib.c
c:\fw\edk2\MdeModulePkg\Universal\Variable\RuntimeDxe\PrivilegePolymorphic.h
c:\fw\edk2\MdePkg\Include\Library\DebugLib.h
c:\fw\edk2\MdePkg\Include\Library\MemoryAllocationLib.h
c:\fw\edk2\MdeModulePkg\Universal\Variable\RuntimeDxe\Variable.h
c:\fw\edk2\MdePkg\Include\Library\BaseMemoryLib.h
c:\fw\edk2\MdePkg\Include\Library\UefiRuntimeServicesTableLib.h
c:\fw\edk2\MdeModulePkg\Include\Library\TpmMeasurementLib.h
c:\fw\edk2\MdePkg\Include\IndustryStandard\MemoryOverwriteRequestControlLock.h
c:\fw\edk2\MdePkg\Include\Guid\MemoryOverwriteControl.h
c:\fw\edk2\MdePkg\Include\Library\BaseLib.h
c:\fw\edk2\MdePkg\Include\PiDxe.h
c:\fw\edk2\MdePkg\Include\IndustryStandard\UefiTcgPlatform.h
c:\fw\edk2\MdePkg\Include\Guid\ImageAuthentication.h
c:\fw\edk2\MdePkg\Include\Library\UefiBootServicesTableLib.h
