c:\fw\edk2\MdePkg\Library\PeiHobLib\PeiHobLib.inf
c:\fw\edk2\MdePkg\Library\PeiMemoryAllocationLib\PeiMemoryAllocationLib.inf
c:\fw\edk2\MdePkg\Library\PeiServicesTablePointerLibIdt\PeiServicesTablePointerLibIdt.inf
c:\fw\edk2\MdePkg\Library\PeiServicesLib\PeiServicesLib.inf
c:\fw\edk2\MdeModulePkg\Library\OemHookStatusCodeLibNull\OemHookStatusCodeLibNull.inf
c:\fw\edk2\MdeModulePkg\Library\PeiReportStatusCodeLib\PeiReportStatusCodeLib.inf
c:\fw\edk2\MdePkg\Library\PeiCoreEntryPoint\PeiCoreEntryPoint.inf
c:\fw\edk2\MdePkg\Library\PeimEntryPoint\PeimEntryPoint.inf
c:\fw\edk2\MdePkg\Library\PeiPcdLib\PeiPcdLib.inf
c:\fw\edk2\MdePkg\Library\PeiExtractGuidedSectionLib\PeiExtractGuidedSectionLib.inf
c:\fw\edk2\MdePkg\Library\PeiResourcePublicationLib\PeiResourcePublicationLib.inf
c:\fw\edk2\OvmfPkg\Library\QemuFwCfgS3Lib\PeiQemuFwCfgS3LibFwCfg.inf
c:\fw\edk2\UefiCpuPkg\Library\CpuExceptionHandlerLib\PeiCpuExceptionHandlerLib.inf
c:\fw\edk2\UefiCpuPkg\Library\MpInitLib\PeiMpInitLib.inf
c:\fw\edk2\MdePkg\Library\DxePcdLib\DxePcdLib.inf
c:\fw\edk2\MdePkg\Library\UefiBootServicesTableLib\UefiBootServicesTableLib.inf
c:\fw\edk2\MdeModulePkg\Library\DxeCoreMemoryAllocationLib\DxeCoreMemoryAllocationLib.inf
c:\fw\edk2\MdePkg\Library\UefiRuntimeServicesTableLib\UefiRuntimeServicesTableLib.inf
c:\fw\edk2\MdePkg\Library\UefiDevicePathLib\UefiDevicePathLib.inf
c:\fw\edk2\MdePkg\Library\DxeCoreEntryPoint\DxeCoreEntryPoint.inf
c:\fw\edk2\MdePkg\Library\UefiLib\UefiLib.inf
c:\fw\edk2\MdePkg\Library\DxeCoreHobLib\DxeCoreHobLib.inf
c:\fw\edk2\MdePkg\Library\DxeExtractGuidedSectionLib\DxeExtractGuidedSectionLib.inf
c:\fw\edk2\MdeModulePkg\Library\DxeReportStatusCodeLib\DxeReportStatusCodeLib.inf
c:\fw\edk2\MdePkg\Library\DxeServicesLib\DxeServicesLib.inf
c:\fw\edk2\UefiCpuPkg\Library\CpuExceptionHandlerLib\DxeCpuExceptionHandlerLib.inf
c:\fw\edk2\MdePkg\Library\UefiMemoryAllocationLib\UefiMemoryAllocationLib.inf
c:\fw\edk2\MdePkg\Library\UefiDevicePathLibDevicePathProtocol\UefiDevicePathLibDevicePathProtocol.inf
c:\fw\edk2\MdePkg\Library\UefiRuntimeLib\UefiRuntimeLib.inf
c:\fw\edk2\MdePkg\Library\UefiDriverEntryPoint\UefiDriverEntryPoint.inf
c:\fw\edk2\MdePkg\Library\DxeHobLib\DxeHobLib.inf
c:\fw\edk2\MdeModulePkg\Library\RuntimeDxeReportStatusCodeLib\RuntimeDxeReportStatusCodeLib.inf
c:\fw\edk2\MdeModulePkg\Library\DxeSecurityManagementLib\DxeSecurityManagementLib.inf
c:\fw\edk2\MdePkg\Library\DxeServicesTableLib\DxeServicesTableLib.inf
c:\fw\edk2\UefiCpuPkg\Library\MpInitLib\DxeMpInitLib.inf
c:\fw\edk2\OvmfPkg\Library\PciHostBridgeLib\PciHostBridgeLib.inf
c:\fw\edk2\MdeModulePkg\Library\UefiHiiServicesLib\UefiHiiServicesLib.inf
c:\fw\edk2\MdeModulePkg\Library\UefiSortLib\UefiSortLib.inf
c:\fw\edk2\MdeModulePkg\Library\UefiHiiLib\UefiHiiLib.inf
c:\fw\edk2\MdeModulePkg\Library\UefiBootManagerLib\UefiBootManagerLib.inf
c:\fw\edk2\OvmfPkg\Library\SerializeVariablesLib\SerializeVariablesLib.inf
c:\fw\edk2\MdePkg\Library\UefiFileHandleLib\UefiFileHandleLib.inf
c:\fw\edk2\OvmfPkg\Library\Tcg2PhysicalPresenceLibNull\DxeTcg2PhysicalPresenceLib.inf
c:\fw\edk2\OvmfPkg\Library\QemuBootOrderLib\QemuBootOrderLib.inf
c:\fw\edk2\OvmfPkg\Library\QemuFwCfgS3Lib\DxeQemuFwCfgS3LibFwCfg.inf
c:\fw\edk2\OvmfPkg\Library\NvVarsFileLib\NvVarsFileLib.inf
c:\fw\edk2\MdeModulePkg\Library\BootLogoLib\BootLogoLib.inf
c:\fw\edk2\OvmfPkg\Library\PlatformBootManagerLib\PlatformBootManagerLib.inf
c:\fw\edk2\MdeModulePkg\Library\FileExplorerLib\FileExplorerLib.inf
c:\fw\edk2\MdePkg\Library\UefiApplicationEntryPoint\UefiApplicationEntryPoint.inf
c:\fw\edk2\MdeModulePkg\Library\DeviceManagerUiLib\DeviceManagerUiLib.inf
c:\fw\edk2\MdeModulePkg\Library\BootManagerUiLib\BootManagerUiLib.inf
c:\fw\edk2\MdeModulePkg\Library\BootMaintenanceManagerUiLib\BootMaintenanceManagerUiLib.inf
c:\fw\edk2\OvmfPkg\Library\UefiPciCapPciIoLib\UefiPciCapPciIoLib.inf
c:\fw\edk2\OvmfPkg\Library\VirtioLib\VirtioLib.inf
c:\fw\edk2\MdeModulePkg\Library\DxeCapsuleLibNull\DxeCapsuleLibNull.inf
c:\fw\edk2\MdePkg\Library\UefiScsiLib\UefiScsiLib.inf
c:\fw\edk2\MdeModulePkg\Library\CustomizedDisplayLib\CustomizedDisplayLib.inf
c:\fw\edk2\MdeModulePkg\Library\FrameBufferBltLib\FrameBufferBltLib.inf
c:\fw\edk2\OvmfPkg\Library\LockBoxLib\LockBoxDxeLib.inf
c:\fw\edk2\MdeModulePkg\Library\PiDxeS3BootScriptLib\DxeS3BootScriptLib.inf
c:\fw\edk2\MdeModulePkg\Library\DxeNetLib\DxeNetLib.inf
c:\fw\edk2\MdeModulePkg\Library\DxeDpcLib\DxeDpcLib.inf
c:\fw\edk2\MdeModulePkg\Library\DxeUdpIoLib\DxeUdpIoLib.inf
c:\fw\edk2\MdeModulePkg\Library\DxeIpIoLib\DxeIpIoLib.inf
c:\fw\edk2\MdePkg\Library\UefiUsbLib\UefiUsbLib.inf
c:\fw\edk2\ShellPkg\Library\UefiShellLib\UefiShellLib.inf
c:\fw\edk2\ShellPkg\Library\UefiHandleParsingLib\UefiHandleParsingLib.inf
c:\fw\edk2\ShellPkg\Library\UefiShellCommandLib\UefiShellCommandLib.inf
c:\fw\edk2\ShellPkg\Library\UefiShellBcfgCommandLib\UefiShellBcfgCommandLib.inf
c:\fw\edk2\ShellPkg\Library\UefiShellLevel2CommandsLib\UefiShellLevel2CommandsLib.inf
c:\fw\edk2\ShellPkg\Library\UefiShellLevel1CommandsLib\UefiShellLevel1CommandsLib.inf
c:\fw\edk2\ShellPkg\Library\UefiShellLevel3CommandsLib\UefiShellLevel3CommandsLib.inf
c:\fw\edk2\ShellPkg\Library\UefiShellDriver1CommandsLib\UefiShellDriver1CommandsLib.inf
c:\fw\edk2\ShellPkg\Library\UefiShellDebug1CommandsLib\UefiShellDebug1CommandsLib.inf
c:\fw\edk2\ShellPkg\Library\UefiShellInstall1CommandsLib\UefiShellInstall1CommandsLib.inf
c:\fw\edk2\ShellPkg\Library\UefiShellNetwork1CommandsLib\UefiShellNetwork1CommandsLib.inf
c:\fw\edk2\MdeModulePkg\Library\VarCheckLib\VarCheckLib.inf
c:\fw\edk2\MdeModulePkg\Library\TpmMeasurementLibNull\TpmMeasurementLibNull.inf
c:\fw\edk2\MdeModulePkg\Library\AuthVariableLibNull\AuthVariableLibNull.inf
c:\fw\edk2\MdeModulePkg\Library\VarCheckUefiLib\VarCheckUefiLib.inf
c:\fw\edk2\OvmfPkg\ResetVector\ResetVector.inf
c:\fw\edk2\OvmfPkg\Sec\SecMain.inf
c:\fw\edk2\MdeModulePkg\Core\Pei\PeiMain.inf
c:\fw\edk2\MdeModulePkg\Universal\PCD\Pei\Pcd.inf
c:\fw\edk2\MdeModulePkg\Universal\ReportStatusCodeRouter\Pei\ReportStatusCodeRouterPei.inf
c:\fw\edk2\MdeModulePkg\Universal\StatusCodeHandler\Pei\StatusCodeHandlerPei.inf
c:\fw\edk2\MdeModulePkg\Core\DxeIplPeim\DxeIpl.inf
c:\fw\edk2\OvmfPkg\PlatformPei\PlatformPei.inf
c:\fw\edk2\UefiCpuPkg\Universal\Acpi\S3Resume2Pei\S3Resume2Pei.inf
c:\fw\edk2\UefiCpuPkg\CpuMpPei\CpuMpPei.inf
c:\fw\edk2\MdeModulePkg\Core\Dxe\DxeMain.inf
c:\fw\edk2\MdeModulePkg\Universal\ReportStatusCodeRouter\RuntimeDxe\ReportStatusCodeRouterRuntimeDxe.inf
c:\fw\edk2\MdeModulePkg\Universal\StatusCodeHandler\RuntimeDxe\StatusCodeHandlerRuntimeDxe.inf
c:\fw\edk2\MdeModulePkg\Universal\PCD\Dxe\Pcd.inf
c:\fw\edk2\MdeModulePkg\Core\RuntimeDxe\RuntimeDxe.inf
c:\fw\edk2\MdeModulePkg\Universal\SecurityStubDxe\SecurityStubDxe.inf
c:\fw\edk2\MdeModulePkg\Universal\EbcDxe\EbcDxe.inf
c:\fw\edk2\PcAtChipsetPkg\8259InterruptControllerDxe\8259.inf
c:\fw\edk2\UefiCpuPkg\CpuIo2Dxe\CpuIo2Dxe.inf
c:\fw\edk2\UefiCpuPkg\CpuDxe\CpuDxe.inf
c:\fw\edk2\PcAtChipsetPkg\8254TimerDxe\8254Timer.inf
c:\fw\edk2\OvmfPkg\IncompatiblePciDeviceSupportDxe\IncompatiblePciDeviceSupport.inf
c:\fw\edk2\OvmfPkg\PciHotPlugInitDxe\PciHotPlugInit.inf
c:\fw\edk2\MdeModulePkg\Bus\Pci\PciHostBridgeDxe\PciHostBridgeDxe.inf
c:\fw\edk2\MdeModulePkg\Bus\Pci\PciBusDxe\PciBusDxe.inf
c:\fw\edk2\MdeModulePkg\Universal\ResetSystemRuntimeDxe\ResetSystemRuntimeDxe.inf
c:\fw\edk2\MdeModulePkg\Universal\Metronome\Metronome.inf
c:\fw\edk2\PcAtChipsetPkg\PcatRealTimeClockRuntimeDxe\PcatRealTimeClockRuntimeDxe.inf
c:\fw\edk2\MdeModulePkg\Universal\DriverHealthManagerDxe\DriverHealthManagerDxe.inf
c:\fw\edk2\MdeModulePkg\Universal\BdsDxe\BdsDxe.inf
c:\fw\edk2\MdeModulePkg\Logo\LogoDxe.inf
c:\fw\edk2\MdeModulePkg\Application\UiApp\UiApp.inf
c:\fw\edk2\OvmfPkg\VirtioPciDeviceDxe\VirtioPciDeviceDxe.inf
c:\fw\edk2\OvmfPkg\Virtio10Dxe\Virtio10.inf
c:\fw\edk2\OvmfPkg\VirtioBlkDxe\VirtioBlk.inf
c:\fw\edk2\OvmfPkg\VirtioScsiDxe\VirtioScsi.inf
c:\fw\edk2\OvmfPkg\VirtioRngDxe\VirtioRng.inf
c:\fw\edk2\OvmfPkg\XenIoPciDxe\XenIoPciDxe.inf
c:\fw\edk2\OvmfPkg\XenBusDxe\XenBusDxe.inf
c:\fw\edk2\OvmfPkg\XenPvBlkDxe\XenPvBlkDxe.inf
c:\fw\edk2\MdeModulePkg\Universal\WatchdogTimerDxe\WatchdogTimer.inf
c:\fw\edk2\MdeModulePkg\Universal\MonotonicCounterRuntimeDxe\MonotonicCounterRuntimeDxe.inf
c:\fw\edk2\MdeModulePkg\Universal\CapsuleRuntimeDxe\CapsuleRuntimeDxe.inf
c:\fw\edk2\MdeModulePkg\Universal\Console\ConPlatformDxe\ConPlatformDxe.inf
c:\fw\edk2\MdeModulePkg\Universal\Console\ConSplitterDxe\ConSplitterDxe.inf
c:\fw\edk2\MdeModulePkg\Universal\Console\GraphicsConsoleDxe\GraphicsConsoleDxe.inf
c:\fw\edk2\MdeModulePkg\Universal\Console\TerminalDxe\TerminalDxe.inf
c:\fw\edk2\MdeModulePkg\Universal\DevicePathDxe\DevicePathDxe.inf
c:\fw\edk2\MdeModulePkg\Universal\PrintDxe\PrintDxe.inf
c:\fw\edk2\MdeModulePkg\Universal\Disk\DiskIoDxe\DiskIoDxe.inf
c:\fw\edk2\MdeModulePkg\Universal\Disk\PartitionDxe\PartitionDxe.inf
c:\fw\edk2\MdeModulePkg\Universal\Disk\RamDiskDxe\RamDiskDxe.inf
c:\fw\edk2\MdeModulePkg\Universal\Disk\UnicodeCollation\EnglishDxe\EnglishDxe.inf
c:\fw\edk2\FatPkg\EnhancedFatDxe\Fat.inf
c:\fw\edk2\MdeModulePkg\Universal\Disk\UdfDxe\UdfDxe.inf
c:\fw\edk2\MdeModulePkg\Bus\Scsi\ScsiBusDxe\ScsiBusDxe.inf
c:\fw\edk2\MdeModulePkg\Bus\Scsi\ScsiDiskDxe\ScsiDiskDxe.inf
c:\fw\edk2\OvmfPkg\SataControllerDxe\SataControllerDxe.inf
c:\fw\edk2\MdeModulePkg\Bus\Ata\AtaAtapiPassThru\AtaAtapiPassThru.inf
c:\fw\edk2\MdeModulePkg\Bus\Ata\AtaBusDxe\AtaBusDxe.inf
c:\fw\edk2\MdeModulePkg\Bus\Pci\NvmExpressDxe\NvmExpressDxe.inf
c:\fw\edk2\MdeModulePkg\Universal\HiiDatabaseDxe\HiiDatabaseDxe.inf
c:\fw\edk2\MdeModulePkg\Universal\SetupBrowserDxe\SetupBrowserDxe.inf
c:\fw\edk2\MdeModulePkg\Universal\DisplayEngineDxe\DisplayEngineDxe.inf
c:\fw\edk2\MdeModulePkg\Universal\MemoryTest\NullMemoryTestDxe\NullMemoryTestDxe.inf
c:\fw\edk2\OvmfPkg\QemuVideoDxe\QemuVideoDxe.inf
c:\fw\edk2\OvmfPkg\QemuRamfbDxe\QemuRamfbDxe.inf
c:\fw\edk2\OvmfPkg\VirtioGpuDxe\VirtioGpu.inf
c:\fw\edk2\PcAtChipsetPkg\IsaAcpiDxe\IsaAcpi.inf
c:\fw\edk2\IntelFrameworkModulePkg\Bus\Isa\IsaBusDxe\IsaBusDxe.inf
c:\fw\edk2\IntelFrameworkModulePkg\Bus\Isa\IsaSerialDxe\IsaSerialDxe.inf
c:\fw\edk2\IntelFrameworkModulePkg\Bus\Isa\Ps2KeyboardDxe\Ps2keyboardDxe.inf
c:\fw\edk2\IntelFrameworkModulePkg\Bus\Isa\IsaFloppyDxe\IsaFloppyDxe.inf
c:\fw\edk2\MdeModulePkg\Universal\SmbiosDxe\SmbiosDxe.inf
c:\fw\edk2\OvmfPkg\SmbiosPlatformDxe\SmbiosPlatformDxe.inf
c:\fw\edk2\MdeModulePkg\Universal\Acpi\AcpiTableDxe\AcpiTableDxe.inf
c:\fw\edk2\OvmfPkg\AcpiPlatformDxe\AcpiPlatformDxe.inf
c:\fw\edk2\OvmfPkg\AcpiTables\AcpiTables.inf
c:\fw\edk2\MdeModulePkg\Universal\Acpi\S3SaveStateDxe\S3SaveStateDxe.inf
c:\fw\edk2\MdeModulePkg\Universal\Acpi\BootScriptExecutorDxe\BootScriptExecutorDxe.inf
c:\fw\edk2\MdeModulePkg\Universal\Acpi\BootGraphicsResourceTableDxe\BootGraphicsResourceTableDxe.inf
c:\fw\edk2\MdeModulePkg\Universal\Network\SnpDxe\SnpDxe.inf
c:\fw\edk2\MdeModulePkg\Universal\Network\DpcDxe\DpcDxe.inf
c:\fw\edk2\MdeModulePkg\Universal\Network\MnpDxe\MnpDxe.inf
c:\fw\edk2\MdeModulePkg\Universal\Network\VlanConfigDxe\VlanConfigDxe.inf
c:\fw\edk2\MdeModulePkg\Universal\Network\ArpDxe\ArpDxe.inf
c:\fw\edk2\MdeModulePkg\Universal\Network\Dhcp4Dxe\Dhcp4Dxe.inf
c:\fw\edk2\MdeModulePkg\Universal\Network\Ip4Dxe\Ip4Dxe.inf
c:\fw\edk2\MdeModulePkg\Universal\Network\Mtftp4Dxe\Mtftp4Dxe.inf
c:\fw\edk2\MdeModulePkg\Universal\Network\Udp4Dxe\Udp4Dxe.inf
c:\fw\edk2\MdeModulePkg\Universal\Network\Tcp4Dxe\Tcp4Dxe.inf
c:\fw\edk2\MdeModulePkg\Universal\Network\UefiPxeBcDxe\UefiPxeBcDxe.inf
c:\fw\edk2\MdeModulePkg\Universal\Network\IScsiDxe\IScsiDxe.inf
c:\fw\edk2\OvmfPkg\VirtioNetDxe\VirtioNet.inf
c:\fw\edk2\MdeModulePkg\Bus\Pci\UhciDxe\UhciDxe.inf
c:\fw\edk2\MdeModulePkg\Bus\Pci\EhciDxe\EhciDxe.inf
c:\fw\edk2\MdeModulePkg\Bus\Pci\XhciDxe\XhciDxe.inf
c:\fw\edk2\MdeModulePkg\Bus\Usb\UsbBusDxe\UsbBusDxe.inf
c:\fw\edk2\MdeModulePkg\Bus\Usb\UsbKbDxe\UsbKbDxe.inf
c:\fw\edk2\MdeModulePkg\Bus\Usb\UsbMassStorageDxe\UsbMassStorageDxe.inf
c:\fw\edk2\ShellPkg\DynamicCommand\TftpDynamicCommand\TftpDynamicCommand.inf
c:\fw\edk2\ShellPkg\Application\Shell\Shell.inf
c:\fw\edk2\OvmfPkg\PlatformDxe\Platform.inf
c:\fw\edk2\OvmfPkg\AmdSevDxe\AmdSevDxe.inf
c:\fw\edk2\OvmfPkg\IoMmuDxe\IoMmuDxe.inf
c:\fw\edk2\OvmfPkg\QemuFlashFvbServicesRuntimeDxe\FvbServicesRuntimeDxe.inf
c:\fw\edk2\OvmfPkg\EmuVariableFvbRuntimeDxe\Fvb.inf
c:\fw\edk2\MdeModulePkg\Universal\FaultTolerantWriteDxe\FaultTolerantWriteDxe.inf
c:\fw\edk2\MdeModulePkg\Universal\Variable\RuntimeDxe\VariableRuntimeDxe.inf
