Dispatched:
SecMain
PeiCore
PcdPeim
ReportStatusCodeRouterPei
StatusCodeHandlerPei
PlatformPei
DxeIpl
S3Resume2Pei
CpuMpPei
DxeCore
DevicePathDxe
PcdDxe
AmdSevDxe
FvbServicesRuntimeDxe
ReportStatusCodeRouterRuntimeDxe
RuntimeDxe
SecurityStubDxe
EbcDxe
Legacy8259
CpuIo2Dxe
CpuDxe
IncompatiblePciDeviceSupportDxe
PciHotPlugInitDxe
ResetSystemRuntimeDxe
Metronome
PrintDxe
HiiDatabase
NullMemoryTestDxe
AcpiTableDxe
DpcDxe
IoMmuDxe
EmuVariableFvbRuntimeDxe
VariableRuntimeDxe
StatusCodeHandlerRuntimeDxe
Timer
PciHostBridgeDxe
PcRtc
MonotonicCounterRuntimeDxe
CapsuleRuntimeDxe
BdsDxe
SetupBrowser
SmbiosDxe
AcpiPlatform
S3SaveStateDxe
LogoDxe
QemuRamfbDxe
PlatformDxe
FaultTolerantWriteDxe
WatchdogTimer
DriverHealthManagerDxe
RamDiskDxe
DisplayEngine
SmbiosPlatformDxe
PciBusDxe
VirtioPciDeviceDxe
Virtio10
VirtioBlkDxe
VirtioScsiDxe
VirtioRngDxe
XenIoPciDxe
XenBusDxe
XenPvBlkDxe
ConPlatformDxe
ConSplitterDxe
GraphicsConsoleDxe
TerminalDxe
DiskIoDxe
PartitionDxe
EnglishDxe
ScsiBus
ScsiDisk
SataController
AtaAtapiPassThruDxe
AtaBusDxe
NvmExpressDxe
IsaAcpi
IsaBusDxe
IsaSerialDxe
Ps2KeyboardDxe
IsaFloppyDxe
BootGraphicsResourceTableDxe
Fat
UdfDxe
SnpDxe
MnpDxe
VlanConfigDxe
ArpDxe
Dhcp4Dxe
Ip4Dxe
Mtftp4Dxe
Udp4Dxe
Tcp4Dxe
UefiPxe4BcDxe
IScsi4Dxe
VirtioNetDxe
UhciDxe
EhciDxe
XhciDxe
UsbBusDxe
UsbKbDxe
UsbMassStorageDxe
QemuVideoDxe
VirtioGpuDxe

UnDispatched:
BootScriptExecutorDxe
