
9d9a39d8-bd42-4a73-a4d5-8ee94be11380
eb97088e-cfdf-49c6-be4b-d906a5b20e86
2fe800be-8f01-4aa6-946b-d71388e1833f
5053697e-2cbc-4819-90d9-0580deee5754
8b843e20-8132-4852-90cc-551a4e4a7f1c
15853d7c-3ddf-43e0-a1cb-ebf85b8f872c
05c99a21-c70f-4ad2-8a5f-35df3343f51e
3152bca5-eade-433d-862e-c01cdc291f44
d432a67f-14dc-484b-b3bb-3f0291849327
26baccb2-6f42-11d4-bce7-0080c73c8881
a4c751fc-23ae-4c3e-92e9-4964cf63f349
03c4e603-ac28-11d3-9a2d-0090273fc14d
665e3ff6-46cc-11d4-9a38-0090273fc14d
83f01464-99bd-45e5-b383-af6305d8e9e6
665e3ff5-46cc-11d4-9a38-0090273fc14d
26baccb1-6f42-11d4-bce7-0080c73c8881
ffe06bdd-6107-46a6-7bb2-5a9c7ec5275c
cd3d0a05-9e24-437c-a891-1ee053db7638
eb23f55a-7863-4ac2-8d3d-956535de0375
a46423e3-4617-49f1-b9ff-d1bfa9115839
587e72d7-cc50-4f79-8209-ca291fc1a10f
9da34ae0-eaf9-4bbf-8ec3-fd60226c44be
3fdda605-a76e-4f46-ad29-12f4531b3d08
31a6406a-6bdf-4e46-b2a2-ebaa89c40920
0fd96974-23aa-4cdc-b9cb-98d17750322a
c88b0b6d-0dfc-49a7-9cb4-49074b4c3a78
4b5dc1df-1eaa-48b2-a7e9-eac489a00b5c
f4b427bb-ba21-4f16-bc4e-43e416ab619c
f8775d50-8abd-4adf-92ac-853e51f6c8dc
6efac84f-0ab0-4747-81be-855562590449
26baccb3-6f42-11d4-bce7-0080c73c8881
f05976ef-83f1-4f3d-8619-f7595d41e538
65530bc7-a359-410f-b010-5aadc7ec2b62
fd0f4478-0efd-461d-ba2d-e58c45fd5f5e
86212936-0e76-41c8-a03a-2af2fc1c39e2
d3b36f2d-d551-11d4-9a46-0090273fc14d
ce345171-ba0b-11d2-8e4f-00a0c969723b
4006c0c1-fcb3-403e-996d-4a6c8724e06d
8f644fa9-e850-4db1-9ce2-0b44698e8da4
41d94cd2-35b6-455a-8258-d4e51334aadd
a1e37052-80d9-4e65-a317-3e9a55c43ec9
964e5b22-6459-11d2-8e39-00a0c969723b
7ee2bd44-3da0-11d4-9a38-0090273fc14d
d3b36f2c-d551-11d4-9a46-0090273fc14d
1f73b18d-4630-43c1-a1de-6f80855d7da4
5b446ed1-e30b-4faa-871a-3654eca36080
0cc252d2-c106-4661-b5bd-3147a4f81f92
ab38a0df-6873-44a9-87e6-d4eb56148449
3e745226-9818-45b6-a2ac-d7cd0e8ba2bc
5be40f57-fa68-4610-bbbf-e9c5fcdad365
cdea2bd3-fc25-4c1c-b97c-b31186064990
964e5b21-6459-11d2-8e39-00a0c969723b
3ebd9e82-2c78-4de6-9786-8d4bfcb7c881
09576e91-6d3f-11d2-8e39-00a0c969723b
52c78312-8edc-4233-98f2-1a1aa5e388a5
330d4706-f2a0-4e4f-a369-b66fa8d54385
ef9fc172-a1b2-4693-b327-6d32fc416042
143b7632-b81b-4cb7-abd3-b625a5b9bffe
4311edc0-6054-46d4-9e40-893ea952fccc
f44c00ee-1f2c-4a00-aa09-1c9f3e0800a3
1a1241e6-8f19-41a9-bc0e-e8ef39e06546
bc62157e-3e33-4fec-9920-2d3b36d750df
8a219718-4ef5-4761-91c8-c0f04bda9e56
3bc1b285-8a15-4a82-aabf-4d7d13fb3265
dd9e7534-7762-4698-8c14-f58517a625aa
245dca21-fb7b-11d3-8f01-00a0c969723b
5c198761-16a8-4e69-972c-89d67954f81d
30cfe3e7-3de1-4586-be20-deaba1b3b793
4cf5b200-68b8-4ca5-9eec-b23e3f50029a
6a1ee763-d47a-43b4-aabe-ef1de2ab56fc
2b2f68d6-0cd2-44cf-8e8b-bba20b1b5b75
f36ff770-a7e1-42cf-9ed2-56f0f271f44c
aa0e8bc1-dabc-46b0-a844-37b8169b2bea
0379be4e-d706-437d-b037-edb82fb772a4
03583ff6-cb36-4940-947e-b9b39f4afaf7
8cf2f62c-bc9b-4821-808d-ec9ec421a1a0
8d59d32b-c655-4ae9-9b15-f25904992a43
5b1b31a1-9562-11d2-8e3f-00a0c969723b
6441f818-6362-4e44-b570-7dba31dd2453
00720665-67eb-4a99-baf7-d3c33a1c7cc9
c51711e7-b4bf-404a-bfb8-0a048ef1ffe4
480f8ae9-0c46-4aa9-bc89-db9fba619806
78247c57-63db-4708-99c2-a8b4a9a61f6b
220e73b6-6bdb-4413-8405-b974b108619a
387477c2-69c7-11d2-8e39-00a0c969723b
95a9a93e-a86e-4926-aaef-9918e772d987
1d85cd7f-f43d-11d2-9a0c-0090273fc14d
56ec3091-954c-11d2-8e3f-00a0c969723b
31878c87-0b75-11d5-9a4f-0090273fc14d
9e23d768-d2f3-4366-9fc3-3a7aba864374
ad61f191-ae5f-4c0e-b9fa-e869d288c64f
19cb87ab-2cb9-4665-8360-ddcf6054f79d
151c8eae-7f2c-472c-9e54-9828194f6a88
b9d4c360-bcfb-4f9b-9298-53c136982258
94ab2f58-1438-4ef1-9152-18941a3a0e68
53cd299f-2bc1-40c0-8c07-23f64fdb30e0
1e5668e2-8481-11d4-bcf1-0080c73c8881
13a3f0f6-264a-3ef0-f2e0-dec512342f34
11b34006-d85b-4d0a-a290-d5a571310ef7
fa920010-6785-4941-b6ec-498c579f160a
7ab33a91-ace5-4326-b572-e7ee33d39f16
1d3de7f0-0807-424f-aa69-11a54e19a46f
d8117cfe-94a6-11d4-9a3a-0090273fc14d
d2b2b828-0826-48a7-b3df-983c006024f0
387477c1-69c7-11d2-8e39-00a0c969723b
a19832b9-ac25-11d3-9a2d-0090273fc14d
5cb5c776-60d5-45ee-883c-452708cd743f
2df6ba0b-7092-440d-bd04-fb091ec3f3c1
27cfac87-46cc-11d4-9a38-0090273fc14d
13ac6dd1-73d0-11d4-b06b-00aa00bd6de7
2755590c-6f3c-42fa-9ea4-a3ba543cda25
bb25cf6f-f1d4-11d2-9a0c-0090273fc1fd
1da97072-bddc-4b30-99f1-72a0b56fff2a
9042a9de-23dc-4a38-96fb-7aded080516a
0a8badd5-03b8-4d19-b128-7b8f0edaa596
38321dba-4fe0-4e17-8aec-413055eaedc1
695d7835-8d47-4c11-ab22-fa8acce7ae7a
9bbe29e9-fda1-41ec-ad52-452213742d2e
3d3ca290-b9a5-11e3-b75d-b8ac6f7d65e6
3ad9df29-4501-478d-b1f8-7f7fe70e50f3
b7dfb4e1-052f-449f-87be-9818fc91b733
309de7f1-7f5e-4ace-b49c-531be5aa95ef
821c9a09-541a-40f6-9f43-0ad193a12cfe
a770c357-b693-4e6d-a6cf-d21c728e550b
2f707ebb-4a1a-11d4-9a38-0090273fc14d
cf8034be-6768-4d8b-b739-7cce683a9fbe
aaeaccfd-f27b-4c17-b610-75ca1f2dfb52
e857caf6-c046-45dc-be3f-ee0765fba887
27cfac88-46cc-11d4-9a38-0090273fc14d
a77b2472-e282-4e9f-a245-c2c0e27bbcc1
64a892dc-5561-4536-92c7-799bfc183355
af23b340-97b4-4685-8d4f-a3f28169b21d
932f47e6-2362-4002-803e-3cd54b138f85
4e939de9-d948-4b0f-88ed-e6e1ce517c1e
d3b36f2b-d551-11d4-9a46-0090273fc14d
e9ca4775-8657-47fc-97e7-7ed65a084324
59324945-ec44-4c0d-b1cd-9db139df070c
982c298b-f4fa-41cb-b838-77aa688fb839
