Dispatched:
PeiCore
PcdPeim
ReportStatusCodeRouterPei
StatusCodeHandlerPei
WinNtOemHookStatusCodeHandlerPei
BootMode
Stall
WinNtFlashMapPei
WinNtFirmwareVolumePei
FaultTolerantWritePei
PeiVariable
WinNtThunkPPIToProtocolPei
DxeIpl
WinNtAutoScan
DxeCore
DevicePathDxe
PcdDxe
Metronome
RealTimeClock
Reset
RuntimeDxe
FvbServicesRuntimeDxe
SecurityStubDxe
SmbiosDxe
EbcDxe
NullMemoryTestDxe
HiiDatabase
WinNtThunkDxe
ReportStatusCodeRouterRuntimeDxe
VariableRuntimeDxe
PrintDxe
DpcDxe
HttpUtilitiesDxe
Cpu
BdsDxe
FaultTolerantWriteDxe
MiscSubclass
StatusCodeHandlerRuntimeDxe
WinNtOemHookStatusCodeHandlerDxe
MonotonicCounterRuntimeDxe
CapsuleRuntimeDxe
SetupBrowser
DriverHealthManagerDxe
Timer
DisplayEngine
PlatDriOverrideDxe
WatchdogTimer
ConPlatformDxe
ConSplitterDxe
GraphicsConsoleDxe
TerminalDxe
DiskIoDxe
PartitionDxe
EnglishDxe
PciBusDxe
ScsiBus
ScsiDisk
IdeBusDxe
WinNtBusDriverDxe
WinNtBlockIo
WinNtSerialIoDxe
WinNtGopDxe
WinNtSimpleFileSystemDxe
ArpDxe
Dhcp4Dxe
Ip4Dxe
MnpDxe
VlanConfigDxe
Mtftp4Dxe
Tcp4Dxe
Udp4Dxe
SnpNt32Dxe
UefiPxe4BcDxe
IScsi4Dxe
HttpBootDxe
DnsDxe
HttpDxe
Fat
DriverSample

UnDispatched:
