r:\myworkspace\MdePkg\Library\PeiMemoryAllocationLib\MemoryAllocationLib.c
r:\myworkspace\MdePkg\Include\PiPei.h
r:\myworkspace\MdePkg\Include\Library\PeiServicesLib.h
r:\myworkspace\MdePkg\Include\Library\MemoryAllocationLib.h
r:\myworkspace\MdePkg\Include\Library\HobLib.h
r:\myworkspace\MdePkg\Include\Library\BaseMemoryLib.h
r:\myworkspace\MdePkg\Include\Library\DebugLib.h
r:\myworkspace\MdePkg\Library\PeiServicesLib\PeiServicesLib.c
r:\myworkspace\MdePkg\Include\Ppi\FirmwareVolumeInfo2.h
r:\myworkspace\MdePkg\Include\PiPei.h
r:\myworkspace\MdePkg\Include\Library\PeiServicesLib.h
r:\myworkspace\MdePkg\Include\Library\DebugLib.h
r:\myworkspace\MdePkg\Include\Ppi\FirmwareVolumeInfo.h
r:\myworkspace\MdePkg\Include\Library\MemoryAllocationLib.h
r:\myworkspace\MdePkg\Include\Library\PeiServicesTablePointerLib.h
r:\myworkspace\MdePkg\Include\Library\BaseMemoryLib.h
r:\myworkspace\MdePkg\Include\Guid\FirmwareFileSystem2.h
r:\myworkspace\Nt32Pkg\Library\PeiNt32OemHookStatusCodeLib\Nt32OemHookStatusCodeLib.c
r:\myworkspace\MdePkg\Include\Library\ReportStatusCodeLib.h
r:\myworkspace\Nt32Pkg\Include\WinNtPeim.h
r:\myworkspace\MdePkg\Include\Library\PeiServicesLib.h
r:\myworkspace\MdeModulePkg\Include\Library\OemHookStatusCodeLib.h
r:\myworkspace\MdeModulePkg\Include\Guid\StatusCodeDataTypeDebug.h
r:\myworkspace\MdePkg\Include\Library\PrintLib.h
r:\myworkspace\Nt32Pkg\Include\Ppi\NtThunk.h
r:\myworkspace\MdePkg\Include\Library\BaseMemoryLib.h
r:\myworkspace\MdePkg\Include\Guid\StatusCodeDataTypeId.h
r:\myworkspace\MdePkg\Include\Library\DebugLib.h
r:\myworkspace\MdeModulePkg\Library\PeiReportStatusCodeLib\ReportStatusCodeLib.c
r:\myworkspace\MdeModulePkg\Include\Library\OemHookStatusCodeLib.h
r:\myworkspace\MdePkg\Include\Library\BaseLib.h
r:\myworkspace\MdeModulePkg\Include\Guid\StatusCodeDataTypeDebug.h
r:\myworkspace\MdePkg\Include\Library\ReportStatusCodeLib.h
r:\myworkspace\MdePkg\Include\Library\PeiServicesTablePointerLib.h
r:\myworkspace\MdePkg\Include\Library\BaseMemoryLib.h
r:\myworkspace\MdePkg\Include\Guid\StatusCodeDataTypeId.h
r:\myworkspace\MdePkg\Include\Library\DebugLib.h
r:\myworkspace\MdePkg\Include\Library\PcdLib.h
r:\myworkspace\MdePkg\Library\PeiServicesTablePointerLib\PeiServicesTablePointer.c
r:\myworkspace\MdePkg\Include\Library\PeiServicesTablePointerLib.h
r:\myworkspace\MdePkg\Include\PiPei.h
r:\myworkspace\MdePkg\Include\Library\DebugLib.h
r:\myworkspace\MdePkg\Library\UefiBootServicesTableLib\UefiBootServicesTableLib.c
r:\myworkspace\MdePkg\Include\Uefi.h
r:\myworkspace\MdePkg\Include\Library\UefiBootServicesTableLib.h
r:\myworkspace\MdePkg\Include\Library\DebugLib.h
r:\myworkspace\MdePkg\Library\UefiRuntimeServicesTableLib\UefiRuntimeServicesTableLib.c
r:\myworkspace\MdePkg\Include\Uefi.h
r:\myworkspace\MdePkg\Include\Library\DebugLib.h
r:\myworkspace\MdePkg\Library\UefiDevicePathLibDevicePathProtocol\UefiDevicePathLib.c
r:\myworkspace\MdePkg\Include\Library\MemoryAllocationLib.h
r:\myworkspace\MdePkg\Include\Library\PcdLib.h
r:\myworkspace\MdePkg\Include\Library\DevicePathLib.h
r:\myworkspace\MdePkg\Include\Uefi.h
r:\myworkspace\MdePkg\Include\Protocol\DevicePathFromText.h
r:\myworkspace\MdePkg\Include\Protocol\DevicePathUtilities.h
r:\myworkspace\MdePkg\Include\Protocol\DevicePathToText.h
r:\myworkspace\MdePkg\Include\Library\BaseLib.h
r:\myworkspace\MdePkg\Include\Library\BaseMemoryLib.h
r:\myworkspace\MdePkg\Include\Library\DebugLib.h
r:\myworkspace\MdePkg\Include\Library\UefiBootServicesTableLib.h
r:\myworkspace\MdePkg\Library\UefiLib\UefiLibPrint.c
r:\myworkspace\MdePkg\Library\UefiLib\UefiNotTiano.c
r:\myworkspace\MdePkg\Library\UefiLib\UefiDriverModel.c
r:\myworkspace\MdePkg\Library\UefiLib\Console.c
r:\myworkspace\MdePkg\Library\UefiLib\UefiLib.c
r:\myworkspace\MdePkg\Library\UefiLib\UefiLibInternal.h
r:\myworkspace\MdePkg\Library\DxeHobLib\HobLib.c
r:\myworkspace\MdePkg\Include\Library\UefiLib.h
r:\myworkspace\MdePkg\Include\Library\HobLib.h
r:\myworkspace\MdePkg\Include\PiDxe.h
r:\myworkspace\MdePkg\Include\Library\BaseMemoryLib.h
r:\myworkspace\MdePkg\Include\Library\DebugLib.h
r:\myworkspace\MdePkg\Include\Guid\HobList.h
r:\myworkspace\MdeModulePkg\Library\OemHookStatusCodeLibNull\OemHookStatusCodeLibNull.c
r:\myworkspace\IntelFrameworkModulePkg\Library\PeiDxeDebugLibReportStatusCode\DebugLib.c
r:\myworkspace\MdePkg\Include\PiPei.h
r:\myworkspace\MdePkg\Include\Library\BaseLib.h
r:\myworkspace\MdeModulePkg\Include\Guid\StatusCodeDataTypeDebug.h
r:\myworkspace\MdePkg\Include\Library\ReportStatusCodeLib.h
r:\myworkspace\MdePkg\Include\Library\BaseMemoryLib.h
r:\myworkspace\MdePkg\Include\Guid\StatusCodeDataTypeId.h
r:\myworkspace\MdePkg\Include\Library\DebugLib.h
r:\myworkspace\MdePkg\Include\Library\PcdLib.h
r:\myworkspace\MdePkg\Include\Library\DebugPrintErrorLevelLib.h
r:\myworkspace\MdePkg\Library\PeiHobLib\HobLib.c
r:\myworkspace\MdePkg\Include\PiPei.h
r:\myworkspace\MdePkg\Include\Library\PeiServicesLib.h
r:\myworkspace\MdePkg\Include\Guid\MemoryAllocationHob.h
r:\myworkspace\MdePkg\Include\Library\HobLib.h
r:\myworkspace\MdePkg\Include\Library\BaseMemoryLib.h
r:\myworkspace\MdePkg\Include\Library\DebugLib.h
r:\myworkspace\Nt32Pkg\Library\PeiNt32PeCoffExtraActionLib\PeiNt32PeCoffExtraActionLib.c
r:\myworkspace\Nt32Pkg\Include\WinNtPeim.h
r:\myworkspace\MdePkg\Include\Library\PeiServicesLib.h
r:\myworkspace\MdePkg\Include\Library\BaseLib.h
r:\myworkspace\Nt32Pkg\Include\Ppi\NtThunk.h
r:\myworkspace\MdePkg\Include\PiPei.h
r:\myworkspace\MdePkg\Include\Library\DebugLib.h
r:\myworkspace\MdePkg\Include\Library\PeCoffLib.h
r:\myworkspace\MdePkg\Include\Library\PeCoffExtraActionLib.h
r:\myworkspace\Nt32Pkg\Library\Nt32PeiPeCoffGetEntryPointLib\PeCoffGetEntryPoint.c
r:\myworkspace\Nt32Pkg\Include\WinNtPeim.h
r:\myworkspace\MdePkg\Include\Library\PeiServicesLib.h
r:\myworkspace\MdePkg\Include\Library\PeCoffGetEntryPointLib.h
r:\myworkspace\MdePkg\Include\PiPei.h
r:\myworkspace\Nt32Pkg\Include\Ppi\NtPeiLoadFile.h
r:\myworkspace\MdePkg\Include\Library\DebugLib.h
r:\myworkspace\MdePkg\Include\IndustryStandard\PeImage.h
r:\myworkspace\MdePkg\Library\PeiCoreEntryPoint\PeiCoreEntryPoint.c
r:\myworkspace\MdePkg\Include\Library\BaseLib.h
r:\myworkspace\MdePkg\Include\Library\DebugLib.h
r:\myworkspace\MdePkg\Include\PiPei.h
r:\myworkspace\MdePkg\Include\Library\PeiCoreEntryPoint.h
r:\myworkspace\MdePkg\Library\PeimEntryPoint\PeimEntryPoint.c
r:\myworkspace\MdePkg\Include\PiPei.h
r:\myworkspace\MdePkg\Include\Library\PeimEntryPoint.h
r:\myworkspace\MdePkg\Include\Library\DebugLib.h
r:\myworkspace\MdePkg\Library\PeiPcdLib\PeiPcdLib.c
r:\myworkspace\MdePkg\Include\PiPei.h
r:\myworkspace\MdePkg\Include\Library\PeiServicesLib.h
r:\myworkspace\MdePkg\Include\Ppi\Pcd.h
r:\myworkspace\MdePkg\Include\Ppi\PiPcd.h
r:\myworkspace\MdePkg\Include\Ppi\PiPcdInfo.h
r:\myworkspace\MdePkg\Include\Library\BaseMemoryLib.h
r:\myworkspace\MdePkg\Include\Library\DebugLib.h
r:\myworkspace\MdePkg\Include\Library\PcdLib.h
r:\myworkspace\MdePkg\Include\Ppi\PcdInfo.h
r:\myworkspace\MdePkg\Library\PeiExtractGuidedSectionLib\PeiExtractGuidedSectionLib.c
r:\myworkspace\MdePkg\Include\PiPei.h
r:\myworkspace\MdePkg\Include\Library\ExtractGuidedSectionLib.h
r:\myworkspace\MdePkg\Include\Library\HobLib.h
r:\myworkspace\MdePkg\Include\Library\BaseMemoryLib.h
r:\myworkspace\MdePkg\Include\Library\DebugLib.h
r:\myworkspace\MdePkg\Include\Library\PcdLib.h
r:\myworkspace\MdeModulePkg\Library\DxeReportStatusCodeLib\ReportStatusCodeLib.c
r:\myworkspace\MdeModulePkg\Include\Guid\StatusCodeDataTypeDebug.h
r:\myworkspace\MdePkg\Include\Protocol\StatusCode.h
r:\myworkspace\MdePkg\Include\Library\DevicePathLib.h
r:\myworkspace\MdePkg\Include\Library\BaseLib.h
r:\myworkspace\MdePkg\Include\Library\DebugLib.h
r:\myworkspace\MdePkg\Include\Library\ReportStatusCodeLib.h
r:\myworkspace\MdePkg\Include\Library\BaseMemoryLib.h
r:\myworkspace\MdePkg\Include\Guid\StatusCodeDataTypeId.h
r:\myworkspace\MdePkg\Include\Library\UefiBootServicesTableLib.h
r:\myworkspace\MdePkg\Include\Library\PcdLib.h
r:\myworkspace\MdePkg\Library\UefiDevicePathLib\DevicePathUtilities.c
r:\myworkspace\MdePkg\Library\UefiDevicePathLib\DevicePathToText.c
r:\myworkspace\MdePkg\Library\UefiDevicePathLib\DevicePathFromText.c
r:\myworkspace\MdePkg\Library\UefiDevicePathLib\UefiDevicePathLib.c
r:\myworkspace\MdePkg\Library\UefiDevicePathLib\UefiDevicePathLib.h
r:\myworkspace\MdeModulePkg\Library\DxeCoreMemoryAllocationLib\MemoryAllocationLib.c
r:\myworkspace\MdePkg\Include\Library\MemoryAllocationLib.h
r:\myworkspace\MdeModulePkg\Library\DxeCoreMemoryAllocationLib\DxeCoreMemoryAllocationServices.h
r:\myworkspace\MdePkg\Include\PiDxe.h
r:\myworkspace\MdePkg\Include\Library\BaseMemoryLib.h
r:\myworkspace\MdePkg\Include\Library\DebugLib.h
r:\myworkspace\MdePkg\Library\DxeCoreEntryPoint\DxeCoreEntryPoint.c
r:\myworkspace\MdePkg\Include\Library\DxeCoreEntryPoint.h
r:\myworkspace\MdePkg\Include\Library\BaseLib.h
r:\myworkspace\MdePkg\Include\PiDxe.h
r:\myworkspace\MdePkg\Include\Library\DebugLib.h
r:\myworkspace\MdePkg\Library\DxeCoreHobLib\HobLib.c
r:\myworkspace\MdePkg\Include\Library\DxeCoreEntryPoint.h
r:\myworkspace\MdePkg\Include\Library\HobLib.h
r:\myworkspace\MdePkg\Include\PiDxe.h
r:\myworkspace\MdePkg\Include\Library\BaseMemoryLib.h
r:\myworkspace\MdePkg\Include\Library\DebugLib.h
r:\myworkspace\MdeModulePkg\Library\DxeDebugPrintErrorLevelLib\DxeDebugPrintErrorLevelLib.c
r:\myworkspace\MdePkg\Include\Library\HobLib.h
r:\myworkspace\MdePkg\Include\Library\PcdLib.h
r:\myworkspace\MdeModulePkg\Include\Guid\DebugMask.h
r:\myworkspace\MdePkg\Include\Library\DebugPrintErrorLevelLib.h
r:\myworkspace\MdePkg\Include\PiDxe.h
r:\myworkspace\MdePkg\Library\DxeExtractGuidedSectionLib\DxeExtractGuidedSectionLib.c
r:\myworkspace\MdePkg\Include\Library\MemoryAllocationLib.h
r:\myworkspace\MdePkg\Include\Library\ExtractGuidedSectionLib.h
r:\myworkspace\MdePkg\Include\PiDxe.h
r:\myworkspace\MdePkg\Include\Library\BaseMemoryLib.h
r:\myworkspace\MdePkg\Include\Library\DebugLib.h
r:\myworkspace\MdePkg\Include\Library\UefiBootServicesTableLib.h
r:\myworkspace\Nt32Pkg\Library\DxeNt32PeCoffExtraActionLib\DxeNt32PeCoffExtraActionLib.c
r:\myworkspace\Nt32Pkg\Include\WinNtDxe.h
r:\myworkspace\MdePkg\Include\Library\BaseLib.h
r:\myworkspace\Nt32Pkg\Include\Protocol\WinNtThunk.h
r:\myworkspace\MdePkg\Include\Library\HobLib.h
r:\myworkspace\MdePkg\Include\Library\BaseMemoryLib.h
r:\myworkspace\MdePkg\Include\Library\DebugLib.h
r:\myworkspace\MdePkg\Include\Library\PeCoffLib.h
r:\myworkspace\MdePkg\Include\Library\PeCoffExtraActionLib.h
r:\myworkspace\MdePkg\Library\DxeServicesLib\DxeServicesLib.c
r:\myworkspace\MdePkg\Include\Library\UefiLib.h
r:\myworkspace\MdePkg\Include\Library\DevicePathLib.h
r:\myworkspace\MdePkg\Include\Protocol\LoadFile.h
r:\myworkspace\MdePkg\Include\Library\DxeServicesLib.h
r:\myworkspace\MdePkg\Include\Protocol\LoadFile2.h
r:\myworkspace\MdePkg\Include\Library\MemoryAllocationLib.h
r:\myworkspace\MdePkg\Include\Protocol\FirmwareVolume2.h
r:\myworkspace\MdePkg\Include\PiDxe.h
r:\myworkspace\MdePkg\Include\Guid\FileInfo.h
r:\myworkspace\MdePkg\Include\Protocol\SimpleFileSystem.h
r:\myworkspace\MdePkg\Include\Library\DebugLib.h
r:\myworkspace\MdePkg\Include\Library\UefiBootServicesTableLib.h
r:\myworkspace\MdePkg\Include\Protocol\LoadedImage.h
r:\myworkspace\MdeModulePkg\Library\CpuExceptionHandlerLibNull\CpuExceptionHandlerLibNull.c
r:\myworkspace\MdeModulePkg\Include\Library\CpuExceptionHandlerLib.h
r:\myworkspace\MdePkg\Include\PiPei.h
r:\myworkspace\MdeModulePkg\Library\DxeCrc32GuidedSectionExtractLib\DxeCrc32GuidedSectionExtractLib.c
r:\myworkspace\MdeModulePkg\Include\Guid\Crc32GuidedSectionExtraction.h
r:\myworkspace\MdePkg\Include\Protocol\SecurityPolicy.h
r:\myworkspace\MdePkg\Include\Library\ExtractGuidedSectionLib.h
r:\myworkspace\MdePkg\Include\PiDxe.h
r:\myworkspace\MdePkg\Include\Library\BaseMemoryLib.h
r:\myworkspace\MdePkg\Include\Library\DebugLib.h
r:\myworkspace\MdePkg\Include\Library\UefiBootServicesTableLib.h
r:\myworkspace\MdePkg\Library\UefiMemoryAllocationLib\MemoryAllocationLib.c
r:\myworkspace\MdePkg\Include\Uefi.h
r:\myworkspace\MdePkg\Include\Library\MemoryAllocationLib.h
r:\myworkspace\MdePkg\Include\Library\DebugLib.h
r:\myworkspace\MdePkg\Include\Library\BaseMemoryLib.h
r:\myworkspace\MdePkg\Include\Library\UefiBootServicesTableLib.h
r:\myworkspace\MdePkg\Library\UefiDriverEntryPoint\DriverEntryPoint.c
r:\myworkspace\MdePkg\Include\Library\UefiDriverEntryPoint.h
r:\myworkspace\MdePkg\Include\Uefi.h
r:\myworkspace\MdePkg\Include\Library\BaseLib.h
r:\myworkspace\MdePkg\Include\Library\DebugLib.h
r:\myworkspace\MdePkg\Include\Library\UefiBootServicesTableLib.h
r:\myworkspace\MdePkg\Include\Protocol\LoadedImage.h
r:\myworkspace\MdePkg\Library\DxePcdLib\DxePcdLib.c
r:\myworkspace\MdePkg\Include\Library\UefiBootServicesTableLib.h
r:\myworkspace\MdePkg\Include\Protocol\PiPcd.h
r:\myworkspace\MdePkg\Include\Protocol\Pcd.h
r:\myworkspace\MdePkg\Include\PiDxe.h
r:\myworkspace\MdePkg\Include\Protocol\PcdInfo.h
r:\myworkspace\MdePkg\Include\Library\DebugLib.h
r:\myworkspace\MdePkg\Include\Library\PcdLib.h
r:\myworkspace\MdePkg\Include\Protocol\PiPcdInfo.h
r:\myworkspace\MdePkg\Include\Library\BaseMemoryLib.h
r:\myworkspace\Nt32Pkg\Library\DxeWinNtLib\WinNtLib.c
r:\myworkspace\MdePkg\Include\Library\HobLib.h
r:\myworkspace\MdePkg\Include\PiDxe.h
r:\myworkspace\Nt32Pkg\Include\Library\WinNtLib.h
r:\myworkspace\Nt32Pkg\Include\WinNtDxe.h
r:\myworkspace\MdePkg\Include\Library\DebugLib.h
r:\myworkspace\MdePkg\Library\UefiRuntimeLib\RuntimeLib.c
r:\myworkspace\MdePkg\Include\Library\UefiRuntimeServicesTableLib.h
r:\myworkspace\MdePkg\Include\Uefi.h
r:\myworkspace\MdePkg\Include\Guid\EventGroup.h
r:\myworkspace\MdePkg\Include\Library\UefiRuntimeLib.h
r:\myworkspace\MdePkg\Include\Library\DebugLib.h
r:\myworkspace\MdePkg\Include\Library\UefiBootServicesTableLib.h
r:\myworkspace\MdePkg\Library\DxeServicesTableLib\DxeServicesTableLib.c
r:\myworkspace\MdePkg\Include\Library\DxeServicesTableLib.h
r:\myworkspace\MdePkg\Include\Library\UefiLib.h
r:\myworkspace\MdePkg\Include\PiDxe.h
r:\myworkspace\MdePkg\Include\Guid\DxeServices.h
r:\myworkspace\MdePkg\Include\Library\DebugLib.h
r:\myworkspace\MdeModulePkg\Library\DxeSecurityManagementLib\DxeSecurityManagementLib.c
r:\myworkspace\MdeModulePkg\Include\Library\SecurityManagementLib.h
r:\myworkspace\MdePkg\Include\Library\DevicePathLib.h
r:\myworkspace\MdePkg\Include\Protocol\LoadFile.h
r:\myworkspace\MdePkg\Include\Library\DxeServicesLib.h
r:\myworkspace\MdePkg\Include\Library\MemoryAllocationLib.h
r:\myworkspace\MdePkg\Include\PiDxe.h
r:\myworkspace\MdePkg\Include\Library\DebugLib.h
r:\myworkspace\MdePkg\Include\Library\UefiBootServicesTableLib.h
r:\myworkspace\MdeModulePkg\Library\UefiHiiServicesLib\UefiHiiServicesLib.c
r:\myworkspace\MdeModulePkg\Include\Library\UefiHiiServicesLib.h
r:\myworkspace\MdePkg\Include\Uefi.h
r:\myworkspace\MdePkg\Include\Protocol\HiiConfigRouting.h
r:\myworkspace\MdePkg\Include\Protocol\HiiFont.h
r:\myworkspace\MdePkg\Include\Protocol\HiiDatabase.h
r:\myworkspace\MdePkg\Include\Protocol\HiiString.h
r:\myworkspace\MdePkg\Include\Library\DebugLib.h
r:\myworkspace\MdePkg\Include\Library\UefiBootServicesTableLib.h
r:\myworkspace\MdePkg\Include\Protocol\HiiImage.h
r:\myworkspace\MdeModulePkg\Library\UefiHiiLib\HiiLib.c
r:\myworkspace\MdeModulePkg\Library\UefiHiiLib\HiiString.c
r:\myworkspace\MdeModulePkg\Library\UefiHiiLib\HiiLanguage.c
r:\myworkspace\MdeModulePkg\Library\UefiHiiLib\InternalHiiLib.h
r:\myworkspace\Nt32Pkg\Library\DxeNt32OemHookStatusCodeLib\Nt32OemHookStatusCodeLib.c
r:\myworkspace\MdeModulePkg\Include\Library\OemHookStatusCodeLib.h
r:\myworkspace\Nt32Pkg\Include\WinNtDxe.h
r:\myworkspace\MdeModulePkg\Include\Guid\StatusCodeDataTypeDebug.h
r:\myworkspace\MdePkg\Include\Library\PrintLib.h
r:\myworkspace\MdePkg\Include\Library\ReportStatusCodeLib.h
r:\myworkspace\Nt32Pkg\Include\Protocol\WinNtThunk.h
r:\myworkspace\MdePkg\Include\Library\HobLib.h
r:\myworkspace\MdePkg\Include\Library\BaseMemoryLib.h
r:\myworkspace\MdePkg\Include\Guid\StatusCodeDataTypeId.h
r:\myworkspace\MdePkg\Include\Library\DebugLib.h
r:\myworkspace\MdeModulePkg\Library\VarCheckLib\VarCheckLib.c
r:\myworkspace\MdePkg\Include\Library\MemoryAllocationLib.h
r:\myworkspace\MdePkg\Include\Guid\GlobalVariable.h
r:\myworkspace\MdePkg\Include\Library\BaseLib.h
r:\myworkspace\MdeModulePkg\Include\Library\VarCheckLib.h
r:\myworkspace\MdePkg\Include\Library\BaseMemoryLib.h
r:\myworkspace\MdePkg\Include\Library\DebugLib.h
r:\myworkspace\MdePkg\Include\Guid\HardwareErrorVariable.h
r:\myworkspace\MdeModulePkg\Library\TpmMeasurementLibNull\TpmMeasurementLibNull.c
r:\myworkspace\MdeModulePkg\Library\AuthVariableLibNull\AuthVariableLibNull.c
r:\myworkspace\MdeModulePkg\Include\Library\AuthVariableLib.h
r:\myworkspace\MdePkg\Include\Library\DebugLib.h
r:\myworkspace\MdeModulePkg\Library\VarCheckUefiLib\VarCheckUefiLibNullClass.c
r:\myworkspace\MdePkg\Include\Guid\ImageAuthentication.h
r:\myworkspace\MdePkg\Include\Library\DevicePathLib.h
r:\myworkspace\MdePkg\Include\Guid\GlobalVariable.h
r:\myworkspace\MdePkg\Include\Library\BaseLib.h
r:\myworkspace\MdeModulePkg\Include\Library\VarCheckLib.h
r:\myworkspace\MdeModulePkg\Include\Guid\VariableFormat.h
r:\myworkspace\MdePkg\Include\Library\BaseMemoryLib.h
r:\myworkspace\MdePkg\Include\Library\DebugLib.h
r:\myworkspace\MdePkg\Include\Guid\HardwareErrorVariable.h
r:\myworkspace\MdeModulePkg\Library\DxeCapsuleLibNull\DxeCapsuleLibNull.c
r:\myworkspace\MdePkg\Include\Uefi.h
r:\myworkspace\MdeModulePkg\Include\Library\CapsuleLib.h
r:\myworkspace\MdePkg\Library\UefiScsiLib\UefiScsiLib.c
r:\myworkspace\MdePkg\Include\Uefi.h
r:\myworkspace\MdePkg\Include\Library\UefiScsiLib.h
r:\myworkspace\MdePkg\Include\Library\BaseLib.h
r:\myworkspace\MdePkg\Include\IndustryStandard\Scsi.h
r:\myworkspace\MdePkg\Include\Library\BaseMemoryLib.h
r:\myworkspace\MdePkg\Include\Library\DebugLib.h
r:\myworkspace\MdeModulePkg\Library\DxePrintLibPrint2Protocol\PrintLib.c
r:\myworkspace\MdePkg\Include\Base.h
r:\myworkspace\MdePkg\Include\Uefi.h
r:\myworkspace\MdePkg\Include\Library\PrintLib.h
r:\myworkspace\MdeModulePkg\Include\Protocol\Print2.h
r:\myworkspace\MdePkg\Include\Library\BaseLib.h
r:\myworkspace\MdePkg\Include\Library\DebugLib.h
r:\myworkspace\MdePkg\Library\UefiApplicationEntryPoint\ApplicationEntryPoint.c
r:\myworkspace\MdePkg\Include\Uefi.h
r:\myworkspace\MdePkg\Include\Library\BaseLib.h
r:\myworkspace\MdePkg\Include\Library\UefiBootServicesTableLib.h
r:\myworkspace\MdePkg\Include\Library\UefiApplicationEntryPoint.h
r:\myworkspace\MdePkg\Include\Library\DebugLib.h
r:\myworkspace\MdeModulePkg\Library\DxeNetLib\DxeNetLib.c
r:\myworkspace\MdeModulePkg\Library\DxeNetLib\NetBuffer.c
r:\myworkspace\MdePkg\Include\Library\MemoryAllocationLib.h
r:\myworkspace\MdePkg\Include\Library\DebugLib.h
r:\myworkspace\MdePkg\Include\IndustryStandard\SmBios.h
r:\myworkspace\MdePkg\Include\Library\UefiRuntimeServicesTableLib.h
r:\myworkspace\MdePkg\Include\Uefi.h
r:\myworkspace\MdePkg\Include\Protocol\DriverBinding.h
r:\myworkspace\MdePkg\Include\Library\UefiLib.h
r:\myworkspace\MdePkg\Include\Library\PrintLib.h
r:\myworkspace\MdeModulePkg\Include\Library\NetLib.h
r:\myworkspace\MdePkg\Include\Protocol\Ip4Config2.h
r:\myworkspace\MdePkg\Include\Library\BaseLib.h
r:\myworkspace\MdePkg\Include\Guid\SmBios.h
r:\myworkspace\MdePkg\Include\Library\BaseMemoryLib.h
r:\myworkspace\MdePkg\Include\Library\DevicePathLib.h
r:\myworkspace\MdePkg\Include\Protocol\ServiceBinding.h
r:\myworkspace\MdePkg\Include\Library\UefiBootServicesTableLib.h
r:\myworkspace\MdePkg\Include\Protocol\ComponentName.h
r:\myworkspace\MdePkg\Include\Protocol\ManagedNetwork.h
r:\myworkspace\MdePkg\Include\Protocol\SimpleNetwork.h
r:\myworkspace\MdePkg\Include\Protocol\ComponentName2.h
r:\myworkspace\MdeModulePkg\Library\DxeDpcLib\DpcLib.c
r:\myworkspace\MdePkg\Include\Uefi.h
r:\myworkspace\MdePkg\Include\Library\UefiBootServicesTableLib.h
r:\myworkspace\MdeModulePkg\Include\Protocol\Dpc.h
r:\myworkspace\MdePkg\Include\Library\DebugLib.h
r:\myworkspace\MdeModulePkg\Library\DxeUdpIoLib\DxeUdpIoLib.c
r:\myworkspace\MdePkg\Include\Protocol\Udp4.h
r:\myworkspace\MdePkg\Include\Uefi.h
r:\myworkspace\MdeModulePkg\Include\Library\UdpIoLib.h
r:\myworkspace\MdeModulePkg\Include\Library\DpcLib.h
r:\myworkspace\MdePkg\Include\Library\MemoryAllocationLib.h
r:\myworkspace\MdePkg\Include\Library\BaseLib.h
r:\myworkspace\MdePkg\Include\Protocol\Udp6.h
r:\myworkspace\MdePkg\Include\Library\BaseMemoryLib.h
r:\myworkspace\MdePkg\Include\Library\DebugLib.h
r:\myworkspace\MdePkg\Include\Library\UefiBootServicesTableLib.h
r:\myworkspace\MdeModulePkg\Library\DxeIpIoLib\DxeIpIoLib.c
r:\myworkspace\MdePkg\Include\Protocol\Udp4.h
r:\myworkspace\MdeModulePkg\Include\Library\IpIoLib.h
r:\myworkspace\MdePkg\Include\Uefi.h
r:\myworkspace\MdeModulePkg\Include\Library\DpcLib.h
r:\myworkspace\MdePkg\Include\Library\MemoryAllocationLib.h
r:\myworkspace\MdePkg\Include\Library\BaseLib.h
r:\myworkspace\MdePkg\Include\Library\BaseMemoryLib.h
r:\myworkspace\MdePkg\Include\Library\DebugLib.h
r:\myworkspace\MdePkg\Include\Library\UefiBootServicesTableLib.h
r:\myworkspace\MdeModulePkg\Library\DxeHttpLib\DxeHttpLib.c
r:\myworkspace\MdeModulePkg\Include\Library\HttpLib.h
r:\myworkspace\MdePkg\Include\Uefi.h
r:\myworkspace\MdeModulePkg\Include\Library\NetLib.h
r:\myworkspace\MdePkg\Include\Library\MemoryAllocationLib.h
r:\myworkspace\MdePkg\Include\Library\BaseLib.h
r:\myworkspace\MdePkg\Include\Library\DebugLib.h
r:\myworkspace\MdePkg\Include\Library\UefiBootServicesTableLib.h
r:\myworkspace\MdeModulePkg\Library\BaseSortLib\BaseSortLib.c
r:\myworkspace\MdePkg\Include\Uefi.h
r:\myworkspace\MdePkg\Include\Library\DebugLib.h
r:\myworkspace\MdePkg\Include\Library\MemoryAllocationLib.h
r:\myworkspace\MdePkg\Include\Library\BaseLib.h
r:\myworkspace\MdePkg\Include\Library\BaseMemoryLib.h
r:\myworkspace\MdeModulePkg\Include\Library\SortLib.h
r:\myworkspace\MdeModulePkg\Library\UefiBootManagerLib\BmPerformance.c
r:\myworkspace\MdeModulePkg\Library\UefiBootManagerLib\BmConnect.c
r:\myworkspace\MdeModulePkg\Library\UefiBootManagerLib\BmMisc.c
r:\myworkspace\MdeModulePkg\Library\UefiBootManagerLib\BmConsole.c
r:\myworkspace\MdeModulePkg\Library\UefiBootManagerLib\BmBoot.c
r:\myworkspace\MdeModulePkg\Library\UefiBootManagerLib\BmLoadOption.c
r:\myworkspace\MdeModulePkg\Library\UefiBootManagerLib\BmHotkey.c
r:\myworkspace\MdeModulePkg\Library\UefiBootManagerLib\BmDriverHealth.c
r:\myworkspace\MdeModulePkg\Library\UefiBootManagerLib\InternalBm.h
r:\myworkspace\Nt32Pkg\Library\PlatformBootManagerLib\PlatformData.c
r:\myworkspace\Nt32Pkg\Library\PlatformBootManagerLib\PlatformBootManager.c
r:\myworkspace\Nt32Pkg\Library\PlatformBootManagerLib\MemoryTest.c
r:\myworkspace\Nt32Pkg\Library\PlatformBootManagerLib\PlatformBootManager.h
r:\myworkspace\MdeModulePkg\Library\CustomizedDisplayLib\CustomizedDisplayLib.c
r:\myworkspace\MdeModulePkg\Library\CustomizedDisplayLib\CustomizedDisplayLibInternal.c
r:\myworkspace\MdeModulePkg\Library\CustomizedDisplayLib\CustomizedDisplayLibInternal.h
r:\myworkspace\Nt32Pkg\Sec\WinNtThunk.c
r:\myworkspace\Nt32Pkg\Sec\FwVol.c
r:\myworkspace\Nt32Pkg\Sec\SecMain.c
r:\myworkspace\Nt32Pkg\Sec\SecMain.h
r:\myworkspace\MdeModulePkg\Core\Pei\StatusCode\StatusCode.c
r:\myworkspace\MdeModulePkg\Core\Pei\Security\Security.c
r:\myworkspace\MdeModulePkg\Core\Pei\Reset\Reset.c
r:\myworkspace\MdeModulePkg\Core\Pei\Ppi\Ppi.c
r:\myworkspace\MdeModulePkg\Core\Pei\PeiMain\PeiMain.c
r:\myworkspace\MdeModulePkg\Core\Pei\Memory\MemoryServices.c
r:\myworkspace\MdeModulePkg\Core\Pei\Image\Image.c
r:\myworkspace\MdeModulePkg\Core\Pei\Hob\Hob.c
r:\myworkspace\MdeModulePkg\Core\Pei\FwVol\FwVol.c
r:\myworkspace\MdeModulePkg\Core\Pei\Dispatcher\Dispatcher.c
r:\myworkspace\MdeModulePkg\Core\Pei\Dependency\Dependency.c
r:\myworkspace\MdeModulePkg\Core\Pei\BootMode\BootMode.c
r:\myworkspace\MdeModulePkg\Core\Pei\CpuIo\CpuIo.c
r:\myworkspace\MdeModulePkg\Core\Pei\PciCfg2\PciCfg2.c
r:\myworkspace\MdeModulePkg\Core\Pei\FwVol\FwVol.h
r:\myworkspace\MdeModulePkg\Core\Pei\Dependency\Dependency.h
r:\myworkspace\MdeModulePkg\Core\Pei\PeiMain.h
r:\myworkspace\MdeModulePkg\Universal\PCD\Pei\Service.c
r:\myworkspace\MdeModulePkg\Universal\PCD\Pei\Pcd.c
r:\myworkspace\MdeModulePkg\Universal\PCD\Pei\Service.h
r:\myworkspace\MdeModulePkg\Universal\ReportStatusCodeRouter\Pei\ReportStatusCodeRouterPei.c
r:\myworkspace\MdeModulePkg\Universal\ReportStatusCodeRouter\Pei\ReportStatusCodeRouterPei.h
r:\myworkspace\MdeModulePkg\Universal\StatusCodeHandler\Pei\StatusCodeHandlerPei.c
r:\myworkspace\MdeModulePkg\Universal\StatusCodeHandler\Pei\SerialStatusCodeWorker.c
r:\myworkspace\MdeModulePkg\Universal\StatusCodeHandler\Pei\MemoryStausCodeWorker.c
r:\myworkspace\MdeModulePkg\Universal\StatusCodeHandler\Pei\StatusCodeHandlerPei.h
r:\myworkspace\Nt32Pkg\WinNtOemHookStatusCodeHandlerPei\WinNtOemHookStatusCodeHandlerPei.c
r:\myworkspace\Nt32Pkg\Include\WinNtPeim.h
r:\myworkspace\MdePkg\Include\Library\PeiServicesLib.h
r:\myworkspace\MdeModulePkg\Include\Library\OemHookStatusCodeLib.h
r:\myworkspace\MdePkg\Include\Library\DebugLib.h
r:\myworkspace\MdePkg\Include\Ppi\ReportStatusCodeHandler.h
r:\myworkspace\MdePkg\Include\Library\PeimEntryPoint.h
r:\myworkspace\Nt32Pkg\BootModePei\BootModePei.c
r:\myworkspace\MdePkg\Include\Ppi\MasterBootMode.h
r:\myworkspace\MdePkg\Include\PiPei.h
r:\myworkspace\MdePkg\Include\Library\PeimEntryPoint.h
r:\myworkspace\MdePkg\Include\Ppi\BootInRecoveryMode.h
r:\myworkspace\MdePkg\Include\Library\DebugLib.h
r:\myworkspace\Nt32Pkg\StallPei\Stall.c
r:\myworkspace\Nt32Pkg\Include\Ppi\NtThunk.h
r:\myworkspace\Nt32Pkg\Include\WinNtPeim.h
r:\myworkspace\MdePkg\Include\Ppi\Stall.h
r:\myworkspace\MdePkg\Include\Library\DebugLib.h
r:\myworkspace\Nt32Pkg\WinNtFlashMapPei\FlashMap.c
r:\myworkspace\Nt32Pkg\Include\WinNtPeim.h
r:\myworkspace\MdePkg\Include\Library\PeiServicesLib.h
r:\myworkspace\Nt32Pkg\Include\Ppi\NtFwh.h
r:\myworkspace\MdePkg\Include\PiPei.h
r:\myworkspace\MdePkg\Include\Library\DebugLib.h
r:\myworkspace\MdePkg\Include\Library\PcdLib.h
r:\myworkspace\MdeModulePkg\Universal\FaultTolerantWritePei\FaultTolerantWritePei.c
r:\myworkspace\MdePkg\Include\PiPei.h
r:\myworkspace\MdePkg\Include\Library\PeiServicesLib.h
r:\myworkspace\MdePkg\Include\Library\HobLib.h
r:\myworkspace\MdePkg\Include\Library\BaseMemoryLib.h
r:\myworkspace\MdeModulePkg\Include\Guid\SystemNvDataGuid.h
r:\myworkspace\MdePkg\Include\Library\DebugLib.h
r:\myworkspace\MdePkg\Include\Library\PcdLib.h
r:\myworkspace\MdeModulePkg\Include\Guid\FaultTolerantWrite.h
r:\myworkspace\MdeModulePkg\Universal\Variable\Pei\Variable.c
r:\myworkspace\MdeModulePkg\Universal\Variable\Pei\Variable.h
r:\myworkspace\Nt32Pkg\WinNtAutoScanPei\WinNtAutoScan.c
r:\myworkspace\MdePkg\Include\Library\HobLib.h
r:\myworkspace\Nt32Pkg\Include\WinNtPeim.h
r:\myworkspace\MdePkg\Include\Library\PeiServicesLib.h
r:\myworkspace\MdeModulePkg\Include\Guid\MemoryTypeInformation.h
r:\myworkspace\MdePkg\Include\Ppi\ReadOnlyVariable2.h
r:\myworkspace\MdePkg\Include\PiPei.h
r:\myworkspace\MdePkg\Include\Library\DebugLib.h
r:\myworkspace\Nt32Pkg\Include\Ppi\NtAutoscan.h
r:\myworkspace\MdePkg\Include\Library\PeimEntryPoint.h
r:\myworkspace\Nt32Pkg\WinNtFirmwareVolumePei\WinntFwh.c
r:\myworkspace\Nt32Pkg\Include\WinNtPeim.h
r:\myworkspace\Nt32Pkg\Include\Ppi\NtFwh.h
r:\myworkspace\MdePkg\Include\PiPei.h
r:\myworkspace\MdePkg\Include\Library\HobLib.h
r:\myworkspace\MdePkg\Include\Library\DebugLib.h
r:\myworkspace\MdePkg\Include\Library\PcdLib.h
r:\myworkspace\MdePkg\Include\Library\PeimEntryPoint.h
r:\myworkspace\Nt32Pkg\WinNtThunkPPIToProtocolPei\WinNtThunkPPIToProtocol.c
r:\myworkspace\MdePkg\Include\Library\HobLib.h
r:\myworkspace\Nt32Pkg\Include\WinNtPeim.h
r:\myworkspace\Nt32Pkg\Include\Ppi\NtThunk.h
r:\myworkspace\Nt32Pkg\Include\Protocol\WinNtThunk.h
r:\myworkspace\MdePkg\Include\PiPei.h
r:\myworkspace\MdePkg\Include\Library\DebugLib.h
r:\myworkspace\MdePkg\Include\Library\PeimEntryPoint.h
r:\myworkspace\MdeModulePkg\Core\DxeIplPeim\DxeLoad.c
r:\myworkspace\MdeModulePkg\Core\DxeIplPeim\X64\VirtualMemory.c
r:\myworkspace\MdeModulePkg\Core\DxeIplPeim\Ia32\DxeLoadFunc.c
r:\myworkspace\MdeModulePkg\Core\DxeIplPeim\X64\VirtualMemory.h
r:\myworkspace\MdeModulePkg\Core\DxeIplPeim\DxeIpl.h
r:\myworkspace\MdeModulePkg\Core\Dxe\SectionExtraction\CoreSectionExtraction.c
r:\myworkspace\MdeModulePkg\Core\Dxe\Image\Image.c
r:\myworkspace\MdeModulePkg\Core\Dxe\Misc\DebugImageInfo.c
r:\myworkspace\MdeModulePkg\Core\Dxe\Misc\Stall.c
r:\myworkspace\MdeModulePkg\Core\Dxe\Misc\SetWatchdogTimer.c
r:\myworkspace\MdeModulePkg\Core\Dxe\Misc\InstallConfigurationTable.c
r:\myworkspace\MdeModulePkg\Core\Dxe\Misc\PropertiesTable.c
r:\myworkspace\MdeModulePkg\Core\Dxe\Library\Library.c
r:\myworkspace\MdeModulePkg\Core\Dxe\Hand\DriverSupport.c
r:\myworkspace\MdeModulePkg\Core\Dxe\Hand\Notify.c
r:\myworkspace\MdeModulePkg\Core\Dxe\Hand\Locate.c
r:\myworkspace\MdeModulePkg\Core\Dxe\Hand\Handle.c
r:\myworkspace\MdeModulePkg\Core\Dxe\Gcd\Gcd.c
r:\myworkspace\MdeModulePkg\Core\Dxe\Mem\Pool.c
r:\myworkspace\MdeModulePkg\Core\Dxe\Mem\Page.c
r:\myworkspace\MdeModulePkg\Core\Dxe\Mem\MemData.c
r:\myworkspace\MdeModulePkg\Core\Dxe\Mem\MemoryProfileRecord.c
r:\myworkspace\MdeModulePkg\Core\Dxe\FwVolBlock\FwVolBlock.c
r:\myworkspace\MdeModulePkg\Core\Dxe\FwVol\FwVolWrite.c
r:\myworkspace\MdeModulePkg\Core\Dxe\FwVol\FwVolRead.c
r:\myworkspace\MdeModulePkg\Core\Dxe\FwVol\FwVolAttrib.c
r:\myworkspace\MdeModulePkg\Core\Dxe\FwVol\Ffs.c
r:\myworkspace\MdeModulePkg\Core\Dxe\FwVol\FwVol.c
r:\myworkspace\MdeModulePkg\Core\Dxe\Event\Tpl.c
r:\myworkspace\MdeModulePkg\Core\Dxe\Event\Timer.c
r:\myworkspace\MdeModulePkg\Core\Dxe\Event\Event.c
r:\myworkspace\MdeModulePkg\Core\Dxe\Dispatcher\Dependency.c
r:\myworkspace\MdeModulePkg\Core\Dxe\Dispatcher\Dispatcher.c
r:\myworkspace\MdeModulePkg\Core\Dxe\DxeMain\DxeProtocolNotify.c
r:\myworkspace\MdeModulePkg\Core\Dxe\DxeMain\DxeMain.c
r:\myworkspace\MdePkg\Include\Library\BaseLib.h
r:\myworkspace\MdeModulePkg\Core\Dxe\Mem\Imem.h
r:\myworkspace\MdePkg\Include\Guid\EventGroup.h
r:\myworkspace\MdePkg\Include\Library\UefiBootServicesTableLib.h
r:\myworkspace\MdePkg\Include\Library\DebugLib.h
r:\myworkspace\MdePkg\Include\Library\PeCoffGetEntryPointLib.h
r:\myworkspace\MdePkg\Include\PiDxe.h
r:\myworkspace\MdeModulePkg\Core\Dxe\FwVol\FwVolDriver.h
r:\myworkspace\MdePkg\Include\Library\PeCoffLib.h
r:\myworkspace\MdeModulePkg\Core\Dxe\Hand\Handle.h
r:\myworkspace\MdeModulePkg\Core\Dxe\Image\Image.h
r:\myworkspace\MdePkg\Include\Protocol\DxeSmmReadyToLock.h
r:\myworkspace\MdePkg\Include\Library\DxeServicesTableLib.h
r:\myworkspace\MdePkg\Include\Library\MemoryAllocationLib.h
r:\myworkspace\MdeModulePkg\Core\Dxe\Gcd\Gcd.h
r:\myworkspace\MdePkg\Include\Library\PcdLib.h
r:\myworkspace\MdeModulePkg\Core\Dxe\Event\Event.h
r:\myworkspace\MdePkg\Include\Library\UefiLib.h
r:\myworkspace\MdeModulePkg\Core\Dxe\FwVolBlock\FwVolBlock.h
r:\myworkspace\MdePkg\Include\Guid\PropertiesTable.h
r:\myworkspace\MdeModulePkg\Core\Dxe\DxeMain.h
r:\myworkspace\MdePkg\Include\Library\BaseMemoryLib.h
r:\myworkspace\MdePkg\Include\Protocol\Runtime.h
r:\myworkspace\MdeModulePkg\Universal\PCD\Dxe\Pcd.c
r:\myworkspace\MdeModulePkg\Universal\PCD\Dxe\Service.c
r:\myworkspace\MdePkg\Include\Library\DxeServicesLib.h
r:\myworkspace\MdeModulePkg\Universal\PCD\Dxe\Service.h
r:\myworkspace\Nt32Pkg\MetronomeDxe\Metronome.c
r:\myworkspace\Nt32Pkg\MetronomeDxe\Metronome.h
r:\myworkspace\Nt32Pkg\RealTimeClockRuntimeDxe\RealTimeClock.c
r:\myworkspace\MdePkg\Include\Library\UefiDriverEntryPoint.h
r:\myworkspace\Nt32Pkg\Include\WinNtDxe.h
r:\myworkspace\MdePkg\Include\Uefi.h
r:\myworkspace\MdePkg\Include\Protocol\RealTimeClock.h
r:\myworkspace\Nt32Pkg\Include\Library\WinNtLib.h
r:\myworkspace\MdePkg\Include\Library\DebugLib.h
r:\myworkspace\MdePkg\Include\Library\UefiBootServicesTableLib.h
r:\myworkspace\Nt32Pkg\ResetRuntimeDxe\reset.c
r:\myworkspace\MdePkg\Include\Library\UefiDriverEntryPoint.h
r:\myworkspace\Nt32Pkg\Include\WinNtDxe.h
r:\myworkspace\MdePkg\Include\Uefi.h
r:\myworkspace\Nt32Pkg\Include\Library\WinNtLib.h
r:\myworkspace\MdePkg\Include\Library\DebugLib.h
r:\myworkspace\MdePkg\Include\Library\UefiBootServicesTableLib.h
r:\myworkspace\MdePkg\Include\Protocol\Reset.h
r:\myworkspace\MdeModulePkg\Core\RuntimeDxe\Crc32.c
r:\myworkspace\MdeModulePkg\Core\RuntimeDxe\Runtime.c
r:\myworkspace\MdePkg\Include\Uefi.h
r:\myworkspace\MdeModulePkg\Core\RuntimeDxe\Runtime.h
r:\myworkspace\Nt32Pkg\FvbServicesRuntimeDxe\FvbInfo.c
r:\myworkspace\Nt32Pkg\FvbServicesRuntimeDxe\FWBlockService.c
r:\myworkspace\MdePkg\Include\Protocol\FirmwareVolumeBlock.h
r:\myworkspace\MdePkg\Include\Library\UefiLib.h
r:\myworkspace\MdePkg\Include\Protocol\DevicePath.h
r:\myworkspace\MdePkg\Include\Library\HobLib.h
r:\myworkspace\Nt32Pkg\Include\WinNtDxe.h
r:\myworkspace\MdePkg\Include\Library\PcdLib.h
r:\myworkspace\MdePkg\Include\Library\BaseLib.h
r:\myworkspace\MdePkg\Include\Library\DebugLib.h
r:\myworkspace\MdePkg\Include\Library\DxeServicesTableLib.h
r:\myworkspace\MdePkg\Include\Guid\EventGroup.h
r:\myworkspace\MdePkg\Include\Library\MemoryAllocationLib.h
r:\myworkspace\MdePkg\Include\Library\UefiRuntimeLib.h
r:\myworkspace\MdePkg\Include\PiDxe.h
r:\myworkspace\MdePkg\Include\Library\BaseMemoryLib.h
r:\myworkspace\MdeModulePkg\Include\Guid\SystemNvDataGuid.h
r:\myworkspace\MdePkg\Include\Guid\FirmwareFileSystem2.h
r:\myworkspace\MdePkg\Include\Library\UefiDriverEntryPoint.h
r:\myworkspace\MdePkg\Include\Library\UefiBootServicesTableLib.h
r:\myworkspace\Nt32Pkg\FvbServicesRuntimeDxe\FWBlockService.h
r:\myworkspace\MdePkg\Include\Library\DevicePathLib.h
r:\myworkspace\MdeModulePkg\Universal\SecurityStubDxe\SecurityStub.c
r:\myworkspace\MdeModulePkg\Include\Library\SecurityManagementLib.h
r:\myworkspace\MdePkg\Include\Library\UefiDriverEntryPoint.h
r:\myworkspace\MdePkg\Include\Uefi.h
r:\myworkspace\MdePkg\Include\Protocol\Security.h
r:\myworkspace\MdePkg\Include\Protocol\Security2.h
r:\myworkspace\MdePkg\Include\Library\DebugLib.h
r:\myworkspace\MdePkg\Include\Library\UefiBootServicesTableLib.h
r:\myworkspace\MdeModulePkg\Universal\SmbiosDxe\SmbiosDxe.c
r:\myworkspace\MdeModulePkg\Universal\SmbiosDxe\SmbiosDxe.h
r:\myworkspace\MdeModulePkg\Universal\EbcDxe\EbcExecute.c
r:\myworkspace\MdeModulePkg\Universal\EbcDxe\EbcInt.c
r:\myworkspace\MdeModulePkg\Universal\EbcDxe\Ia32\EbcSupport.c
r:\myworkspace\MdeModulePkg\Universal\EbcDxe\EbcExecute.h
r:\myworkspace\MdeModulePkg\Universal\EbcDxe\EbcInt.h
r:\myworkspace\MdeModulePkg\Universal\MemoryTest\NullMemoryTestDxe\NullMemoryTest.c
r:\myworkspace\MdeModulePkg\Universal\MemoryTest\NullMemoryTestDxe\NullMemoryTest.h
r:\myworkspace\Nt32Pkg\WinNtThunkDxe\WinNtThunk.c
r:\myworkspace\MdePkg\Include\Library\UefiDriverEntryPoint.h
r:\myworkspace\MdePkg\Include\Library\DevicePathLib.h
r:\myworkspace\Nt32Pkg\Include\WinNtDxe.h
r:\myworkspace\MdePkg\Include\Uefi.h
r:\myworkspace\Nt32Pkg\WinNtThunkDxe\WinNtThunk.h
r:\myworkspace\Nt32Pkg\Include\Protocol\WinNtThunk.h
r:\myworkspace\Nt32Pkg\Include\Library\WinNtLib.h
r:\myworkspace\MdePkg\Include\Library\UefiBootServicesTableLib.h
r:\myworkspace\MdePkg\Include\Protocol\DevicePath.h
r:\myworkspace\Nt32Pkg\CpuRuntimeDxe\CpuIo.c
r:\myworkspace\Nt32Pkg\CpuRuntimeDxe\Cpu.c
r:\myworkspace\Nt32Pkg\CpuRuntimeDxe\CpuDriver.h
r:\myworkspace\MdeModulePkg\Universal\FaultTolerantWriteDxe\FtwMisc.c
r:\myworkspace\MdeModulePkg\Universal\FaultTolerantWriteDxe\UpdateWorkingBlock.c
r:\myworkspace\MdeModulePkg\Universal\FaultTolerantWriteDxe\FaultTolerantWrite.c
r:\myworkspace\MdeModulePkg\Universal\FaultTolerantWriteDxe\FaultTolerantWriteDxe.c
r:\myworkspace\MdeModulePkg\Universal\FaultTolerantWriteDxe\FaultTolerantWrite.h
r:\myworkspace\Nt32Pkg\MiscSubClassPlatformDxe\MiscBaseBoardManufacturerData.c
r:\myworkspace\Nt32Pkg\MiscSubClassPlatformDxe\MiscBaseBoardManufacturerFunction.c
r:\myworkspace\Nt32Pkg\MiscSubClassPlatformDxe\MiscBiosVendorData.c
r:\myworkspace\Nt32Pkg\MiscSubClassPlatformDxe\MiscBiosVendorFunction.c
r:\myworkspace\Nt32Pkg\MiscSubClassPlatformDxe\MiscBootInformationData.c
r:\myworkspace\Nt32Pkg\MiscSubClassPlatformDxe\MiscBootInformationFunction.c
r:\myworkspace\Nt32Pkg\MiscSubClassPlatformDxe\MiscChassisManufacturerData.c
r:\myworkspace\Nt32Pkg\MiscSubClassPlatformDxe\MiscChassisManufacturerFunction.c
r:\myworkspace\Nt32Pkg\MiscSubClassPlatformDxe\MiscNumberOfInstallableLanguagesData.c
r:\myworkspace\Nt32Pkg\MiscSubClassPlatformDxe\MiscNumberOfInstallableLanguagesFunction.c
r:\myworkspace\Nt32Pkg\MiscSubClassPlatformDxe\MiscOemStringData.c
r:\myworkspace\Nt32Pkg\MiscSubClassPlatformDxe\MiscOemStringFunction.c
r:\myworkspace\Nt32Pkg\MiscSubClassPlatformDxe\MiscPortInternalConnectorDesignatorData.c
r:\myworkspace\Nt32Pkg\MiscSubClassPlatformDxe\MiscPortInternalConnectorDesignatorFunction.c
r:\myworkspace\Nt32Pkg\MiscSubClassPlatformDxe\MiscResetCapabilitiesData.c
r:\myworkspace\Nt32Pkg\MiscSubClassPlatformDxe\MiscResetCapabilitiesFunction.c
r:\myworkspace\Nt32Pkg\MiscSubClassPlatformDxe\MiscSystemLanguageStringData.c
r:\myworkspace\Nt32Pkg\MiscSubClassPlatformDxe\MiscSystemLanguageStringFunction.c
r:\myworkspace\Nt32Pkg\MiscSubClassPlatformDxe\MiscSystemManufacturerData.c
r:\myworkspace\Nt32Pkg\MiscSubClassPlatformDxe\MiscSystemManufacturerFunction.c
r:\myworkspace\Nt32Pkg\MiscSubClassPlatformDxe\MiscSystemOptionStringData.c
r:\myworkspace\Nt32Pkg\MiscSubClassPlatformDxe\MiscSystemOptionStringFunction.c
r:\myworkspace\Nt32Pkg\MiscSubClassPlatformDxe\MiscSystemSlotDesignationData.c
r:\myworkspace\Nt32Pkg\MiscSubClassPlatformDxe\MiscSystemSlotDesignationFunction.c
r:\myworkspace\Nt32Pkg\MiscSubClassPlatformDxe\MiscSubclassDriverDataTable.c
r:\myworkspace\Nt32Pkg\MiscSubClassPlatformDxe\MiscSubclassDriverEntryPoint.c
r:\myworkspace\Nt32Pkg\MiscSubClassPlatformDxe\MiscSubclassDriver.h
r:\myworkspace\Nt32Pkg\TimerDxe\Timer.c
r:\myworkspace\Nt32Pkg\TimerDxe\Timer.h
r:\myworkspace\MdeModulePkg\Universal\ReportStatusCodeRouter\RuntimeDxe\ReportStatusCodeRouterRuntimeDxe.c
r:\myworkspace\MdeModulePkg\Universal\ReportStatusCodeRouter\RuntimeDxe\ReportStatusCodeRouterRuntimeDxe.h
r:\myworkspace\MdeModulePkg\Universal\StatusCodeHandler\RuntimeDxe\StatusCodeHandlerRuntimeDxe.c
r:\myworkspace\MdeModulePkg\Universal\StatusCodeHandler\RuntimeDxe\SerialStatusCodeWorker.c
r:\myworkspace\MdeModulePkg\Universal\StatusCodeHandler\RuntimeDxe\MemoryStatusCodeWorker.c
r:\myworkspace\MdeModulePkg\Universal\StatusCodeHandler\RuntimeDxe\StatusCodeHandlerRuntimeDxe.h
r:\myworkspace\Nt32Pkg\WinNtOemHookStatusCodeHandlerDxe\WinNtOemHookStatusCodeHandlerDxe.c
r:\myworkspace\MdePkg\Include\Library\UefiDriverEntryPoint.h
r:\myworkspace\MdeModulePkg\Include\Library\OemHookStatusCodeLib.h
r:\myworkspace\Nt32Pkg\Include\WinNtDxe.h
r:\myworkspace\MdePkg\Include\Protocol\ReportStatusCodeHandler.h
r:\myworkspace\MdePkg\Include\Library\DebugLib.h
r:\myworkspace\MdePkg\Include\Library\UefiBootServicesTableLib.h
r:\myworkspace\MdeModulePkg\Universal\Variable\RuntimeDxe\Reclaim.c
r:\myworkspace\MdeModulePkg\Universal\Variable\RuntimeDxe\Variable.c
r:\myworkspace\MdeModulePkg\Universal\Variable\RuntimeDxe\VariableDxe.c
r:\myworkspace\MdeModulePkg\Universal\Variable\RuntimeDxe\Measurement.c
r:\myworkspace\MdeModulePkg\Universal\Variable\RuntimeDxe\VarCheck.c
r:\myworkspace\MdeModulePkg\Universal\Variable\RuntimeDxe\VariableExLib.c
r:\myworkspace\MdePkg\Include\Guid\ImageAuthentication.h
r:\myworkspace\MdeModulePkg\Include\Library\TpmMeasurementLib.h
r:\myworkspace\MdePkg\Include\Library\UefiRuntimeServicesTableLib.h
r:\myworkspace\MdePkg\Include\Library\BaseLib.h
r:\myworkspace\MdePkg\Include\IndustryStandard\UefiTcgPlatform.h
r:\myworkspace\MdeModulePkg\Universal\Variable\RuntimeDxe\Variable.h
r:\myworkspace\MdePkg\Include\Protocol\TrEEProtocol.h
r:\myworkspace\MdePkg\Include\Library\MemoryAllocationLib.h
r:\myworkspace\MdePkg\Include\PiDxe.h
r:\myworkspace\MdePkg\Include\Library\BaseMemoryLib.h
r:\myworkspace\MdePkg\Include\Library\DebugLib.h
r:\myworkspace\MdePkg\Include\Library\UefiBootServicesTableLib.h
r:\myworkspace\MdeModulePkg\Universal\WatchdogTimerDxe\WatchdogTimer.c
r:\myworkspace\MdeModulePkg\Universal\WatchdogTimerDxe\WatchdogTimer.h
r:\myworkspace\MdeModulePkg\Universal\MonotonicCounterRuntimeDxe\MonotonicCounter.c
r:\myworkspace\MdePkg\Include\Library\UefiDriverEntryPoint.h
r:\myworkspace\MdePkg\Include\Library\UefiRuntimeServicesTableLib.h
r:\myworkspace\MdeModulePkg\Include\Guid\MtcVendor.h
r:\myworkspace\MdePkg\Include\Uefi.h
r:\myworkspace\MdePkg\Include\Protocol\MonotonicCounter.h
r:\myworkspace\MdePkg\Include\Library\BaseLib.h
r:\myworkspace\MdePkg\Include\Library\UefiRuntimeLib.h
r:\myworkspace\MdePkg\Include\Library\DebugLib.h
r:\myworkspace\MdePkg\Include\Library\UefiBootServicesTableLib.h
r:\myworkspace\MdeModulePkg\Universal\CapsuleRuntimeDxe\CapsuleService.c
r:\myworkspace\MdeModulePkg\Universal\CapsuleRuntimeDxe\SaveLongModeContext.c
r:\myworkspace\MdePkg\Include\Library\UefiBootServicesTableLib.h
r:\myworkspace\MdePkg\Include\Library\UefiDriverEntryPoint.h
r:\myworkspace\MdePkg\Include\Library\PcdLib.h
r:\myworkspace\MdePkg\Include\Library\UefiRuntimeServicesTableLib.h
r:\myworkspace\MdePkg\Include\Uefi.h
r:\myworkspace\MdeModulePkg\Include\Library\CapsuleLib.h
r:\myworkspace\MdePkg\Include\Library\PrintLib.h
r:\myworkspace\MdePkg\Include\Guid\FmpCapsule.h
r:\myworkspace\MdePkg\Include\Library\BaseLib.h
r:\myworkspace\MdePkg\Include\Library\UefiRuntimeLib.h
r:\myworkspace\MdePkg\Include\Library\BaseMemoryLib.h
r:\myworkspace\MdePkg\Include\Library\DebugLib.h
r:\myworkspace\MdeModulePkg\Include\Guid\CapsuleVendor.h
r:\myworkspace\MdePkg\Include\Protocol\Capsule.h
r:\myworkspace\MdeModulePkg\Universal\Console\ConPlatformDxe\ComponentName.c
r:\myworkspace\MdeModulePkg\Universal\Console\ConPlatformDxe\ConPlatform.c
r:\myworkspace\MdeModulePkg\Universal\Console\ConPlatformDxe\ConPlatform.h
r:\myworkspace\MdeModulePkg\Universal\Console\ConSplitterDxe\ConSplitterGraphics.c
r:\myworkspace\MdeModulePkg\Universal\Console\ConSplitterDxe\ComponentName.c
r:\myworkspace\MdeModulePkg\Universal\Console\ConSplitterDxe\ConSplitter.c
r:\myworkspace\MdeModulePkg\Universal\Console\ConSplitterDxe\ConSplitter.h
r:\myworkspace\MdeModulePkg\Universal\Console\GraphicsConsoleDxe\ComponentName.c
r:\myworkspace\MdeModulePkg\Universal\Console\GraphicsConsoleDxe\LaffStd.c
r:\myworkspace\MdeModulePkg\Universal\Console\GraphicsConsoleDxe\GraphicsConsole.c
r:\myworkspace\MdeModulePkg\Universal\Console\GraphicsConsoleDxe\GraphicsConsole.h
r:\myworkspace\MdeModulePkg\Universal\Console\TerminalDxe\ComponentName.c
r:\myworkspace\MdeModulePkg\Universal\Console\TerminalDxe\Vtutf8.c
r:\myworkspace\MdeModulePkg\Universal\Console\TerminalDxe\Ansi.c
r:\myworkspace\MdeModulePkg\Universal\Console\TerminalDxe\TerminalConOut.c
r:\myworkspace\MdeModulePkg\Universal\Console\TerminalDxe\TerminalConIn.c
r:\myworkspace\MdeModulePkg\Universal\Console\TerminalDxe\Terminal.c
r:\myworkspace\MdeModulePkg\Universal\Console\TerminalDxe\Terminal.h
r:\myworkspace\MdeModulePkg\Universal\DevicePathDxe\DevicePath.c
r:\myworkspace\MdePkg\Include\Library\UefiDriverEntryPoint.h
r:\myworkspace\MdePkg\Include\Library\DevicePathLib.h
r:\myworkspace\MdePkg\Include\Uefi.h
r:\myworkspace\MdePkg\Include\Protocol\DevicePathFromText.h
r:\myworkspace\MdePkg\Include\Protocol\DevicePathUtilities.h
r:\myworkspace\MdePkg\Include\Protocol\DevicePathToText.h
r:\myworkspace\MdePkg\Include\Library\PcdLib.h
r:\myworkspace\MdePkg\Include\Library\UefiBootServicesTableLib.h
r:\myworkspace\MdeModulePkg\Universal\Disk\DiskIoDxe\ComponentName.c
r:\myworkspace\MdeModulePkg\Universal\Disk\DiskIoDxe\DiskIo.c
r:\myworkspace\MdeModulePkg\Universal\Disk\DiskIoDxe\DiskIo.h
r:\myworkspace\MdeModulePkg\Universal\Disk\PartitionDxe\ComponentName.c
r:\myworkspace\MdeModulePkg\Universal\Disk\PartitionDxe\Mbr.c
r:\myworkspace\MdeModulePkg\Universal\Disk\PartitionDxe\Gpt.c
r:\myworkspace\MdeModulePkg\Universal\Disk\PartitionDxe\ElTorito.c
r:\myworkspace\MdeModulePkg\Universal\Disk\PartitionDxe\Partition.c
r:\myworkspace\MdeModulePkg\Universal\Disk\PartitionDxe\Partition.h
r:\myworkspace\MdeModulePkg\Universal\Disk\UnicodeCollation\EnglishDxe\UnicodeCollationEng.c
r:\myworkspace\MdeModulePkg\Universal\Disk\UnicodeCollation\EnglishDxe\UnicodeCollationEng.h
r:\myworkspace\MdeModulePkg\Bus\Pci\PciBusDxe\PciLib.c
r:\myworkspace\MdeModulePkg\Bus\Pci\PciBusDxe\PciIo.c
r:\myworkspace\MdeModulePkg\Bus\Pci\PciBusDxe\PciBus.c
r:\myworkspace\MdeModulePkg\Bus\Pci\PciBusDxe\PciDeviceSupport.c
r:\myworkspace\MdeModulePkg\Bus\Pci\PciBusDxe\ComponentName.c
r:\myworkspace\MdeModulePkg\Bus\Pci\PciBusDxe\PciCommand.c
r:\myworkspace\MdeModulePkg\Bus\Pci\PciBusDxe\PciResourceSupport.c
r:\myworkspace\MdeModulePkg\Bus\Pci\PciBusDxe\PciEnumeratorSupport.c
r:\myworkspace\MdeModulePkg\Bus\Pci\PciBusDxe\PciEnumerator.c
r:\myworkspace\MdeModulePkg\Bus\Pci\PciBusDxe\PciOptionRomSupport.c
r:\myworkspace\MdeModulePkg\Bus\Pci\PciBusDxe\PciDriverOverride.c
r:\myworkspace\MdeModulePkg\Bus\Pci\PciBusDxe\PciPowerManagement.c
r:\myworkspace\MdeModulePkg\Bus\Pci\PciBusDxe\PciRomTable.c
r:\myworkspace\MdeModulePkg\Bus\Pci\PciBusDxe\PciHotPlugSupport.c
r:\myworkspace\MdeModulePkg\Bus\Pci\PciBusDxe\PciBus.h
r:\myworkspace\MdeModulePkg\Bus\Scsi\ScsiBusDxe\ComponentName.c
r:\myworkspace\MdeModulePkg\Bus\Scsi\ScsiBusDxe\ScsiBus.c
r:\myworkspace\MdeModulePkg\Bus\Scsi\ScsiBusDxe\ScsiBus.h
r:\myworkspace\MdeModulePkg\Bus\Scsi\ScsiDiskDxe\ComponentName.c
r:\myworkspace\MdeModulePkg\Bus\Scsi\ScsiDiskDxe\ScsiDisk.c
r:\myworkspace\MdeModulePkg\Bus\Scsi\ScsiDiskDxe\ScsiDisk.h
r:\myworkspace\IntelFrameworkModulePkg\Bus\Pci\IdeBusDxe\DriverDiagnostics.c
r:\myworkspace\IntelFrameworkModulePkg\Bus\Pci\IdeBusDxe\DriverConfiguration.c
r:\myworkspace\IntelFrameworkModulePkg\Bus\Pci\IdeBusDxe\ComponentName.c
r:\myworkspace\IntelFrameworkModulePkg\Bus\Pci\IdeBusDxe\Atapi.c
r:\myworkspace\IntelFrameworkModulePkg\Bus\Pci\IdeBusDxe\Ata.c
r:\myworkspace\IntelFrameworkModulePkg\Bus\Pci\IdeBusDxe\Ide.c
r:\myworkspace\IntelFrameworkModulePkg\Bus\Pci\IdeBusDxe\IdeBus.c
r:\myworkspace\IntelFrameworkModulePkg\Bus\Pci\IdeBusDxe\IdeBus.h
r:\myworkspace\Nt32Pkg\WinNtBusDriverDxe\ComponentName.c
r:\myworkspace\Nt32Pkg\WinNtBusDriverDxe\WinNtBusDriver.c
r:\myworkspace\MdePkg\Include\Library\UefiBootServicesTableLib.h
r:\myworkspace\MdePkg\Include\Library\UefiLib.h
r:\myworkspace\MdePkg\Include\Protocol\DevicePath.h
r:\myworkspace\MdePkg\Include\Library\PcdLib.h
r:\myworkspace\Nt32Pkg\Include\WinNtDxe.h
r:\myworkspace\MdePkg\Include\Library\DevicePathLib.h
r:\myworkspace\MdePkg\Include\Uefi.h
r:\myworkspace\MdePkg\Include\Library\BaseLib.h
r:\myworkspace\MdePkg\Include\Library\DebugLib.h
r:\myworkspace\MdePkg\Include\Library\MemoryAllocationLib.h
r:\myworkspace\Nt32Pkg\Include\Protocol\WinNtThunk.h
r:\myworkspace\MdePkg\Include\Library\BaseMemoryLib.h
r:\myworkspace\Nt32Pkg\Include\Protocol\WinNtIo.h
r:\myworkspace\MdePkg\Include\Protocol\DriverBinding.h
r:\myworkspace\Nt32Pkg\WinNtBusDriverDxe\WinNtBusDriver.h
r:\myworkspace\MdePkg\Include\Library\UefiDriverEntryPoint.h
r:\myworkspace\MdePkg\Include\Protocol\ComponentName.h
r:\myworkspace\Nt32Pkg\WinNtBlockIoDxe\DriverDiagnostics.c
r:\myworkspace\Nt32Pkg\WinNtBlockIoDxe\DriverConfiguration.c
r:\myworkspace\Nt32Pkg\WinNtBlockIoDxe\ComponentName.c
r:\myworkspace\Nt32Pkg\WinNtBlockIoDxe\WinNtBlockIo.c
r:\myworkspace\MdePkg\Include\Library\UefiLib.h
r:\myworkspace\MdePkg\Include\Library\UefiDriverEntryPoint.h
r:\myworkspace\Nt32Pkg\Include\WinNtDxe.h
r:\myworkspace\Nt32Pkg\Include\Protocol\WinNtThunk.h
r:\myworkspace\MdePkg\Include\Uefi.h
r:\myworkspace\MdePkg\Include\Library\BaseLib.h
r:\myworkspace\MdePkg\Include\Library\DebugLib.h
r:\myworkspace\MdePkg\Include\Library\MemoryAllocationLib.h
r:\myworkspace\Nt32Pkg\WinNtBlockIoDxe\WinNtBlockIo.h
r:\myworkspace\MdePkg\Include\Protocol\BlockIo.h
r:\myworkspace\MdePkg\Include\Library\BaseMemoryLib.h
r:\myworkspace\Nt32Pkg\Include\Protocol\WinNtIo.h
r:\myworkspace\MdePkg\Include\Protocol\DriverBinding.h
r:\myworkspace\MdePkg\Include\Library\UefiBootServicesTableLib.h
r:\myworkspace\MdePkg\Include\Protocol\ComponentName.h
r:\myworkspace\Nt32Pkg\WinNtSerialIoDxe\ComponentName.c
r:\myworkspace\Nt32Pkg\WinNtSerialIoDxe\WinNtSerialIo.c
r:\myworkspace\Nt32Pkg\WinNtSerialIoDxe\WinNtSerialIo.h
r:\myworkspace\Nt32Pkg\WinNtGopDxe\WinNtGopDriver.c
r:\myworkspace\Nt32Pkg\WinNtGopDxe\ComponentName.c
r:\myworkspace\Nt32Pkg\WinNtGopDxe\WinNtGopInput.c
r:\myworkspace\Nt32Pkg\WinNtGopDxe\WinNtGopScreen.c
r:\myworkspace\MdePkg\Include\Library\UefiLib.h
r:\myworkspace\MdePkg\Include\Protocol\SimpleTextIn.h
r:\myworkspace\MdePkg\Include\Library\UefiDriverEntryPoint.h
r:\myworkspace\Nt32Pkg\Include\WinNtDxe.h
r:\myworkspace\Nt32Pkg\WinNtGopDxe\WinNtGop.h
r:\myworkspace\MdePkg\Include\Library\BaseLib.h
r:\myworkspace\MdePkg\Include\Library\DebugLib.h
r:\myworkspace\MdePkg\Include\Guid\EventGroup.h
r:\myworkspace\MdePkg\Include\Library\MemoryAllocationLib.h
r:\myworkspace\MdePkg\Include\Uefi.h
r:\myworkspace\MdePkg\Include\Library\BaseMemoryLib.h
r:\myworkspace\Nt32Pkg\Include\Protocol\WinNtIo.h
r:\myworkspace\MdePkg\Include\Protocol\DriverBinding.h
r:\myworkspace\MdePkg\Include\Library\UefiBootServicesTableLib.h
r:\myworkspace\MdePkg\Include\Protocol\ComponentName.h
r:\myworkspace\MdePkg\Include\Protocol\GraphicsOutput.h
r:\myworkspace\Nt32Pkg\WinNtSimpleFileSystemDxe\ComponentName.c
r:\myworkspace\Nt32Pkg\WinNtSimpleFileSystemDxe\WinNtSimpleFileSystem.c
r:\myworkspace\MdePkg\Include\Protocol\SimpleFileSystem.h
r:\myworkspace\MdePkg\Include\Library\UefiDriverEntryPoint.h
r:\myworkspace\Nt32Pkg\Include\WinNtDxe.h
r:\myworkspace\MdePkg\Include\Uefi.h
r:\myworkspace\MdePkg\Include\Library\DebugLib.h
r:\myworkspace\MdePkg\Include\Library\UefiLib.h
r:\myworkspace\MdePkg\Include\Guid\FileInfo.h
r:\myworkspace\MdePkg\Include\Guid\FileSystemInfo.h
r:\myworkspace\MdePkg\Include\Library\MemoryAllocationLib.h
r:\myworkspace\MdePkg\Include\Library\BaseLib.h
r:\myworkspace\MdePkg\Include\Guid\FileSystemVolumeLabelInfo.h
r:\myworkspace\MdePkg\Include\Library\BaseMemoryLib.h
r:\myworkspace\Nt32Pkg\Include\Protocol\WinNtIo.h
r:\myworkspace\MdePkg\Include\Protocol\DriverBinding.h
r:\myworkspace\Nt32Pkg\WinNtSimpleFileSystemDxe\WinNtSimpleFileSystem.h
r:\myworkspace\MdePkg\Include\Library\UefiBootServicesTableLib.h
r:\myworkspace\MdePkg\Include\Protocol\ComponentName.h
r:\myworkspace\MdeModulePkg\Application\HelloWorld\HelloWorld.c
r:\myworkspace\MdePkg\Include\Uefi.h
r:\myworkspace\MdePkg\Include\Library\PcdLib.h
r:\myworkspace\MdePkg\Include\Library\UefiLib.h
r:\myworkspace\MdePkg\Include\Library\UefiApplicationEntryPoint.h
r:\myworkspace\MdeModulePkg\Universal\Network\DpcDxe\Dpc.c
r:\myworkspace\MdeModulePkg\Universal\Network\DpcDxe\Dpc.h
r:\myworkspace\MdeModulePkg\Universal\Network\ArpDxe\ArpMain.c
r:\myworkspace\MdeModulePkg\Universal\Network\ArpDxe\ComponentName.c
r:\myworkspace\MdeModulePkg\Universal\Network\ArpDxe\ArpImpl.c
r:\myworkspace\MdeModulePkg\Universal\Network\ArpDxe\ArpDriver.c
r:\myworkspace\MdeModulePkg\Universal\Network\ArpDxe\ArpDriver.h
r:\myworkspace\MdeModulePkg\Universal\Network\ArpDxe\ArpImpl.h
r:\myworkspace\MdeModulePkg\Universal\Network\Dhcp4Dxe\Dhcp4Impl.c
r:\myworkspace\MdeModulePkg\Universal\Network\Dhcp4Dxe\Dhcp4Io.c
r:\myworkspace\MdeModulePkg\Universal\Network\Dhcp4Dxe\ComponentName.c
r:\myworkspace\MdeModulePkg\Universal\Network\Dhcp4Dxe\Dhcp4Driver.c
r:\myworkspace\MdeModulePkg\Universal\Network\Dhcp4Dxe\Dhcp4Option.c
r:\myworkspace\MdeModulePkg\Universal\Network\Dhcp4Dxe\Dhcp4Driver.h
r:\myworkspace\MdeModulePkg\Universal\Network\Dhcp4Dxe\Dhcp4Impl.h
r:\myworkspace\MdeModulePkg\Universal\Network\Ip4Dxe\Ip4Driver.c
r:\myworkspace\MdeModulePkg\Universal\Network\Ip4Dxe\Ip4If.c
r:\myworkspace\MdeModulePkg\Universal\Network\Ip4Dxe\Ip4Output.c
r:\myworkspace\MdeModulePkg\Universal\Network\Ip4Dxe\Ip4Icmp.c
r:\myworkspace\MdeModulePkg\Universal\Network\Ip4Dxe\Ip4Igmp.c
r:\myworkspace\MdeModulePkg\Universal\Network\Ip4Dxe\Ip4Impl.c
r:\myworkspace\MdeModulePkg\Universal\Network\Ip4Dxe\Ip4Common.c
r:\myworkspace\MdeModulePkg\Universal\Network\Ip4Dxe\Ip4Option.c
r:\myworkspace\MdeModulePkg\Universal\Network\Ip4Dxe\ComponentName.c
r:\myworkspace\MdeModulePkg\Universal\Network\Ip4Dxe\Ip4Route.c
r:\myworkspace\MdeModulePkg\Universal\Network\Ip4Dxe\Ip4Input.c
r:\myworkspace\MdeModulePkg\Universal\Network\Ip4Dxe\Ip4Config2Impl.c
r:\myworkspace\MdeModulePkg\Universal\Network\Ip4Dxe\Ip4Config2Nv.c
r:\myworkspace\MdeModulePkg\Universal\Network\Ip4Dxe\Ip4Impl.h
r:\myworkspace\MdeModulePkg\Universal\Network\MnpDxe\MnpMain.c
r:\myworkspace\MdeModulePkg\Universal\Network\MnpDxe\MnpIo.c
r:\myworkspace\MdeModulePkg\Universal\Network\MnpDxe\ComponentName.c
r:\myworkspace\MdeModulePkg\Universal\Network\MnpDxe\MnpDriver.c
r:\myworkspace\MdeModulePkg\Universal\Network\MnpDxe\MnpConfig.c
r:\myworkspace\MdeModulePkg\Universal\Network\MnpDxe\MnpVlan.c
r:\myworkspace\MdeModulePkg\Universal\Network\MnpDxe\MnpVlan.h
r:\myworkspace\MdeModulePkg\Universal\Network\MnpDxe\MnpDriver.h
r:\myworkspace\MdeModulePkg\Universal\Network\MnpDxe\MnpImpl.h
r:\myworkspace\MdeModulePkg\Universal\Network\VlanConfigDxe\ComponentName.c
r:\myworkspace\MdeModulePkg\Universal\Network\VlanConfigDxe\VlanConfigDriver.c
r:\myworkspace\MdeModulePkg\Universal\Network\VlanConfigDxe\VlanConfigImpl.c
r:\myworkspace\MdeModulePkg\Universal\Network\VlanConfigDxe\VlanConfigImpl.h
r:\myworkspace\MdeModulePkg\Universal\Network\Mtftp4Dxe\Mtftp4Option.c
r:\myworkspace\MdeModulePkg\Universal\Network\Mtftp4Dxe\Mtftp4Rrq.c
r:\myworkspace\MdeModulePkg\Universal\Network\Mtftp4Dxe\ComponentName.c
r:\myworkspace\MdeModulePkg\Universal\Network\Mtftp4Dxe\Mtftp4Support.c
r:\myworkspace\MdeModulePkg\Universal\Network\Mtftp4Dxe\Mtftp4Impl.c
r:\myworkspace\MdeModulePkg\Universal\Network\Mtftp4Dxe\Mtftp4Driver.c
r:\myworkspace\MdeModulePkg\Universal\Network\Mtftp4Dxe\Mtftp4Wrq.c
r:\myworkspace\MdeModulePkg\Universal\Network\Mtftp4Dxe\Mtftp4Impl.h
r:\myworkspace\MdeModulePkg\Universal\Network\Tcp4Dxe\SockImpl.c
r:\myworkspace\MdeModulePkg\Universal\Network\Tcp4Dxe\SockInterface.c
r:\myworkspace\MdeModulePkg\Universal\Network\Tcp4Dxe\Tcp4Output.c
r:\myworkspace\MdeModulePkg\Universal\Network\Tcp4Dxe\Tcp4Timer.c
r:\myworkspace\MdeModulePkg\Universal\Network\Tcp4Dxe\Tcp4Dispatcher.c
r:\myworkspace\MdeModulePkg\Universal\Network\Tcp4Dxe\Tcp4Input.c
r:\myworkspace\MdeModulePkg\Universal\Network\Tcp4Dxe\Tcp4Misc.c
r:\myworkspace\MdeModulePkg\Universal\Network\Tcp4Dxe\Tcp4Main.c
r:\myworkspace\MdeModulePkg\Universal\Network\Tcp4Dxe\ComponentName.c
r:\myworkspace\MdeModulePkg\Universal\Network\Tcp4Dxe\Tcp4Io.c
r:\myworkspace\MdeModulePkg\Universal\Network\Tcp4Dxe\Tcp4Driver.c
r:\myworkspace\MdeModulePkg\Universal\Network\Tcp4Dxe\Tcp4Option.c
r:\myworkspace\MdeModulePkg\Universal\Network\Tcp4Dxe\Tcp4Main.h
r:\myworkspace\MdeModulePkg\Universal\Network\Tcp4Dxe\SockImpl.h
r:\myworkspace\MdePkg\Include\Library\DevicePathLib.h
r:\myworkspace\MdeModulePkg\Universal\Network\Udp4Dxe\Udp4Main.c
r:\myworkspace\MdeModulePkg\Universal\Network\Udp4Dxe\ComponentName.c
r:\myworkspace\MdeModulePkg\Universal\Network\Udp4Dxe\Udp4Impl.c
r:\myworkspace\MdeModulePkg\Universal\Network\Udp4Dxe\Udp4Driver.c
r:\myworkspace\MdeModulePkg\Universal\Network\Udp4Dxe\Udp4Impl.h
r:\myworkspace\MdeModulePkg\Universal\Network\UefiPxeBcDxe\PxeBcMtftp.c
r:\myworkspace\MdeModulePkg\Universal\Network\UefiPxeBcDxe\PxeBcSupport.c
r:\myworkspace\MdeModulePkg\Universal\Network\UefiPxeBcDxe\PxeBcDriver.c
r:\myworkspace\MdeModulePkg\Universal\Network\UefiPxeBcDxe\ComponentName.c
r:\myworkspace\MdeModulePkg\Universal\Network\UefiPxeBcDxe\PxeBcImpl.c
r:\myworkspace\MdeModulePkg\Universal\Network\UefiPxeBcDxe\PxeBcDhcp.c
r:\myworkspace\MdeModulePkg\Universal\Network\UefiPxeBcDxe\PxeBcImpl.h
r:\myworkspace\Nt32Pkg\SnpNt32Dxe\ComponentName.c
r:\myworkspace\Nt32Pkg\SnpNt32Dxe\SnpNt32.c
r:\myworkspace\Nt32Pkg\SnpNt32Dxe\SnpNt32.h
r:\myworkspace\MdeModulePkg\Universal\Network\IScsiDxe\IScsiTcp4Io.c
r:\myworkspace\MdeModulePkg\Universal\Network\IScsiDxe\IScsiProto.c
r:\myworkspace\MdeModulePkg\Universal\Network\IScsiDxe\IScsiMisc.c
r:\myworkspace\MdeModulePkg\Universal\Network\IScsiDxe\IScsiInitiatorName.c
r:\myworkspace\MdeModulePkg\Universal\Network\IScsiDxe\IScsiIbft.c
r:\myworkspace\MdeModulePkg\Universal\Network\IScsiDxe\IScsiExtScsiPassThru.c
r:\myworkspace\MdeModulePkg\Universal\Network\IScsiDxe\IScsiDriver.c
r:\myworkspace\MdeModulePkg\Universal\Network\IScsiDxe\IScsiDhcp.c
r:\myworkspace\MdeModulePkg\Universal\Network\IScsiDxe\IScsiCHAP.c
r:\myworkspace\MdeModulePkg\Universal\Network\IScsiDxe\ComponentName.c
r:\myworkspace\MdeModulePkg\Universal\Network\IScsiDxe\Md5.c
r:\myworkspace\MdeModulePkg\Universal\Network\IScsiDxe\IScsiConfig.c
r:\myworkspace\MdeModulePkg\Universal\Network\IScsiDxe\Md5.h
r:\myworkspace\MdeModulePkg\Universal\Network\IScsiDxe\IScsiImpl.h
r:\myworkspace\NetworkPkg\HttpBootDxe\HttpBootDxe.c
r:\myworkspace\NetworkPkg\HttpBootDxe\HttpBootComponentName.c
r:\myworkspace\NetworkPkg\HttpBootDxe\HttpBootImpl.c
r:\myworkspace\NetworkPkg\HttpBootDxe\HttpBootDhcp4.c
r:\myworkspace\NetworkPkg\HttpBootDxe\HttpBootSupport.c
r:\myworkspace\NetworkPkg\HttpBootDxe\HttpBootClient.c
r:\myworkspace\NetworkPkg\HttpBootDxe\HttpBootDxe.h
r:\myworkspace\NetworkPkg\DnsDxe\ComponentName.c
r:\myworkspace\NetworkPkg\DnsDxe\DnsDriver.c
r:\myworkspace\NetworkPkg\DnsDxe\DnsImpl.c
r:\myworkspace\NetworkPkg\DnsDxe\DnsProtocol.c
r:\myworkspace\NetworkPkg\DnsDxe\DnsDhcp.c
r:\myworkspace\NetworkPkg\DnsDxe\DnsImpl.h
r:\myworkspace\NetworkPkg\HttpDxe\ComponentName.c
r:\myworkspace\NetworkPkg\HttpDxe\HttpDns.c
r:\myworkspace\NetworkPkg\HttpDxe\HttpDriver.c
r:\myworkspace\NetworkPkg\HttpDxe\HttpImpl.c
r:\myworkspace\NetworkPkg\HttpDxe\HttpProto.c
r:\myworkspace\NetworkPkg\HttpDxe\HttpDriver.h
r:\myworkspace\NetworkPkg\HttpUtilitiesDxe\HttpUtilitiesDxe.c
r:\myworkspace\NetworkPkg\HttpUtilitiesDxe\HttpUtilitiesImpl.c
r:\myworkspace\NetworkPkg\HttpUtilitiesDxe\HttpUtilitiesProtocol.c
r:\myworkspace\NetworkPkg\HttpUtilitiesDxe\HttpUtilitiesDxe.h
r:\myworkspace\MdeModulePkg\Universal\BdsDxe\HwErrRecSupport.c
r:\myworkspace\MdeModulePkg\Universal\BdsDxe\Language.c
r:\myworkspace\MdeModulePkg\Universal\BdsDxe\BdsEntry.c
r:\myworkspace\MdeModulePkg\Universal\BdsDxe\Bds.h
r:\myworkspace\MdeModulePkg\Universal\BdsDxe\Language.h
r:\myworkspace\MdeModulePkg\Universal\BdsDxe\HwErrRecSupport.h
r:\myworkspace\MdeModulePkg\Application\UiApp\DeviceMngr\DeviceManager.c
r:\myworkspace\MdeModulePkg\Application\UiApp\BootMngr\BootManager.c
r:\myworkspace\MdeModulePkg\Application\UiApp\BootMaint\FileExplorer.c
r:\myworkspace\MdeModulePkg\Application\UiApp\BootMaint\BootMaint.c
r:\myworkspace\MdeModulePkg\Application\UiApp\BootMaint\UpdatePage.c
r:\myworkspace\MdeModulePkg\Application\UiApp\BootMaint\Variable.c
r:\myworkspace\MdeModulePkg\Application\UiApp\BootMaint\Data.c
r:\myworkspace\MdeModulePkg\Application\UiApp\BootMaint\ConsoleOption.c
r:\myworkspace\MdeModulePkg\Application\UiApp\BootMaint\BootOption.c
r:\myworkspace\MdeModulePkg\Application\UiApp\BootMaint\BmLib.c
r:\myworkspace\MdeModulePkg\Application\UiApp\FrontPage.c
r:\myworkspace\MdeModulePkg\Application\UiApp\String.c
r:\myworkspace\MdeModulePkg\Application\UiApp\Language.c
r:\myworkspace\MdeModulePkg\Application\UiApp\Ui.h
r:\myworkspace\MdeModulePkg\Application\UiApp\FrontPage.h
r:\myworkspace\MdeModulePkg\Application\UiApp\DeviceMngr\DeviceManager.h
r:\myworkspace\MdeModulePkg\Application\UiApp\BootMngr\BootManager.h
r:\myworkspace\MdeModulePkg\Application\UiApp\BootMaint\BootMaint.h
r:\myworkspace\MdeModulePkg\Application\UiApp\Language.h
r:\myworkspace\MdeModulePkg\Universal\DriverHealthManagerDxe\DriverHealthManagerDxe.c
r:\myworkspace\MdeModulePkg\Universal\DriverHealthManagerDxe\DriverHealthManagerVfr.h
r:\myworkspace\MdeModulePkg\Universal\DriverHealthManagerDxe\DriverHealthManagerDxe.h
r:\myworkspace\MdeModulePkg\Universal\HiiDatabaseDxe\HiiDatabaseEntry.c
r:\myworkspace\MdeModulePkg\Universal\HiiDatabaseDxe\Image.c
r:\myworkspace\MdeModulePkg\Universal\HiiDatabaseDxe\ConfigRouting.c
r:\myworkspace\MdeModulePkg\Universal\HiiDatabaseDxe\String.c
r:\myworkspace\MdeModulePkg\Universal\HiiDatabaseDxe\Database.c
r:\myworkspace\MdeModulePkg\Universal\HiiDatabaseDxe\Font.c
r:\myworkspace\MdeModulePkg\Universal\HiiDatabaseDxe\ConfigKeywordHandler.c
r:\myworkspace\MdeModulePkg\Universal\HiiDatabaseDxe\HiiDatabase.h
r:\myworkspace\MdeModulePkg\Universal\DisplayEngineDxe\FormDisplay.c
r:\myworkspace\MdeModulePkg\Universal\DisplayEngineDxe\ProcessOptions.c
r:\myworkspace\MdeModulePkg\Universal\DisplayEngineDxe\InputHandler.c
r:\myworkspace\MdeModulePkg\Universal\DisplayEngineDxe\FormDisplay.h
r:\myworkspace\MdeModulePkg\Universal\SetupBrowserDxe\Setup.c
r:\myworkspace\MdeModulePkg\Universal\SetupBrowserDxe\IfrParse.c
r:\myworkspace\MdeModulePkg\Universal\SetupBrowserDxe\Expression.c
r:\myworkspace\MdeModulePkg\Universal\SetupBrowserDxe\Presentation.c
r:\myworkspace\MdeModulePkg\Universal\SetupBrowserDxe\Setup.h
r:\myworkspace\MdeModulePkg\Universal\PrintDxe\Print.c
r:\myworkspace\MdePkg\Include\Library\UefiDriverEntryPoint.h
r:\myworkspace\MdePkg\Include\Library\PrintLib.h
r:\myworkspace\MdeModulePkg\Include\Protocol\Print2.h
r:\myworkspace\MdePkg\Include\PiDxe.h
r:\myworkspace\MdePkg\Include\Library\DebugLib.h
r:\myworkspace\MdePkg\Include\Library\UefiBootServicesTableLib.h
r:\myworkspace\MdeModulePkg\Universal\DriverSampleDxe\DriverSample.c
r:\myworkspace\MdeModulePkg\Universal\DriverSampleDxe\DriverSample.h
r:\myworkspace\MdeModulePkg\Application\VariableInfo\VariableInfo.c
r:\myworkspace\MdePkg\Include\Library\UefiLib.h
r:\myworkspace\MdeModulePkg\Include\Guid\SmmVariableCommon.h
r:\myworkspace\MdeModulePkg\Include\Guid\VariableFormat.h
r:\myworkspace\MdePkg\Include\Uefi.h
r:\myworkspace\MdePkg\Include\Library\UefiApplicationEntryPoint.h
r:\myworkspace\MdePkg\Include\Protocol\SmmCommunication.h
r:\myworkspace\MdeModulePkg\Include\Protocol\SmmVariable.h
r:\myworkspace\MdePkg\Include\Library\MemoryAllocationLib.h
r:\myworkspace\MdePkg\Include\Library\BaseLib.h
r:\myworkspace\MdePkg\Include\Library\BaseMemoryLib.h
r:\myworkspace\MdePkg\Include\Library\DebugLib.h
r:\myworkspace\MdePkg\Include\Library\UefiBootServicesTableLib.h
r:\myworkspace\MdeModulePkg\Universal\PlatformDriOverrideDxe\PlatDriOverrideDxe.c
r:\myworkspace\MdeModulePkg\Universal\PlatformDriOverrideDxe\PlatDriOverrideLib.c
r:\myworkspace\MdeModulePkg\Universal\PlatformDriOverrideDxe\PlatOverMngr.h
r:\myworkspace\MdeModulePkg\Universal\PlatformDriOverrideDxe\InternalPlatDriOverrideDxe.h
