
9d9a39d8-bd42-4a73-a4d5-8ee94be11380
ca37bc1f-a327-4ae9-828a-8c40d8506a17
2fe800be-8f01-4aa6-946b-d71388e1833f
5053697e-2cbc-4819-90d9-0580deee5754
8b843e20-8132-4852-90cc-551a4e4a7f1c
05c99a21-c70f-4ad2-8a5f-35df3343f51e
d432a67f-14dc-484b-b3bb-3f0291849327
26baccb2-6f42-11d4-bce7-0080c73c8881
03c4e603-ac28-11d3-9a2d-0090273fc14d
665e3ff6-46cc-11d4-9a38-0090273fc14d
83f01464-99bd-45e5-b383-af6305d8e9e6
26baccb1-6f42-11d4-bce7-0080c73c8881
3e35c163-4074-45dd-431e-23989dd86b32
b625b186-e063-44f7-8905-6a74dc6f52b4
9042a9de-23dc-4a38-96fb-7aded080516a
a46423e3-4617-49f1-b9ff-d1bfa9115839
587e72d7-cc50-4f79-8209-ca291fc1a10f
31a6406a-6bdf-4e46-b2a2-ebaa89c40920
0fd96974-23aa-4cdc-b9cb-98d17750322a
f36ff770-a7e1-42cf-9ed2-56f0f271f44c
f4b427bb-ba21-4f16-bc4e-43e416ab619c
26baccb3-6f42-11d4-bce7-0080c73c8881
f05976ef-83f1-4f3d-8619-f7595d41e538
65530bc7-a359-410f-b010-5aadc7ec2b62
fd0f4478-0efd-461d-ba2d-e58c45fd5f5e
86212936-0e76-41c8-a03a-2af2fc1c39e2
d3b36f2d-d551-11d4-9a46-0090273fc14d
ce345171-ba0b-11d2-8e4f-00a0c969723b
4006c0c1-fcb3-403e-996d-4a6c8724e06d
8f644fa9-e850-4db1-9ce2-0b44698e8da4
41d94cd2-35b6-455a-8258-d4e51334aadd
c51711e7-b4bf-404a-bfb8-0a048ef1ffe4
13a3f0f6-264a-3ef0-f2e0-dec512342f34
d3b36f2c-d551-11d4-9a46-0090273fc14d
1f73b18d-4630-43c1-a1de-6f80855d7da4
5b446ed1-e30b-4faa-871a-3654eca36080
5be40f57-fa68-4610-bbbf-e9c5fcdad365
964e5b21-6459-11d2-8e39-00a0c969723b
3ebd9e82-2c78-4de6-9786-8d4bfcb7c881
09576e91-6d3f-11d2-8e39-00a0c969723b
330d4706-f2a0-4e4f-a369-b66fa8d54385
ef9fc172-a1b2-4693-b327-6d32fc416042
143b7632-b81b-4cb7-abd3-b625a5b9bffe
f44c00ee-1f2c-4a00-aa09-1c9f3e0800a3
8d59d32b-c655-4ae9-9b15-f25904992a43
bc62157e-3e33-4fec-9920-2d3b36d750df
8a219718-4ef5-4761-91c8-c0f04bda9e56
3bc1b285-8a15-4a82-aabf-4d7d13fb3265
dd9e7534-7762-4698-8c14-f58517a625aa
96eb4ad6-a32a-11d4-bcfd-0080c73c8881
245dca21-fb7b-11d3-8f01-00a0c969723b
30cfe3e7-3de1-4586-be20-deaba1b3b793
4cf5b200-68b8-4ca5-9eec-b23e3f50029a
6a1ee763-d47a-43b4-aabe-ef1de2ab56fc
0419f582-0625-4531-8a33-85a9965c95bc
0379be4e-d706-437d-b037-edb82fb772a4
03583ff6-cb36-4940-947e-b9b39f4afaf7
ae3d28cc-e05b-4fa1-a011-7eb55a3f1401
5b1b31a1-9562-11d2-8e3f-00a0c969723b
6441f818-6362-4e44-b570-7dba31dd2453
00720665-67eb-4a99-baf7-d3c33a1c7cc9
480f8ae9-0c46-4aa9-bc89-db9fba619806
78247c57-63db-4708-99c2-a8b4a9a61f6b
387477c1-69c7-11d2-8e39-00a0c969723b
387477c2-69c7-11d2-8e39-00a0c969723b
1d85cd7f-f43d-11d2-9a0c-0090273fc14d
56ec3091-954c-11d2-8e3f-00a0c969723b
31878c87-0b75-11d5-9a4f-0090273fc14d
9e23d768-d2f3-4366-9fc3-3a7aba864374
ad61f191-ae5f-4c0e-b9fa-e869d288c64f
58c518b1-76f3-11d4-bcea-0080c73c8881
19cb87ab-2cb9-4665-8360-ddcf6054f79d
151c8eae-7f2c-472c-9e54-9828194f6a88
b9d4c360-bcfb-4f9b-9298-53c136982258
94ab2f58-1438-4ef1-9152-18941a3a0e68
1e5668e2-8481-11d4-bcf1-0080c73c8881
964e5b22-6459-11d2-8e39-00a0c969723b
11b34006-d85b-4d0a-a290-d5a571310ef7
7ab33a91-ace5-4326-b572-e7ee33d39f16
d8117cfe-94a6-11d4-9a3a-0090273fc14d
d2b2b828-0826-48a7-b3df-983c006024f0
220e73b6-6bdb-4413-8405-b974b108619a
7a59b29b-910b-4171-8242-a85a0df25b5b
a19832b9-ac25-11d3-9a2d-0090273fc14d
aaeaccfd-f27b-4c17-b610-75ca1f2dfb52
5cb5c776-60d5-45ee-883c-452708cd743f
27cfac87-46cc-11d4-9a38-0090273fc14d
13ac6dd1-73d0-11d4-b06b-00aa00bd6de7
6b30c738-a391-11d4-9a3b-0090273fc14d
2755590c-6f3c-42fa-9ea4-a3ba543cda25
932f47e6-2362-4002-803e-3cd54b138f85
1da97072-bddc-4b30-99f1-72a0b56fff2a
cd3d0a05-9e24-437c-a891-1ee053db7638
0a8badd5-03b8-4d19-b128-7b8f0edaa596
bdc8e6af-d9bc-4379-a72a-e0c4e75dae1c
665e3ff5-46cc-11d4-9a38-0090273fc14d
9bbe29e9-fda1-41ec-ad52-452213742d2e
3ad9df29-4501-478d-b1f8-7f7fe70e50f3
b7dfb4e1-052f-449f-87be-9818fc91b733
309de7f1-7f5e-4ace-b49c-531be5aa95ef
821c9a09-541a-40f6-9f43-0ad193a12cfe
a770c357-b693-4e6d-a6cf-d21c728e550b
7f1647c8-b76e-44b2-a565-f70ff19cd19e
a4c751fc-23ae-4c3e-92e9-4964cf63f349
27cfac88-46cc-11d4-9a38-0090273fc14d
a77b2472-e282-4e9f-a245-c2c0e27bbcc1
af23b340-97b4-4685-8d4f-a3f28169b21d
bb25cf6f-f1d4-11d2-9a0c-0090273fc1fd
d3b36f2b-d551-11d4-9a46-0090273fc14d
e9ca4775-8657-47fc-97e7-7ed65a084324
59324945-ec44-4c0d-b1cd-9db139df070c
982c298b-f4fa-41cb-b838-77aa688fb839
