r:\myworkspace\MdePkg\Library\PeiMemoryAllocationLib\PeiMemoryAllocationLib.inf
r:\myworkspace\MdePkg\Library\PeiServicesLib\PeiServicesLib.inf
r:\myworkspace\Nt32Pkg\Library\PeiNt32OemHookStatusCodeLib\PeiNt32OemHookStatusCodeLib.inf
r:\myworkspace\MdeModulePkg\Library\PeiReportStatusCodeLib\PeiReportStatusCodeLib.inf
r:\myworkspace\MdePkg\Library\PeiServicesTablePointerLib\PeiServicesTablePointerLib.inf
r:\myworkspace\MdePkg\Library\UefiBootServicesTableLib\UefiBootServicesTableLib.inf
r:\myworkspace\MdePkg\Library\UefiRuntimeServicesTableLib\UefiRuntimeServicesTableLib.inf
r:\myworkspace\MdePkg\Library\UefiDevicePathLibDevicePathProtocol\UefiDevicePathLibDevicePathProtocol.inf
r:\myworkspace\MdePkg\Library\UefiLib\UefiLib.inf
r:\myworkspace\MdePkg\Library\DxeHobLib\DxeHobLib.inf
r:\myworkspace\MdeModulePkg\Library\OemHookStatusCodeLibNull\OemHookStatusCodeLibNull.inf
r:\myworkspace\IntelFrameworkModulePkg\Library\PeiDxeDebugLibReportStatusCode\PeiDxeDebugLibReportStatusCode.inf
r:\myworkspace\MdePkg\Library\PeiHobLib\PeiHobLib.inf
r:\myworkspace\Nt32Pkg\Library\PeiNt32PeCoffExtraActionLib\PeiNt32PeCoffExtraActionLib.inf
r:\myworkspace\Nt32Pkg\Library\Nt32PeiPeCoffGetEntryPointLib\Nt32PeiPeCoffGetEntryPointLib.inf
r:\myworkspace\MdePkg\Library\PeiCoreEntryPoint\PeiCoreEntryPoint.inf
r:\myworkspace\MdePkg\Library\PeimEntryPoint\PeimEntryPoint.inf
r:\myworkspace\MdePkg\Library\PeiPcdLib\PeiPcdLib.inf
r:\myworkspace\MdePkg\Library\PeiExtractGuidedSectionLib\PeiExtractGuidedSectionLib.inf
r:\myworkspace\MdeModulePkg\Library\DxeReportStatusCodeLib\DxeReportStatusCodeLib.inf
r:\myworkspace\MdePkg\Library\UefiDevicePathLib\UefiDevicePathLib.inf
r:\myworkspace\MdeModulePkg\Library\DxeCoreMemoryAllocationLib\DxeCoreMemoryAllocationLib.inf
r:\myworkspace\MdePkg\Library\DxeCoreEntryPoint\DxeCoreEntryPoint.inf
r:\myworkspace\MdePkg\Library\DxeCoreHobLib\DxeCoreHobLib.inf
r:\myworkspace\MdeModulePkg\Library\DxeDebugPrintErrorLevelLib\DxeDebugPrintErrorLevelLib.inf
r:\myworkspace\MdePkg\Library\DxeExtractGuidedSectionLib\DxeExtractGuidedSectionLib.inf
r:\myworkspace\Nt32Pkg\Library\DxeNt32PeCoffExtraActionLib\DxeNt32PeCoffExtraActionLib.inf
r:\myworkspace\MdePkg\Library\DxeServicesLib\DxeServicesLib.inf
r:\myworkspace\MdeModulePkg\Library\CpuExceptionHandlerLibNull\CpuExceptionHandlerLibNull.inf
r:\myworkspace\MdeModulePkg\Library\DxeCrc32GuidedSectionExtractLib\DxeCrc32GuidedSectionExtractLib.inf
r:\myworkspace\MdePkg\Library\UefiMemoryAllocationLib\UefiMemoryAllocationLib.inf
r:\myworkspace\MdePkg\Library\UefiDriverEntryPoint\UefiDriverEntryPoint.inf
r:\myworkspace\MdePkg\Library\DxePcdLib\DxePcdLib.inf
r:\myworkspace\Nt32Pkg\Library\DxeWinNtLib\DxeWinNtLib.inf
r:\myworkspace\MdePkg\Library\UefiRuntimeLib\UefiRuntimeLib.inf
r:\myworkspace\MdePkg\Library\DxeServicesTableLib\DxeServicesTableLib.inf
r:\myworkspace\MdeModulePkg\Library\DxeSecurityManagementLib\DxeSecurityManagementLib.inf
r:\myworkspace\MdeModulePkg\Library\UefiHiiServicesLib\UefiHiiServicesLib.inf
r:\myworkspace\MdeModulePkg\Library\UefiHiiLib\UefiHiiLib.inf
r:\myworkspace\Nt32Pkg\Library\DxeNt32OemHookStatusCodeLib\DxeNt32OemHookStatusCodeLib.inf
r:\myworkspace\MdeModulePkg\Library\VarCheckLib\VarCheckLib.inf
r:\myworkspace\MdeModulePkg\Library\TpmMeasurementLibNull\TpmMeasurementLibNull.inf
r:\myworkspace\MdeModulePkg\Library\AuthVariableLibNull\AuthVariableLibNull.inf
r:\myworkspace\MdeModulePkg\Library\VarCheckUefiLib\VarCheckUefiLib.inf
r:\myworkspace\MdeModulePkg\Library\DxeCapsuleLibNull\DxeCapsuleLibNull.inf
r:\myworkspace\MdePkg\Library\UefiScsiLib\UefiScsiLib.inf
r:\myworkspace\MdeModulePkg\Library\DxePrintLibPrint2Protocol\DxePrintLibPrint2Protocol.inf
r:\myworkspace\MdePkg\Library\UefiApplicationEntryPoint\UefiApplicationEntryPoint.inf
r:\myworkspace\MdeModulePkg\Library\DxeNetLib\DxeNetLib.inf
r:\myworkspace\MdeModulePkg\Library\DxeDpcLib\DxeDpcLib.inf
r:\myworkspace\MdeModulePkg\Library\DxeUdpIoLib\DxeUdpIoLib.inf
r:\myworkspace\MdeModulePkg\Library\DxeIpIoLib\DxeIpIoLib.inf
r:\myworkspace\MdeModulePkg\Library\DxeHttpLib\DxeHttpLib.inf
r:\myworkspace\MdeModulePkg\Library\BaseSortLib\BaseSortLib.inf
r:\myworkspace\MdeModulePkg\Library\UefiBootManagerLib\UefiBootManagerLib.inf
r:\myworkspace\Nt32Pkg\Library\PlatformBootManagerLib\PlatformBootManagerLib.inf
r:\myworkspace\MdeModulePkg\Library\CustomizedDisplayLib\CustomizedDisplayLib.inf
r:\myworkspace\Nt32Pkg\Sec\SecMain.inf
r:\myworkspace\MdeModulePkg\Core\Pei\PeiMain.inf
r:\myworkspace\MdeModulePkg\Universal\PCD\Pei\Pcd.inf
r:\myworkspace\MdeModulePkg\Universal\ReportStatusCodeRouter\Pei\ReportStatusCodeRouterPei.inf
r:\myworkspace\MdeModulePkg\Universal\StatusCodeHandler\Pei\StatusCodeHandlerPei.inf
r:\myworkspace\Nt32Pkg\WinNtOemHookStatusCodeHandlerPei\WinNtOemHookStatusCodeHandlerPei.inf
r:\myworkspace\Nt32Pkg\BootModePei\BootModePei.inf
r:\myworkspace\Nt32Pkg\StallPei\StallPei.inf
r:\myworkspace\Nt32Pkg\WinNtFlashMapPei\WinNtFlashMapPei.inf
r:\myworkspace\MdeModulePkg\Universal\FaultTolerantWritePei\FaultTolerantWritePei.inf
r:\myworkspace\MdeModulePkg\Universal\Variable\Pei\VariablePei.inf
r:\myworkspace\Nt32Pkg\WinNtAutoScanPei\WinNtAutoScanPei.inf
r:\myworkspace\Nt32Pkg\WinNtFirmwareVolumePei\WinNtFirmwareVolumePei.inf
r:\myworkspace\Nt32Pkg\WinNtThunkPPIToProtocolPei\WinNtThunkPPIToProtocolPei.inf
r:\myworkspace\MdeModulePkg\Core\DxeIplPeim\DxeIpl.inf
r:\myworkspace\MdeModulePkg\Core\Dxe\DxeMain.inf
r:\myworkspace\MdeModulePkg\Universal\PCD\Dxe\Pcd.inf
r:\myworkspace\Nt32Pkg\MetronomeDxe\MetronomeDxe.inf
r:\myworkspace\Nt32Pkg\RealTimeClockRuntimeDxe\RealTimeClockRuntimeDxe.inf
r:\myworkspace\Nt32Pkg\ResetRuntimeDxe\ResetRuntimeDxe.inf
r:\myworkspace\MdeModulePkg\Core\RuntimeDxe\RuntimeDxe.inf
r:\myworkspace\Nt32Pkg\FvbServicesRuntimeDxe\FvbServicesRuntimeDxe.inf
r:\myworkspace\MdeModulePkg\Universal\SecurityStubDxe\SecurityStubDxe.inf
r:\myworkspace\MdeModulePkg\Universal\SmbiosDxe\SmbiosDxe.inf
r:\myworkspace\MdeModulePkg\Universal\EbcDxe\EbcDxe.inf
r:\myworkspace\MdeModulePkg\Universal\MemoryTest\NullMemoryTestDxe\NullMemoryTestDxe.inf
r:\myworkspace\Nt32Pkg\WinNtThunkDxe\WinNtThunkDxe.inf
r:\myworkspace\Nt32Pkg\CpuRuntimeDxe\CpuRuntimeDxe.inf
r:\myworkspace\MdeModulePkg\Universal\FaultTolerantWriteDxe\FaultTolerantWriteDxe.inf
r:\myworkspace\Nt32Pkg\MiscSubClassPlatformDxe\MiscSubClassPlatformDxe.inf
r:\myworkspace\Nt32Pkg\TimerDxe\TimerDxe.inf
r:\myworkspace\MdeModulePkg\Universal\ReportStatusCodeRouter\RuntimeDxe\ReportStatusCodeRouterRuntimeDxe.inf
r:\myworkspace\MdeModulePkg\Universal\StatusCodeHandler\RuntimeDxe\StatusCodeHandlerRuntimeDxe.inf
r:\myworkspace\Nt32Pkg\WinNtOemHookStatusCodeHandlerDxe\WinNtOemHookStatusCodeHandlerDxe.inf
r:\myworkspace\MdeModulePkg\Universal\Variable\RuntimeDxe\VariableRuntimeDxe.inf
r:\myworkspace\MdeModulePkg\Universal\WatchdogTimerDxe\WatchdogTimer.inf
r:\myworkspace\MdeModulePkg\Universal\MonotonicCounterRuntimeDxe\MonotonicCounterRuntimeDxe.inf
r:\myworkspace\MdeModulePkg\Universal\CapsuleRuntimeDxe\CapsuleRuntimeDxe.inf
r:\myworkspace\MdeModulePkg\Universal\Console\ConPlatformDxe\ConPlatformDxe.inf
r:\myworkspace\MdeModulePkg\Universal\Console\ConSplitterDxe\ConSplitterDxe.inf
r:\myworkspace\MdeModulePkg\Universal\Console\GraphicsConsoleDxe\GraphicsConsoleDxe.inf
r:\myworkspace\MdeModulePkg\Universal\Console\TerminalDxe\TerminalDxe.inf
r:\myworkspace\MdeModulePkg\Universal\DevicePathDxe\DevicePathDxe.inf
r:\myworkspace\MdeModulePkg\Universal\Disk\DiskIoDxe\DiskIoDxe.inf
r:\myworkspace\MdeModulePkg\Universal\Disk\PartitionDxe\PartitionDxe.inf
r:\myworkspace\MdeModulePkg\Universal\Disk\UnicodeCollation\EnglishDxe\EnglishDxe.inf
r:\myworkspace\MdeModulePkg\Bus\Pci\PciBusDxe\PciBusDxe.inf
r:\myworkspace\MdeModulePkg\Bus\Scsi\ScsiBusDxe\ScsiBusDxe.inf
r:\myworkspace\MdeModulePkg\Bus\Scsi\ScsiDiskDxe\ScsiDiskDxe.inf
r:\myworkspace\IntelFrameworkModulePkg\Bus\Pci\IdeBusDxe\IdeBusDxe.inf
r:\myworkspace\Nt32Pkg\WinNtBusDriverDxe\WinNtBusDriverDxe.inf
r:\myworkspace\Nt32Pkg\WinNtBlockIoDxe\WinNtBlockIoDxe.inf
r:\myworkspace\Nt32Pkg\WinNtSerialIoDxe\WinNtSerialIoDxe.inf
r:\myworkspace\Nt32Pkg\WinNtGopDxe\WinNtGopDxe.inf
r:\myworkspace\Nt32Pkg\WinNtSimpleFileSystemDxe\WinNtSimpleFileSystemDxe.inf
r:\myworkspace\MdeModulePkg\Application\HelloWorld\HelloWorld.inf
r:\myworkspace\MdeModulePkg\Universal\Network\DpcDxe\DpcDxe.inf
r:\myworkspace\MdeModulePkg\Universal\Network\ArpDxe\ArpDxe.inf
r:\myworkspace\MdeModulePkg\Universal\Network\Dhcp4Dxe\Dhcp4Dxe.inf
r:\myworkspace\MdeModulePkg\Universal\Network\Ip4Dxe\Ip4Dxe.inf
r:\myworkspace\MdeModulePkg\Universal\Network\MnpDxe\MnpDxe.inf
r:\myworkspace\MdeModulePkg\Universal\Network\VlanConfigDxe\VlanConfigDxe.inf
r:\myworkspace\MdeModulePkg\Universal\Network\Mtftp4Dxe\Mtftp4Dxe.inf
r:\myworkspace\MdeModulePkg\Universal\Network\Tcp4Dxe\Tcp4Dxe.inf
r:\myworkspace\MdeModulePkg\Universal\Network\Udp4Dxe\Udp4Dxe.inf
r:\myworkspace\MdeModulePkg\Universal\Network\UefiPxeBcDxe\UefiPxeBcDxe.inf
r:\myworkspace\Nt32Pkg\SnpNt32Dxe\SnpNt32Dxe.inf
r:\myworkspace\MdeModulePkg\Universal\Network\IScsiDxe\IScsiDxe.inf
r:\myworkspace\NetworkPkg\HttpBootDxe\HttpBootDxe.inf
r:\myworkspace\NetworkPkg\DnsDxe\DnsDxe.inf
r:\myworkspace\NetworkPkg\HttpDxe\HttpDxe.inf
r:\myworkspace\NetworkPkg\HttpUtilitiesDxe\HttpUtilitiesDxe.inf
r:\myworkspace\MdeModulePkg\Universal\BdsDxe\BdsDxe.inf
r:\myworkspace\MdeModulePkg\Application\UiApp\UiApp.inf
r:\myworkspace\MdeModulePkg\Universal\DriverHealthManagerDxe\DriverHealthManagerDxe.inf
r:\myworkspace\MdeModulePkg\Universal\HiiDatabaseDxe\HiiDatabaseDxe.inf
r:\myworkspace\MdeModulePkg\Universal\DisplayEngineDxe\DisplayEngineDxe.inf
r:\myworkspace\MdeModulePkg\Universal\SetupBrowserDxe\SetupBrowserDxe.inf
r:\myworkspace\MdeModulePkg\Universal\PrintDxe\PrintDxe.inf
r:\myworkspace\MdeModulePkg\Universal\DriverSampleDxe\DriverSampleDxe.inf
r:\myworkspace\MdeModulePkg\Application\VariableInfo\VariableInfo.inf
r:\myworkspace\MdeModulePkg\Universal\PlatformDriOverrideDxe\PlatformDriOverrideDxe.inf
